/COM,ANSYS RELEASE 2020 R2           BUILD 20.2      UP20200601       01:11:03

 *** WARNING ***                         CP =       0.250   TIME= 01:11:15
 The geometry is not available.  Issue the RESUME command to restore the 
 database.  The NUMVAR command is ignored.                               
/COM,ANSYS RELEASE 2020 R2           BUILD 20.2      UP20200601       01:12:24

 *** WARNING ***                         CP =       0.219   TIME= 01:12:35
 The geometry is not available.  Issue the RESUME command to restore the 
 database.  The NUMVAR command is ignored.                               
/COM,ANSYS RELEASE 2020 R2           BUILD 20.2      UP20200601       01:13:40

 *** WARNING ***                         CP =       0.297   TIME= 01:13:51
 The geometry is not available.  Issue the RESUME command to restore the 
 database.  The NUMVAR command is ignored.                               
/COM,ANSYS RELEASE 2020 R2           BUILD 20.2      UP20200601       01:15:08

 *** WARNING ***                         CP =       0.266   TIME= 01:15:19
 The geometry is not available.  Issue the RESUME command to restore the 
 database.  The NUMVAR command is ignored.                               
/COM,ANSYS RELEASE 2020 R2           BUILD 20.2      UP20200601       01:15:56

 *** WARNING ***                         CP =       0.328   TIME= 01:16:07
 The geometry is not available.  Issue the RESUME command to restore the 
 database.  The NUMVAR command is ignored.                               
/COM,ANSYS RELEASE 2020 R2           BUILD 20.2      UP20200601       01:18:37

 *** WARNING ***                         CP =       0.328   TIME= 01:18:48
 The geometry is not available.  Issue the RESUME command to restore the 
 database.  The NUMVAR command is ignored.                               
/COM,ANSYS RELEASE 2020 R2           BUILD 20.2      UP20200601       01:29:06

 *** WARNING ***                         CP =       0.297   TIME= 01:29:18
 The geometry is not available.  Issue the RESUME command to restore the 
 database.  The NUMVAR command is ignored.                               

 *** WARNING ***                         CP =       0.312   TIME= 01:29:18
 Altering the abort level key is not recommended.                        
/COM,ANSYS RELEASE 2020 R2           BUILD 20.2      UP20200601       01:32:29

 *** WARNING ***                         CP =       0.344   TIME= 01:32:41
 The geometry is not available.  Issue the RESUME command to restore the 
 database.  The NUMVAR command is ignored.                               

 *** WARNING ***                         CP =       0.375   TIME= 01:32:41
 Altering the abort level key is not recommended.                        
/COM,ANSYS RELEASE 2020 R2           BUILD 20.2      UP20200601       01:34:48

 *** WARNING ***                         CP =       0.344   TIME= 01:34:59
 The geometry is not available.  Issue the RESUME command to restore the 
 database.  The NUMVAR command is ignored.                               

 *** WARNING ***                         CP =       0.344   TIME= 01:34:59
 Altering the abort level key is not recommended.                        
/COM,ANSYS RELEASE 2020 R2           BUILD 20.2      UP20200601       01:35:32

 *** WARNING ***                         CP =       0.250   TIME= 01:35:43
 The geometry is not available.  Issue the RESUME command to restore the 
 database.  The NUMVAR command is ignored.                               

 *** WARNING ***                         CP =       0.281   TIME= 01:35:43
 Altering the abort level key is not recommended.                        
/COM,ANSYS RELEASE 2020 R2           BUILD 20.2      UP20200601       10:15:12

 *** WARNING ***                         CP =       0.203   TIME= 10:15:27
 The geometry is not available.  Issue the RESUME command to restore the 
 database.  The NUMVAR command is ignored.                               

 *** WARNING ***                         CP =       0.234   TIME= 10:15:27
 Altering the abort level key is not recommended.                        
/COM,ANSYS RELEASE 2020 R2           BUILD 20.2      UP20200601       10:16:38

 *** WARNING ***                         CP =       0.266   TIME= 10:16:48
 The geometry is not available.  Issue the RESUME command to restore the 
 database.  The NUMVAR command is ignored.                               

 *** WARNING ***                         CP =       0.281   TIME= 10:16:48
 Altering the abort level key is not recommended.                        
/COM,ANSYS RELEASE 2020 R2           BUILD 20.2      UP20200601       10:18:43

 *** WARNING ***                         CP =       0.297   TIME= 10:18:54
 The geometry is not available.  Issue the RESUME command to restore the 
 database.  The NUMVAR command is ignored.                               

 *** WARNING ***                         CP =       0.312   TIME= 10:18:54
 Altering the abort level key is not recommended.                        
/COM,ANSYS RELEASE 2020 R2           BUILD 20.2      UP20200601       10:41:57

 *** WARNING ***                         CP =       0.375   TIME= 10:42:08
 The geometry is not available.  Issue the RESUME command to restore the 
 database.  The NUMVAR command is ignored.                               

 *** WARNING ***                         CP =       0.375   TIME= 10:42:08
 Altering the abort level key is not recommended.                        
/COM,ANSYS RELEASE 2020 R2           BUILD 20.2      UP20200601       10:42:59

 *** WARNING ***                         CP =       0.219   TIME= 10:43:00
 The geometry is not available.  Issue the RESUME command to restore the 
 database.  The NUMVAR command is ignored.                               
/COM,ANSYS RELEASE 2020 R2           BUILD 20.2      UP20200601       10:43:39

 *** WARNING ***                         CP =       0.188   TIME= 10:43:40
 The geometry is not available.  Issue the RESUME command to restore the 
 database.  The NUMVAR command is ignored.                               
/COM,ANSYS RELEASE 2020 R2           BUILD 20.2      UP20200601       10:48:38

 *** WARNING ***                         CP =       0.219   TIME= 10:48:39
 The geometry is not available.  Issue the RESUME command to restore the 
 database.  The NUMVAR command is ignored.                               
/COM,ANSYS RELEASE 2020 R2           BUILD 20.2      UP20200601       10:49:05

 *** WARNING ***                         CP =       0.141   TIME= 10:49:06
 The geometry is not available.  Issue the RESUME command to restore the 
 database.  The NUMVAR command is ignored.                               
/COM,ANSYS RELEASE 2020 R2           BUILD 20.2      UP20200601       10:49:50

 *** WARNING ***                         CP =       0.172   TIME= 10:49:51
 The geometry is not available.  Issue the RESUME command to restore the 
 database.  The NUMVAR command is ignored.                               
/COM,ANSYS RELEASE 2020 R2           BUILD 20.2      UP20200601       10:55:46

 *** WARNING ***                         CP =       0.203   TIME= 10:55:47
 The geometry is not available.  Issue the RESUME command to restore the 
 database.  The NUMVAR command is ignored.                               
/COM,ANSYS RELEASE 2020 R2           BUILD 20.2      UP20200601       10:59:47

 *** WARNING ***                         CP =       0.188   TIME= 10:59:48
 The geometry is not available.  Issue the RESUME command to restore the 
 database.  The NUMVAR command is ignored.                               

 *** WARNING ***                         CP =       0.188   TIME= 10:59:48
 Altering the abort level key is not recommended.                        
/COM,ANSYS RELEASE 2020 R2           BUILD 20.2      UP20200601       11:07:18

 *** WARNING ***                         CP =       0.156   TIME= 11:07:19
 The geometry is not available.  Issue the RESUME command to restore the 
 database.  The NUMVAR command is ignored.                               

 *** WARNING ***                         CP =       0.172   TIME= 11:07:19
 Altering the abort level key is not recommended.                        
/COM,ANSYS RELEASE 2020 R2           BUILD 20.2      UP20200601       11:09:18

 *** WARNING ***                         CP =       0.234   TIME= 11:09:19
 The geometry is not available.  Issue the RESUME command to restore the 
 database.  The NUMVAR command is ignored.                               
/COM,ANSYS RELEASE 2020 R2           BUILD 20.2      UP20200601       11:09:53

 *** WARNING ***                         CP =       0.172   TIME= 11:09:54
 The geometry is not available.  Issue the RESUME command to restore the 
 database.  The NUMVAR command is ignored.                               

 *** WARNING ***                         CP =       0.172   TIME= 11:09:54
 Altering the abort level key is not recommended.                        
/COM,ANSYS RELEASE 2020 R2           BUILD 20.2      UP20200601       11:10:23

 *** WARNING ***                         CP =       0.156   TIME= 11:10:24
 The geometry is not available.  Issue the RESUME command to restore the 
 database.  The NUMVAR command is ignored.                               
/COM,ANSYS RELEASE 2020 R2           BUILD 20.2      UP20200601       11:13:24

 *** WARNING ***                         CP =       0.297   TIME= 11:13:34
 The geometry is not available.  Issue the RESUME command to restore the 
 database.  The NUMVAR command is ignored.                               

 *** WARNING ***                         CP =       0.297   TIME= 11:13:34
 Altering the abort level key is not recommended.                        
/COM,ANSYS RELEASE 2020 R2           BUILD 20.2      UP20200601       12:32:21

 *** WARNING ***                         CP =       0.156   TIME= 12:32:23
 The geometry is not available.  Issue the RESUME command to restore the 
 database.  The NUMVAR command is ignored.                               
/COM,ANSYS RELEASE 2020 R2           BUILD 20.2      UP20200601       12:32:33

 *** WARNING ***                         CP =       0.172   TIME= 12:32:34
 The geometry is not available.  Issue the RESUME command to restore the 
 database.  The NUMVAR command is ignored.                               

 *** WARNING ***                         CP =       0.188   TIME= 12:32:34
 Altering the abort level key is not recommended.                        
/COM,ANSYS RELEASE 2020 R2           BUILD 20.2      UP20200601       12:34:05

 *** WARNING ***                         CP =       0.156   TIME= 12:34:06
 The geometry is not available.  Issue the RESUME command to restore the 
 database.  The NUMVAR command is ignored.                               

 *** WARNING ***                         CP =       0.156   TIME= 12:34:06
 Altering the abort level key is not recommended.                        
/COM,ANSYS RELEASE 2020 R2           BUILD 20.2      UP20200601       12:35:18

 *** WARNING ***                         CP =       0.266   TIME= 12:35:29
 The geometry is not available.  Issue the RESUME command to restore the 
 database.  The NUMVAR command is ignored.                               

 *** WARNING ***                         CP =       0.281   TIME= 12:35:29
 Altering the abort level key is not recommended.                        
/COM,ANSYS RELEASE 2020 R2           BUILD 20.2      UP20200601       12:35:59

 *** WARNING ***                         CP =       0.109   TIME= 12:36:00
 The geometry is not available.  Issue the RESUME command to restore the 
 database.  The NUMVAR command is ignored.                               

 *** WARNING ***                         CP =       0.109   TIME= 12:36:00
 Altering the abort level key is not recommended.                        
/COM,ANSYS RELEASE 2020 R2           BUILD 20.2      UP20200601       12:42:09

 *** WARNING ***                         CP =       0.203   TIME= 12:42:10
 The geometry is not available.  Issue the RESUME command to restore the 
 database.  The NUMVAR command is ignored.                               
/COM,ANSYS RELEASE 2020 R2           BUILD 20.2      UP20200601       12:46:26

 *** WARNING ***                         CP =       0.266   TIME= 12:46:27
 The geometry is not available.  Issue the RESUME command to restore the 
 database.  The NUMVAR command is ignored.                               

 *** WARNING ***                         CP =       0.266   TIME= 12:46:27
 Altering the abort level key is not recommended.                        
/COM,ANSYS RELEASE 2020 R2           BUILD 20.2      UP20200601       12:47:34

 *** WARNING ***                         CP =       0.188   TIME= 12:47:35
 The geometry is not available.  Issue the RESUME command to restore the 
 database.  The NUMVAR command is ignored.                               

 *** WARNING ***                         CP =       0.203   TIME= 12:47:35
 Altering the abort level key is not recommended.                        
/COM,ANSYS RELEASE 2020 R2           BUILD 20.2      UP20200601       12:58:42

 *** WARNING ***                         CP =       0.156   TIME= 12:58:43
 The geometry is not available.  Issue the RESUME command to restore the 
 database.  The NUMVAR command is ignored.                               

 *** WARNING ***                         CP =       0.172   TIME= 12:58:43
 Altering the abort level key is not recommended.                        
/COM,ANSYS RELEASE 2020 R2           BUILD 20.2      UP20200601       13:05:10

 *** WARNING ***                         CP =       0.141   TIME= 13:05:10
 The geometry is not available.  Issue the RESUME command to restore the 
 database.  The NUMVAR command is ignored.                               

 *** WARNING ***                         CP =       0.172   TIME= 13:05:10
 Altering the abort level key is not recommended.                        
/COM,ANSYS RELEASE 2020 R2           BUILD 20.2      UP20200601       13:06:05

 *** WARNING ***                         CP =       0.188   TIME= 13:06:06
 The geometry is not available.  Issue the RESUME command to restore the 
 database.  The NUMVAR command is ignored.                               
/COM,ANSYS RELEASE 2020 R2           BUILD 20.2      UP20200601       13:09:46

 *** WARNING ***                         CP =       0.172   TIME= 13:09:47
 The geometry is not available.  Issue the RESUME command to restore the 
 database.  The NUMVAR command is ignored.                               

 *** WARNING ***                         CP =       0.172   TIME= 13:09:47
 Altering the abort level key is not recommended.                        

 *** WARNING ***                         CP =       0.281   TIME= 13:09:47
 *DO loop FVAL value is undefined: (ELEMSUM).  Using default (0).        
/COM,ANSYS RELEASE 2020 R2           BUILD 20.2      UP20200601       13:24:35

 *** WARNING ***                         CP =       0.234   TIME= 13:24:46
 The geometry is not available.  Issue the RESUME command to restore the 
 database.  The NUMVAR command is ignored.                               

 *** WARNING ***                         CP =       0.250   TIME= 13:24:46
 Altering the abort level key is not recommended.                        

 *** WARNING ***                         CP =       0.281   TIME= 13:24:47
 *DO loop FVAL value is undefined: (ELEMSUM).  Using default (0).        

 *** WARNING ***                         CP =       0.281   TIME= 13:24:47
 No *DO trips needed, enter *ENDDO .                                     

 *** WARNING ***                         CP =       0.281   TIME= 13:24:47
 *DO loop FVAL value is undefined: (ELEMSUM).  Using default (0).        

 *** WARNING ***                         CP =       0.281   TIME= 13:24:47
 No *DO trips needed, enter *ENDDO .                                     
/COM,ANSYS RELEASE 2020 R2           BUILD 20.2      UP20200601       13:26:00

 *** WARNING ***                         CP =       0.188   TIME= 13:26:01
 The geometry is not available.  Issue the RESUME command to restore the 
 database.  The NUMVAR command is ignored.                               

 *** WARNING ***                         CP =       0.188   TIME= 13:26:01
 Altering the abort level key is not recommended.                        

 *** WARNING ***                         CP =       0.250   TIME= 13:26:01
 Poisson's ratio NU set for material 1 deleted.                          

 *** WARNING ***                         CP =       2.031   TIME= 13:27:19
 *DO loop FVAL value is undefined: (ELEMSUM).  Using default (0).        

 *** WARNING ***                         CP =       2.031   TIME= 13:27:19
 No *DO trips needed, enter *ENDDO .                                     
/COM,ANSYS RELEASE 2020 R2           BUILD 20.2      UP20200601       13:33:41

 *** WARNING ***                         CP =       0.156   TIME= 13:33:42
 The geometry is not available.  Issue the RESUME command to restore the 
 database.  The NUMVAR command is ignored.                               
/COM,ANSYS RELEASE 2020 R2           BUILD 20.2      UP20200601       13:34:44

 *** WARNING ***                         CP =       0.125   TIME= 13:34:45
 The geometry is not available.  Issue the RESUME command to restore the 
 database.  The NUMVAR command is ignored.                               
/COM,ANSYS RELEASE 2020 R2           BUILD 20.2      UP20200601       13:35:23

 *** WARNING ***                         CP =       0.266   TIME= 13:35:34
 The geometry is not available.  Issue the RESUME command to restore the 
 database.  The NUMVAR command is ignored.                               

 *** WARNING ***                         CP =       0.266   TIME= 13:35:34
 Altering the abort level key is not recommended.                        
/COM,ANSYS RELEASE 2020 R2           BUILD 20.2      UP20200601       16:40:22

 *** WARNING ***                         CP =       0.141   TIME= 16:40:23
 The geometry is not available.  Issue the RESUME command to restore the 
 database.  The NUMVAR command is ignored.                               

 *** WARNING ***                         CP =       0.156   TIME= 16:40:23
 Altering the abort level key is not recommended.                        

 *** WARNING ***                         CP =       0.375   TIME= 16:40:24
 Poisson's ratio NU set for material 1 deleted.                          
/COM,ANSYS RELEASE 2020 R2           BUILD 20.2      UP20200601       17:43:46

 *** WARNING ***                         CP =       0.125   TIME= 17:43:48
 The geometry is not available.  Issue the RESUME command to restore the 
 database.  The NUMVAR command is ignored.                               

 *** WARNING ***                         CP =       0.125   TIME= 17:43:48
 Altering the abort level key is not recommended.                        

 *** WARNING ***                         CP =       0.234   TIME= 17:43:48
 Poisson's ratio NU set for material 1 deleted.                          

 *** WARNING ***                         CP =       2.812   TIME= 17:45:02
 *DO loop FVAL value is undefined: (ELEMSUM).  Using default (0).        

 *** WARNING ***                         CP =       2.812   TIME= 17:45:02
 No *DO trips needed, enter *ENDDO .                                     
/COM,ANSYS RELEASE 2020 R2           BUILD 20.2      UP20200601       17:47:03

 *** WARNING ***                         CP =       0.203   TIME= 17:47:04
 The geometry is not available.  Issue the RESUME command to restore the 
 database.  The NUMVAR command is ignored.                               

 *** WARNING ***                         CP =       0.203   TIME= 17:47:04
 Altering the abort level key is not recommended.                        

 *** WARNING ***                         CP =       0.359   TIME= 17:47:05
 Poisson's ratio NU set for material 1 deleted.                          

 *** WARNING ***                         CP =       2.516   TIME= 17:48:18
 *DO loop FVAL value is undefined: (ELEMSUM).  Using default (0).        

 *** WARNING ***                         CP =       2.516   TIME= 17:48:18
 No *DO trips needed, enter *ENDDO .                                     
/COM,ANSYS RELEASE 2020 R2           BUILD 20.2      UP20200601       17:50:26

 *** WARNING ***                         CP =       0.141   TIME= 17:50:27
 The geometry is not available.  Issue the RESUME command to restore the 
 database.  The NUMVAR command is ignored.                               
/COM,ANSYS RELEASE 2020 R2           BUILD 20.2      UP20200601       17:51:51

 *** WARNING ***                         CP =       0.125   TIME= 17:51:52
 The geometry is not available.  Issue the RESUME command to restore the 
 database.  The NUMVAR command is ignored.                               

 *** WARNING ***                         CP =       0.141   TIME= 17:51:52
 Altering the abort level key is not recommended.                        

 *** WARNING ***                         CP =       0.188   TIME= 17:51:52
 Poisson's ratio NU set for material 1 deleted.                          

 *** WARNING ***                         CP =       0.188   TIME= 17:51:53
 Previous testing revealed that 5 of the 3005 selected elements violate  
 shape warning limits.  To review warning messages, please see the       
 output or error file, or issue the CHECK command.                       
/COM,ANSYS RELEASE 2020 R2           BUILD 20.2      UP20200601       17:53:10

 *** WARNING ***                         CP =       0.188   TIME= 17:53:11
 The geometry is not available.  Issue the RESUME command to restore the 
 database.  The NUMVAR command is ignored.                               

 *** WARNING ***                         CP =       0.188   TIME= 17:53:11
 Altering the abort level key is not recommended.                        

 *** WARNING ***                         CP =       0.328   TIME= 17:53:11
 Poisson's ratio NU set for material 1 deleted.                          

 *** WARNING ***                         CP =       0.344   TIME= 17:53:11
 Previous testing revealed that 5 of the 3005 selected elements violate  
 shape warning limits.  To review warning messages, please see the       
 output or error file, or issue the CHECK command.                       
/COM,ANSYS RELEASE 2020 R2           BUILD 20.2      UP20200601       17:56:34

 *** WARNING ***                         CP =       0.219   TIME= 17:56:35
 The geometry is not available.  Issue the RESUME command to restore the 
 database.  The NUMVAR command is ignored.                               

 *** WARNING ***                         CP =       0.234   TIME= 17:56:35
 Altering the abort level key is not recommended.                        

 *** WARNING ***                         CP =       0.391   TIME= 17:56:35
 Item SENE has not been stored in the database.  The ETABLE command is   
 ignored.                                                                
/COM,ANSYS RELEASE 2020 R2           BUILD 20.2      UP20200601       18:00:50

 *** WARNING ***                         CP =       0.219   TIME= 18:00:51
 The geometry is not available.  Issue the RESUME command to restore the 
 database.  The NUMVAR command is ignored.                               

 *** WARNING ***                         CP =       0.219   TIME= 18:00:51
 Altering the abort level key is not recommended.                        

 *** WARNING ***                         CP =       0.391   TIME= 18:00:52
 Item SENE has not been stored in the database.  The ETABLE command is   
 ignored.                                                                
/COM,ANSYS RELEASE 2020 R2           BUILD 20.2      UP20200601       18:01:08

 *** WARNING ***                         CP =       0.125   TIME= 18:01:09
 The geometry is not available.  Issue the RESUME command to restore the 
 database.  The NUMVAR command is ignored.                               

 *** WARNING ***                         CP =       0.125   TIME= 18:01:09
 Altering the abort level key is not recommended.                        

 *** WARNING ***                         CP =       0.406   TIME= 18:01:10
 Item SENE has not been stored in the database.  The ETABLE command is   
 ignored.                                                                
/COM,ANSYS RELEASE 2020 R2           BUILD 20.2      UP20200601       18:58:01

 *** WARNING ***                         CP =       0.203   TIME= 18:58:02
 The geometry is not available.  Issue the RESUME command to restore the 
 database.  The NUMVAR command is ignored.                               

 *** WARNING ***                         CP =       0.219   TIME= 18:58:02
 Altering the abort level key is not recommended.                        
/COM,ANSYS RELEASE 2020 R2           BUILD 20.2      UP20200601       18:59:18

 *** WARNING ***                         CP =       0.266   TIME= 18:59:29
 The geometry is not available.  Issue the RESUME command to restore the 
 database.  The NUMVAR command is ignored.                               

 *** WARNING ***                         CP =       0.266   TIME= 18:59:29
 Altering the abort level key is not recommended.                        
/COM,ANSYS RELEASE 2020 R2           BUILD 20.2      UP20200601       19:00:06

 *** WARNING ***                         CP =       0.141   TIME= 19:00:07
 The geometry is not available.  Issue the RESUME command to restore the 
 database.  The NUMVAR command is ignored.                               

 *** WARNING ***                         CP =       0.141   TIME= 19:00:07
 Altering the abort level key is not recommended.                        
/COM,ANSYS RELEASE 2020 R2           BUILD 20.2      UP20200601       19:02:18

 *** WARNING ***                         CP =       0.141   TIME= 19:02:19
 The geometry is not available.  Issue the RESUME command to restore the 
 database.  The NUMVAR command is ignored.                               

 *** WARNING ***                         CP =       0.141   TIME= 19:02:19
 Altering the abort level key is not recommended.                        
/COM,ANSYS RELEASE 2020 R2           BUILD 20.2      UP20200601       19:06:05

 *** WARNING ***                         CP =       0.156   TIME= 19:06:06
 The geometry is not available.  Issue the RESUME command to restore the 
 database.  The NUMVAR command is ignored.                               

 *** WARNING ***                         CP =       0.156   TIME= 19:06:06
 Altering the abort level key is not recommended.                        

 *** WARNING ***                         CP =       0.203   TIME= 19:06:07
 Poisson's ratio PR set for material 1 deleted.                          
/COM,ANSYS RELEASE 2020 R2           BUILD 20.2      UP20200601       21:05:21

 *** WARNING ***                         CP =       0.109   TIME= 21:05:22
 The geometry is not available.  Issue the RESUME command to restore the 
 database.  The NUMVAR command is ignored.                               

 *** WARNING ***                         CP =       0.109   TIME= 21:05:22
 Altering the abort level key is not recommended.                        

 *** WARNING ***                         CP =       0.172   TIME= 21:05:23
 Poisson's ratio PR set for material 1 deleted.                          

 *** WARNING ***                         CP =       0.172   TIME= 21:05:23
 Previous testing revealed that 5 of the 3005 selected elements violate  
 shape warning limits.  To review warning messages, please see the       
 output or error file, or issue the CHECK command.                       
/COM,ANSYS RELEASE 2020 R2           BUILD 20.2      UP20200601       21:08:08

 *** WARNING ***                         CP =       0.156   TIME= 21:08:09
 The geometry is not available.  Issue the RESUME command to restore the 
 database.  The NUMVAR command is ignored.                               

 *** WARNING ***                         CP =       0.156   TIME= 21:08:09
 Altering the abort level key is not recommended.                        

 *** WARNING ***                         CP =       0.219   TIME= 21:08:10
 Poisson's ratio PR set for material 1 deleted.                          
/COM,ANSYS RELEASE 2020 R2           BUILD 20.2      UP20200601       21:18:13

 *** WARNING ***                         CP =       0.125   TIME= 21:18:14
 The geometry is not available.  Issue the RESUME command to restore the 
 database.  The NUMVAR command is ignored.                               

 *** WARNING ***                         CP =       0.125   TIME= 21:18:14
 Altering the abort level key is not recommended.                        

 *** WARNING ***                         CP =       0.219   TIME= 21:18:14
 Poisson's ratio PR set for material 1 deleted.                          
/COM,ANSYS RELEASE 2020 R2           BUILD 20.2      UP20200601       21:18:51

 *** WARNING ***                         CP =       0.203   TIME= 21:18:52
 The geometry is not available.  Issue the RESUME command to restore the 
 database.  The NUMVAR command is ignored.                               

 *** WARNING ***                         CP =       0.219   TIME= 21:18:52
 Altering the abort level key is not recommended.                        

 *** WARNING ***                         CP =       0.375   TIME= 21:18:53
 Poisson's ratio PR set for material 1 deleted.                          
/COM,ANSYS RELEASE 2020 R2           BUILD 20.2      UP20200601       21:38:46

 *** WARNING ***                         CP =       0.156   TIME= 21:38:57
 The geometry is not available.  Issue the RESUME command to restore the 
 database.  The NUMVAR command is ignored.                               

 *** WARNING ***                         CP =       0.156   TIME= 21:38:57
 Altering the abort level key is not recommended.                        

 *** WARNING ***                         CP =       0.281   TIME= 21:38:57
 Poisson's ratio PR set for material 1 deleted.                          
/COM,ANSYS RELEASE 2020 R2           BUILD 20.2      UP20200601       21:41:22

 *** WARNING ***                         CP =       0.172   TIME= 21:41:33
 The geometry is not available.  Issue the RESUME command to restore the 
 database.  The NUMVAR command is ignored.                               

 *** WARNING ***                         CP =       0.172   TIME= 21:41:33
 Altering the abort level key is not recommended.                        

 *** WARNING ***                         CP =       0.312   TIME= 21:41:34
 Poisson's ratio PR set for material 1 deleted.                          
/COM,ANSYS RELEASE 2020 R2           BUILD 20.2      UP20200601       21:43:27

 *** WARNING ***                         CP =       0.250   TIME= 21:43:38
 The geometry is not available.  Issue the RESUME command to restore the 
 database.  The NUMVAR command is ignored.                               

 *** WARNING ***                         CP =       0.250   TIME= 21:43:38
 Altering the abort level key is not recommended.                        

 *** WARNING ***                         CP =       0.344   TIME= 21:43:39
 Poisson's ratio PR set for material 1 deleted.                          
/COM,ANSYS RELEASE 2020 R2           BUILD 20.2      UP20200601       21:46:49

 *** WARNING ***                         CP =       0.109   TIME= 21:46:50
 The geometry is not available.  Issue the RESUME command to restore the 
 database.  The NUMVAR command is ignored.                               

 *** WARNING ***                         CP =       0.141   TIME= 21:46:50
 Altering the abort level key is not recommended.                        

 *** WARNING ***                         CP =       0.359   TIME= 21:46:51
 Poisson's ratio NU set for material 1 deleted.                          
/COM,ANSYS RELEASE 2020 R2           BUILD 20.2      UP20200601       21:48:43

 *** WARNING ***                         CP =       0.094   TIME= 21:48:44
 The geometry is not available.  Issue the RESUME command to restore the 
 database.  The NUMVAR command is ignored.                               

 *** WARNING ***                         CP =       0.109   TIME= 21:48:44
 Altering the abort level key is not recommended.                        

 *** WARNING ***                         CP =       0.234   TIME= 21:48:45
 Poisson's ratio NU set for material 1 deleted.                          
/COM,ANSYS RELEASE 2020 R2           BUILD 20.2      UP20200601       21:53:38

 *** WARNING ***                         CP =       0.188   TIME= 21:53:39
 The geometry is not available.  Issue the RESUME command to restore the 
 database.  The NUMVAR command is ignored.                               

 *** WARNING ***                         CP =       0.188   TIME= 21:53:39
 Altering the abort level key is not recommended.                        

 *** WARNING ***                         CP =       0.297   TIME= 21:53:39
 Poisson's ratio NU set for material 1 deleted.                          
/COM,ANSYS RELEASE 2020 R2           BUILD 20.2      UP20200601       21:57:48

 *** WARNING ***                         CP =       0.156   TIME= 21:57:49
 The geometry is not available.  Issue the RESUME command to restore the 
 database.  The NUMVAR command is ignored.                               

 *** WARNING ***                         CP =       0.156   TIME= 21:57:49
 Altering the abort level key is not recommended.                        

 *** WARNING ***                         CP =       0.359   TIME= 21:57:49
 Poisson's ratio NU set for material 1 deleted.                          
/COM,ANSYS RELEASE 2020 R2           BUILD 20.2      UP20200601       22:08:17

 *** WARNING ***                         CP =       0.172   TIME= 22:08:18
 The geometry is not available.  Issue the RESUME command to restore the 
 database.  The NUMVAR command is ignored.                               

 *** WARNING ***                         CP =       0.172   TIME= 22:08:18
 Altering the abort level key is not recommended.                        

 *** WARNING ***                         CP =       0.266   TIME= 22:08:19
 Poisson's ratio NU set for material 1 deleted.                          
/COM,ANSYS RELEASE 2020 R2           BUILD 20.2      UP20200601       22:11:52

 *** WARNING ***                         CP =       0.203   TIME= 22:11:53
 The geometry is not available.  Issue the RESUME command to restore the 
 database.  The NUMVAR command is ignored.                               

 *** WARNING ***                         CP =       0.219   TIME= 22:11:53
 Altering the abort level key is not recommended.                        

 *** WARNING ***                         CP =       0.406   TIME= 22:11:53
 Poisson's ratio NU set for material 1 deleted.                          
/COM,ANSYS RELEASE 2020 R2           BUILD 20.2      UP20200601       22:15:06

 *** WARNING ***                         CP =       0.188   TIME= 22:15:07
 The geometry is not available.  Issue the RESUME command to restore the 
 database.  The NUMVAR command is ignored.                               

 *** WARNING ***                         CP =       0.188   TIME= 22:15:07
 Altering the abort level key is not recommended.                        

 *** WARNING ***                         CP =       0.297   TIME= 22:15:08
 Poisson's ratio NU set for material 1 deleted.                          
/COM,ANSYS RELEASE 2020 R2           BUILD 20.2      UP20200601       22:18:07

 *** WARNING ***                         CP =       0.109   TIME= 22:18:08
 The geometry is not available.  Issue the RESUME command to restore the 
 database.  The NUMVAR command is ignored.                               

 *** WARNING ***                         CP =       0.125   TIME= 22:18:08
 Altering the abort level key is not recommended.                        

 *** WARNING ***                         CP =       0.312   TIME= 22:18:09
 Poisson's ratio NU set for material 1 deleted.                          
/COM,ANSYS RELEASE 2020 R2           BUILD 20.2      UP20200601       22:20:35

 *** WARNING ***                         CP =       0.203   TIME= 22:20:36
 The geometry is not available.  Issue the RESUME command to restore the 
 database.  The NUMVAR command is ignored.                               

 *** WARNING ***                         CP =       0.203   TIME= 22:20:36
 Altering the abort level key is not recommended.                        

 *** WARNING ***                         CP =       0.328   TIME= 22:20:37
 Poisson's ratio NU set for material 1 deleted.                          
/COM,ANSYS RELEASE 2020 R2           BUILD 20.2      UP20200601       22:39:12

 *** WARNING ***                         CP =       0.172   TIME= 22:39:13
 The geometry is not available.  Issue the RESUME command to restore the 
 database.  The NUMVAR command is ignored.                               

 *** WARNING ***                         CP =       0.172   TIME= 22:39:13
 Altering the abort level key is not recommended.                        

 *** WARNING ***                         CP =       0.375   TIME= 22:39:14
 Poisson's ratio NU set for material 1 deleted.                          
/COM,ANSYS RELEASE 2020 R2           BUILD 20.2      UP20200601       22:44:04

 *** WARNING ***                         CP =       0.094   TIME= 22:44:05
 The geometry is not available.  Issue the RESUME command to restore the 
 database.  The NUMVAR command is ignored.                               

 *** WARNING ***                         CP =       0.125   TIME= 22:44:05
 Altering the abort level key is not recommended.                        

 *** WARNING ***                         CP =       0.297   TIME= 22:44:06
 Poisson's ratio NU set for material 1 deleted.                          
/COM,ANSYS RELEASE 2020 R2           BUILD 20.2      UP20200601       22:55:48

 *** WARNING ***                         CP =       0.109   TIME= 22:55:49
 The geometry is not available.  Issue the RESUME command to restore the 
 database.  The NUMVAR command is ignored.                               

 *** WARNING ***                         CP =       0.125   TIME= 22:55:49
 Altering the abort level key is not recommended.                        

 *** WARNING ***                         CP =       0.281   TIME= 22:55:49
 Poisson's ratio NU set for material 1 deleted.                          
/COM,ANSYS RELEASE 2020 R2           BUILD 20.2      UP20200601       23:02:37

 *** WARNING ***                         CP =       0.125   TIME= 23:02:38
 The geometry is not available.  Issue the RESUME command to restore the 
 database.  The NUMVAR command is ignored.                               

 *** WARNING ***                         CP =       0.125   TIME= 23:02:38
 Altering the abort level key is not recommended.                        

 *** WARNING ***                         CP =       0.828   TIME= 23:02:57
 Item SENE has not been stored in the database.  The ETABLE command is   
 ignored.                                                                
/COM,ANSYS RELEASE 2020 R2           BUILD 20.2      UP20200601       23:06:21

 *** WARNING ***                         CP =       0.156   TIME= 23:06:22
 The geometry is not available.  Issue the RESUME command to restore the 
 database.  The NUMVAR command is ignored.                               

 *** WARNING ***                         CP =       0.188   TIME= 23:06:22
 Altering the abort level key is not recommended.                        

 *** WARNING ***                         CP =       2.438   TIME= 23:06:39
 Item SENE has not been stored in the database.  The ETABLE command is   
 ignored.                                                                
/COM,ANSYS RELEASE 2020 R2           BUILD 20.2      UP20200601       23:09:42

 *** WARNING ***                         CP =       0.156   TIME= 23:09:43
 The geometry is not available.  Issue the RESUME command to restore the 
 database.  The NUMVAR command is ignored.                               

 *** WARNING ***                         CP =       0.156   TIME= 23:09:43
 Altering the abort level key is not recommended.                        

 *** WARNING ***                         CP =       1.641   TIME= 23:10:34
 Item SENE has not been stored in the database.  The ETABLE command is   
 ignored.                                                                
/COM,ANSYS RELEASE 2020 R2           BUILD 20.2      UP20200601       23:17:18

 *** WARNING ***                         CP =       0.188   TIME= 23:17:19
 The geometry is not available.  Issue the RESUME command to restore the 
 database.  The NUMVAR command is ignored.                               

 *** WARNING ***                         CP =       0.219   TIME= 23:17:19
 Altering the abort level key is not recommended.                        

 *** WARNING ***                         CP =       1.000   TIME= 23:18:43
 Item SENE has not been stored in the database.  The ETABLE command is   
 ignored.                                                                
/COM,ANSYS RELEASE 2020 R2           BUILD 20.2      UP20200601       23:19:41

 *** WARNING ***                         CP =       0.141   TIME= 23:19:42
 The geometry is not available.  Issue the RESUME command to restore the 
 database.  The NUMVAR command is ignored.                               

 *** WARNING ***                         CP =       0.156   TIME= 23:19:42
 Altering the abort level key is not recommended.                        

 *** WARNING ***                         CP =       0.953   TIME= 23:20:21
 Item SENE has not been stored in the database.  The ETABLE command is   
 ignored.                                                                
/COM,ANSYS RELEASE 2020 R2           BUILD 20.2      UP20200601       23:23:04

 *** WARNING ***                         CP =       0.297   TIME= 23:23:15
 The geometry is not available.  Issue the RESUME command to restore the 
 database.  The NUMVAR command is ignored.                               
/COM,ANSYS RELEASE 2020 R2           BUILD 20.2      UP20200601       23:28:01

 *** WARNING ***                         CP =       0.156   TIME= 23:28:02
 The geometry is not available.  Issue the RESUME command to restore the 
 database.  The NUMVAR command is ignored.                               

 *** WARNING ***                         CP =       0.188   TIME= 23:28:02
 Altering the abort level key is not recommended.                        
/COM,ANSYS RELEASE 2020 R2           BUILD 20.2      UP20200601       23:31:34

 *** WARNING ***                         CP =       0.188   TIME= 23:31:35
 The geometry is not available.  Issue the RESUME command to restore the 
 database.  The NUMVAR command is ignored.                               
/COM,ANSYS RELEASE 2020 R2           BUILD 20.2      UP20200601       23:52:24

 *** WARNING ***                         CP =       0.141   TIME= 23:52:35
 The geometry is not available.  Issue the RESUME command to restore the 
 database.  The NUMVAR command is ignored.                               

 *** WARNING ***                         CP =       0.141   TIME= 23:52:35
 Altering the abort level key is not recommended.                        
/COM,ANSYS RELEASE 2020 R2           BUILD 20.2      UP20200601       00:05:03

 *** WARNING ***                         CP =       0.094   TIME= 00:05:04
 The geometry is not available.  Issue the RESUME command to restore the 
 database.  The NUMVAR command is ignored.                               

 *** WARNING ***                         CP =       0.094   TIME= 00:05:04
 Altering the abort level key is not recommended.                        
/COM,ANSYS RELEASE 2020 R2           BUILD 20.2      UP20200601       00:12:29

 *** WARNING ***                         CP =       0.125   TIME= 00:12:30
 The geometry is not available.  Issue the RESUME command to restore the 
 database.  The NUMVAR command is ignored.                               

 *** WARNING ***                         CP =       0.125   TIME= 00:12:30
 Altering the abort level key is not recommended.                        
/COM,ANSYS RELEASE 2020 R2           BUILD 20.2      UP20200601       00:25:10
/COM,ANSYS RELEASE 2020 R2           BUILD 20.2      UP20200601       00:25:28
/COM,ANSYS RELEASE 2020 R2           BUILD 20.2      UP20200601       00:26:00
/COM,ANSYS RELEASE 2020 R2           BUILD 20.2      UP20200601       00:26:42
/COM,ANSYS RELEASE 2020 R2           BUILD 20.2      UP20200601       00:27:09
/COM,ANSYS RELEASE 2020 R2           BUILD 20.2      UP20200601       00:27:42
/COM,ANSYS RELEASE 2020 R2           BUILD 20.2      UP20200601       00:29:37
/COM,ANSYS RELEASE 2020 R2           BUILD 20.2      UP20200601       00:29:52
/COM,ANSYS RELEASE 2020 R2           BUILD 20.2      UP20200601       00:30:18
/COM,ANSYS RELEASE 2020 R2           BUILD 20.2      UP20200601       00:30:56
/COM,ANSYS RELEASE 2020 R2           BUILD 20.2      UP20200601       00:34:15
/COM,ANSYS RELEASE 2020 R2           BUILD 20.2      UP20200601       00:34:29
/COM,ANSYS RELEASE 2020 R2           BUILD 20.2      UP20200601       01:00:45
/COM,ANSYS RELEASE 2020 R2           BUILD 20.2      UP20200601       01:03:15
/COM,ANSYS RELEASE 2020 R2           BUILD 20.2      UP20200601       01:10:18
/COM,ANSYS RELEASE 2020 R2           BUILD 20.2      UP20200601       01:10:59
/COM,ANSYS RELEASE 2020 R2           BUILD 20.2      UP20200601       01:43:51
/COM,ANSYS RELEASE 2020 R2           BUILD 20.2      UP20200601       01:44:38
/COM,ANSYS RELEASE 2020 R2           BUILD 20.2      UP20200601       01:45:52
/COM,ANSYS RELEASE 2020 R2           BUILD 20.2      UP20200601       01:47:12
/COM,ANSYS RELEASE 2020 R2           BUILD 20.2      UP20200601       01:47:28
/COM,ANSYS RELEASE 2020 R2           BUILD 20.2      UP20200601       01:50:36
/COM,ANSYS RELEASE 2020 R2           BUILD 20.2      UP20200601       01:51:39
/COM,ANSYS RELEASE 2020 R2           BUILD 20.2      UP20200601       01:52:30
/COM,ANSYS RELEASE 2020 R2           BUILD 20.2      UP20200601       01:55:44
/COM,ANSYS RELEASE 2020 R2           BUILD 20.2      UP20200601       01:57:48
/COM,ANSYS RELEASE 2020 R2           BUILD 20.2      UP20200601       01:59:25
/COM,ANSYS RELEASE 2020 R2           BUILD 20.2      UP20200601       02:08:58
/COM,ANSYS RELEASE 2020 R2           BUILD 20.2      UP20200601       02:09:17
/COM,ANSYS RELEASE 2020 R2           BUILD 20.2      UP20200601       02:11:57
/COM,ANSYS RELEASE 2020 R2           BUILD 20.2      UP20200601       02:12:15
/COM,ANSYS RELEASE 2020 R2           BUILD 20.2      UP20200601       02:13:32
/COM,ANSYS RELEASE 2020 R2           BUILD 20.2      UP20200601       02:13:59
/COM,ANSYS RELEASE 2020 R2           BUILD 20.2      UP20200601       02:18:53
/COM,ANSYS RELEASE 2020 R2           BUILD 20.2      UP20200601       02:19:12
/COM,ANSYS RELEASE 2020 R2           BUILD 20.2      UP20200601       02:35:39
/COM,ANSYS RELEASE 2020 R2           BUILD 20.2      UP20200601       02:37:09
/COM,ANSYS RELEASE 2020 R2           BUILD 20.2      UP20200601       02:39:53
/COM,ANSYS RELEASE 2020 R2           BUILD 20.2      UP20200601       02:40:07
/COM,ANSYS RELEASE 2020 R2           BUILD 20.2      UP20200601       10:26:38
/COM,ANSYS RELEASE 2020 R2           BUILD 20.2      UP20200601       10:26:55
/COM,ANSYS RELEASE 2020 R2           BUILD 20.2      UP20200601       10:28:47
/COM,ANSYS RELEASE 2020 R2           BUILD 20.2      UP20200601       10:29:00
/COM,ANSYS RELEASE 2020 R2           BUILD 20.2      UP20200601       10:29:07
/COM,ANSYS RELEASE 2020 R2           BUILD 20.2      UP20200601       13:25:55
/COM,ANSYS RELEASE 2020 R2           BUILD 20.2      UP20200601       13:30:29
/COM,ANSYS RELEASE 2020 R2           BUILD 20.2      UP20200601       13:57:20
/COM,ANSYS RELEASE 2020 R2           BUILD 20.2      UP20200601       14:01:01
/COM,ANSYS RELEASE 2020 R2           BUILD 20.2      UP20200601       14:05:35
/COM,ANSYS RELEASE 2020 R2           BUILD 20.2      UP20200601       14:12:57
/COM,ANSYS RELEASE 2020 R2           BUILD 20.2      UP20200601       14:14:09
/COM,ANSYS RELEASE 2020 R2           BUILD 20.2      UP20200601       16:34:02
/COM,ANSYS RELEASE 2020 R2           BUILD 20.2      UP20200601       16:39:22
/COM,ANSYS RELEASE 2020 R2           BUILD 20.2      UP20200601       18:28:33
/COM,ANSYS RELEASE 2020 R2           BUILD 20.2      UP20200601       18:29:50
/COM,ANSYS RELEASE 2020 R2           BUILD 20.2      UP20200601       18:32:53
/COM,ANSYS RELEASE 2020 R2           BUILD 20.2      UP20200601       18:52:25
/COM,ANSYS RELEASE 2020 R2           BUILD 20.2      UP20200601       19:13:37
/COM,ANSYS RELEASE 2020 R2           BUILD 20.2      UP20200601       19:15:29
/COM,ANSYS RELEASE 2020 R2           BUILD 20.2      UP20200601       19:24:22
/COM,ANSYS RELEASE 2020 R2           BUILD 20.2      UP20200601       19:26:01
/COM,ANSYS RELEASE 2020 R2           BUILD 20.2      UP20200601       19:27:20
/COM,ANSYS RELEASE 2020 R2           BUILD 20.2      UP20200601       19:27:39
/COM,ANSYS RELEASE 2020 R2           BUILD 20.2      UP20200601       19:28:27
/COM,ANSYS RELEASE 2020 R2           BUILD 20.2      UP20200601       19:31:30
/COM,ANSYS RELEASE 2020 R2           BUILD 20.2      UP20200601       19:32:02
/COM,ANSYS RELEASE 2020 R2           BUILD 20.2      UP20200601       19:40:59
/COM,ANSYS RELEASE 2020 R2           BUILD 20.2      UP20200601       19:48:31
/COM,ANSYS RELEASE 2020 R2           BUILD 20.2      UP20200601       19:56:25
/COM,ANSYS RELEASE 2020 R2           BUILD 20.2      UP20200601       20:02:57
/COM,ANSYS RELEASE 2020 R2           BUILD 20.2      UP20200601       20:06:23
/COM,ANSYS RELEASE 2020 R2           BUILD 20.2      UP20200601       20:06:56
/COM,ANSYS RELEASE 2020 R2           BUILD 20.2      UP20200601       20:07:29
/COM,ANSYS RELEASE 2020 R2           BUILD 20.2      UP20200601       20:23:16
/COM,ANSYS RELEASE 2020 R2           BUILD 20.2      UP20200601       20:42:34
/COM,ANSYS RELEASE 2020 R2           BUILD 20.2      UP20200601       20:44:11
/COM,ANSYS RELEASE 2020 R2           BUILD 20.2      UP20200601       16:40:14
