/COM,ANSYS RELEASE 2020 R2           BUILD 20.2      UP20200601       13:26:14

 *** WARNING ***                         CP =       0.188   TIME= 13:28:29
 During this session the elapsed time exceeds the CPU time by 53973%.    
 Often this indicates either a lack of physical memory (RAM) required    
 to efficiently handle this simulation or it indicates a particularly    
 slow hard drive configuration.  This simulation can be expected to run  
 faster on identical hardware if additional RAM or a faster hard drive   
 configuration is made available.  For more details, please see the      
 ANSYS Performance Guide which is part of the ANSYS Help system.         
/COM,ANSYS RELEASE 2020 R2           BUILD 20.2      UP20200601       13:30:41
/COM,ANSYS RELEASE 2020 R2           BUILD 20.2      UP20200601       13:30:45
/COM,ANSYS RELEASE 2020 R2           BUILD 20.2      UP20200601       13:31:42
/COM,ANSYS RELEASE 2020 R2           BUILD 20.2      UP20200601       13:31:55
/COM,ANSYS RELEASE 2020 R2           BUILD 20.2      UP20200601       13:32:27
/COM,ANSYS RELEASE 2020 R2           BUILD 20.2      UP20200601       13:32:39
/COM,ANSYS RELEASE 2020 R2           BUILD 20.2      UP20200601       13:32:53
/COM,ANSYS RELEASE 2020 R2           BUILD 20.2      UP20200601       13:33:09
/COM,ANSYS RELEASE 2020 R2           BUILD 20.2      UP20200601       13:33:33
/COM,ANSYS RELEASE 2020 R2           BUILD 20.2      UP20200601       13:33:49
/COM,ANSYS RELEASE 2020 R2           BUILD 20.2      UP20200601       13:34:01
/COM,ANSYS RELEASE 2020 R2           BUILD 20.2      UP20200601       13:34:03
/COM,ANSYS RELEASE 2020 R2           BUILD 20.2      UP20200601       13:34:05
/COM,ANSYS RELEASE 2020 R2           BUILD 20.2      UP20200601       13:34:08
/COM,ANSYS RELEASE 2020 R2           BUILD 20.2      UP20200601       13:34:10
/COM,ANSYS RELEASE 2020 R2           BUILD 20.2      UP20200601       13:34:12
/COM,ANSYS RELEASE 2020 R2           BUILD 20.2      UP20200601       13:34:15
/COM,ANSYS RELEASE 2020 R2           BUILD 20.2      UP20200601       13:34:17
/COM,ANSYS RELEASE 2020 R2           BUILD 20.2      UP20200601       13:34:19
/COM,ANSYS RELEASE 2020 R2           BUILD 20.2      UP20200601       13:34:22
/COM,ANSYS RELEASE 2020 R2           BUILD 20.2      UP20200601       13:34:24
/COM,ANSYS RELEASE 2020 R2           BUILD 20.2      UP20200601       13:34:26
/COM,ANSYS RELEASE 2020 R2           BUILD 20.2      UP20200601       13:34:29
/COM,ANSYS RELEASE 2020 R2           BUILD 20.2      UP20200601       13:34:31
/COM,ANSYS RELEASE 2020 R2           BUILD 20.2      UP20200601       13:34:34
/COM,ANSYS RELEASE 2020 R2           BUILD 20.2      UP20200601       13:34:36
/COM,ANSYS RELEASE 2020 R2           BUILD 20.2      UP20200601       13:34:38
/COM,ANSYS RELEASE 2020 R2           BUILD 20.2      UP20200601       13:34:41
/COM,ANSYS RELEASE 2020 R2           BUILD 20.2      UP20200601       13:34:43
/COM,ANSYS RELEASE 2020 R2           BUILD 20.2      UP20200601       13:34:45
/COM,ANSYS RELEASE 2020 R2           BUILD 20.2      UP20200601       13:34:48
/COM,ANSYS RELEASE 2020 R2           BUILD 20.2      UP20200601       13:34:50
/COM,ANSYS RELEASE 2020 R2           BUILD 20.2      UP20200601       13:34:52
/COM,ANSYS RELEASE 2020 R2           BUILD 20.2      UP20200601       13:34:55
/COM,ANSYS RELEASE 2020 R2           BUILD 20.2      UP20200601       13:34:57
/COM,ANSYS RELEASE 2020 R2           BUILD 20.2      UP20200601       13:35:00
/COM,ANSYS RELEASE 2020 R2           BUILD 20.2      UP20200601       13:35:02
/COM,ANSYS RELEASE 2020 R2           BUILD 20.2      UP20200601       13:35:04
/COM,ANSYS RELEASE 2020 R2           BUILD 20.2      UP20200601       13:35:07
/COM,ANSYS RELEASE 2020 R2           BUILD 20.2      UP20200601       13:35:09
/COM,ANSYS RELEASE 2020 R2           BUILD 20.2      UP20200601       13:35:11
/COM,ANSYS RELEASE 2020 R2           BUILD 20.2      UP20200601       13:35:14
/COM,ANSYS RELEASE 2020 R2           BUILD 20.2      UP20200601       13:35:16
/COM,ANSYS RELEASE 2020 R2           BUILD 20.2      UP20200601       13:35:18
/COM,ANSYS RELEASE 2020 R2           BUILD 20.2      UP20200601       13:35:21
/COM,ANSYS RELEASE 2020 R2           BUILD 20.2      UP20200601       13:35:23
/COM,ANSYS RELEASE 2020 R2           BUILD 20.2      UP20200601       13:35:25
/COM,ANSYS RELEASE 2020 R2           BUILD 20.2      UP20200601       13:35:28
/COM,ANSYS RELEASE 2020 R2           BUILD 20.2      UP20200601       13:35:30
/COM,ANSYS RELEASE 2020 R2           BUILD 20.2      UP20200601       13:35:32
/COM,ANSYS RELEASE 2020 R2           BUILD 20.2      UP20200601       13:35:35
/COM,ANSYS RELEASE 2020 R2           BUILD 20.2      UP20200601       13:35:37
/COM,ANSYS RELEASE 2020 R2           BUILD 20.2      UP20200601       13:35:39
/COM,ANSYS RELEASE 2020 R2           BUILD 20.2      UP20200601       13:35:42
/COM,ANSYS RELEASE 2020 R2           BUILD 20.2      UP20200601       13:35:44
/COM,ANSYS RELEASE 2020 R2           BUILD 20.2      UP20200601       13:35:46
/COM,ANSYS RELEASE 2020 R2           BUILD 20.2      UP20200601       13:35:48
/COM,ANSYS RELEASE 2020 R2           BUILD 20.2      UP20200601       13:35:51
/COM,ANSYS RELEASE 2020 R2           BUILD 20.2      UP20200601       13:35:53
/COM,ANSYS RELEASE 2020 R2           BUILD 20.2      UP20200601       13:35:56
/COM,ANSYS RELEASE 2020 R2           BUILD 20.2      UP20200601       13:35:58
/COM,ANSYS RELEASE 2020 R2           BUILD 20.2      UP20200601       13:36:00
/COM,ANSYS RELEASE 2020 R2           BUILD 20.2      UP20200601       13:36:03
/COM,ANSYS RELEASE 2020 R2           BUILD 20.2      UP20200601       13:36:05
/COM,ANSYS RELEASE 2020 R2           BUILD 20.2      UP20200601       13:36:07
/COM,ANSYS RELEASE 2020 R2           BUILD 20.2      UP20200601       13:36:09
/COM,ANSYS RELEASE 2020 R2           BUILD 20.2      UP20200601       13:36:12
/COM,ANSYS RELEASE 2020 R2           BUILD 20.2      UP20200601       13:36:14
/COM,ANSYS RELEASE 2020 R2           BUILD 20.2      UP20200601       13:36:16
/COM,ANSYS RELEASE 2020 R2           BUILD 20.2      UP20200601       13:36:19
/COM,ANSYS RELEASE 2020 R2           BUILD 20.2      UP20200601       13:36:21
/COM,ANSYS RELEASE 2020 R2           BUILD 20.2      UP20200601       13:36:23
/COM,ANSYS RELEASE 2020 R2           BUILD 20.2      UP20200601       13:36:25
/COM,ANSYS RELEASE 2020 R2           BUILD 20.2      UP20200601       13:36:27
/COM,ANSYS RELEASE 2020 R2           BUILD 20.2      UP20200601       13:36:29
/COM,ANSYS RELEASE 2020 R2           BUILD 20.2      UP20200601       13:36:31
/COM,ANSYS RELEASE 2020 R2           BUILD 20.2      UP20200601       13:36:33
/COM,ANSYS RELEASE 2020 R2           BUILD 20.2      UP20200601       13:36:35
/COM,ANSYS RELEASE 2020 R2           BUILD 20.2      UP20200601       13:36:37
/COM,ANSYS RELEASE 2020 R2           BUILD 20.2      UP20200601       13:36:40
/COM,ANSYS RELEASE 2020 R2           BUILD 20.2      UP20200601       13:36:42
/COM,ANSYS RELEASE 2020 R2           BUILD 20.2      UP20200601       13:36:44
/COM,ANSYS RELEASE 2020 R2           BUILD 20.2      UP20200601       13:36:47
/COM,ANSYS RELEASE 2020 R2           BUILD 20.2      UP20200601       13:36:49
/COM,ANSYS RELEASE 2020 R2           BUILD 20.2      UP20200601       13:36:51
/COM,ANSYS RELEASE 2020 R2           BUILD 20.2      UP20200601       13:36:54
/COM,ANSYS RELEASE 2020 R2           BUILD 20.2      UP20200601       13:36:56
/COM,ANSYS RELEASE 2020 R2           BUILD 20.2      UP20200601       13:36:58
/COM,ANSYS RELEASE 2020 R2           BUILD 20.2      UP20200601       13:37:01
/COM,ANSYS RELEASE 2020 R2           BUILD 20.2      UP20200601       13:37:03
/COM,ANSYS RELEASE 2020 R2           BUILD 20.2      UP20200601       13:37:05
/COM,ANSYS RELEASE 2020 R2           BUILD 20.2      UP20200601       13:37:08
/COM,ANSYS RELEASE 2020 R2           BUILD 20.2      UP20200601       13:37:10
/COM,ANSYS RELEASE 2020 R2           BUILD 20.2      UP20200601       13:37:12
/COM,ANSYS RELEASE 2020 R2           BUILD 20.2      UP20200601       13:37:15
/COM,ANSYS RELEASE 2020 R2           BUILD 20.2      UP20200601       13:37:17
/COM,ANSYS RELEASE 2020 R2           BUILD 20.2      UP20200601       13:37:19
/COM,ANSYS RELEASE 2020 R2           BUILD 20.2      UP20200601       13:37:22
/COM,ANSYS RELEASE 2020 R2           BUILD 20.2      UP20200601       13:37:24
/COM,ANSYS RELEASE 2020 R2           BUILD 20.2      UP20200601       13:37:25
/COM,ANSYS RELEASE 2020 R2           BUILD 20.2      UP20200601       13:37:27
/COM,ANSYS RELEASE 2020 R2           BUILD 20.2      UP20200601       13:37:29
/COM,ANSYS RELEASE 2020 R2           BUILD 20.2      UP20200601       13:37:31
/COM,ANSYS RELEASE 2020 R2           BUILD 20.2      UP20200601       13:37:33
/COM,ANSYS RELEASE 2020 R2           BUILD 20.2      UP20200601       13:37:35
/COM,ANSYS RELEASE 2020 R2           BUILD 20.2      UP20200601       13:37:37
/COM,ANSYS RELEASE 2020 R2           BUILD 20.2      UP20200601       13:37:39
/COM,ANSYS RELEASE 2020 R2           BUILD 20.2      UP20200601       13:37:40
/COM,ANSYS RELEASE 2020 R2           BUILD 20.2      UP20200601       13:37:43
/COM,ANSYS RELEASE 2020 R2           BUILD 20.2      UP20200601       13:37:45
/COM,ANSYS RELEASE 2020 R2           BUILD 20.2      UP20200601       13:37:47
/COM,ANSYS RELEASE 2020 R2           BUILD 20.2      UP20200601       13:37:49
/COM,ANSYS RELEASE 2020 R2           BUILD 20.2      UP20200601       13:37:50
/COM,ANSYS RELEASE 2020 R2           BUILD 20.2      UP20200601       13:37:53
/COM,ANSYS RELEASE 2020 R2           BUILD 20.2      UP20200601       13:37:55
/COM,ANSYS RELEASE 2020 R2           BUILD 20.2      UP20200601       13:37:57
/COM,ANSYS RELEASE 2020 R2           BUILD 20.2      UP20200601       13:37:59
/COM,ANSYS RELEASE 2020 R2           BUILD 20.2      UP20200601       13:38:02
/COM,ANSYS RELEASE 2020 R2           BUILD 20.2      UP20200601       13:38:04
/COM,ANSYS RELEASE 2020 R2           BUILD 20.2      UP20200601       13:38:07
/COM,ANSYS RELEASE 2020 R2           BUILD 20.2      UP20200601       13:38:09
/COM,ANSYS RELEASE 2020 R2           BUILD 20.2      UP20200601       13:38:11
/COM,ANSYS RELEASE 2020 R2           BUILD 20.2      UP20200601       13:38:14
/COM,ANSYS RELEASE 2020 R2           BUILD 20.2      UP20200601       13:38:16
/COM,ANSYS RELEASE 2020 R2           BUILD 20.2      UP20200601       13:38:18
/COM,ANSYS RELEASE 2020 R2           BUILD 20.2      UP20200601       13:38:20
/COM,ANSYS RELEASE 2020 R2           BUILD 20.2      UP20200601       13:38:22
/COM,ANSYS RELEASE 2020 R2           BUILD 20.2      UP20200601       13:38:24
/COM,ANSYS RELEASE 2020 R2           BUILD 20.2      UP20200601       13:38:26
/COM,ANSYS RELEASE 2020 R2           BUILD 20.2      UP20200601       13:38:28
/COM,ANSYS RELEASE 2020 R2           BUILD 20.2      UP20200601       13:38:30
/COM,ANSYS RELEASE 2020 R2           BUILD 20.2      UP20200601       13:38:33
/COM,ANSYS RELEASE 2020 R2           BUILD 20.2      UP20200601       13:38:35
/COM,ANSYS RELEASE 2020 R2           BUILD 20.2      UP20200601       13:38:37
/COM,ANSYS RELEASE 2020 R2           BUILD 20.2      UP20200601       13:38:39
/COM,ANSYS RELEASE 2020 R2           BUILD 20.2      UP20200601       13:38:41
/COM,ANSYS RELEASE 2020 R2           BUILD 20.2      UP20200601       13:38:43
/COM,ANSYS RELEASE 2020 R2           BUILD 20.2      UP20200601       13:38:45
/COM,ANSYS RELEASE 2020 R2           BUILD 20.2      UP20200601       13:38:47
/COM,ANSYS RELEASE 2020 R2           BUILD 20.2      UP20200601       13:38:49
/COM,ANSYS RELEASE 2020 R2           BUILD 20.2      UP20200601       13:38:51
/COM,ANSYS RELEASE 2020 R2           BUILD 20.2      UP20200601       13:38:53
/COM,ANSYS RELEASE 2020 R2           BUILD 20.2      UP20200601       13:38:55
/COM,ANSYS RELEASE 2020 R2           BUILD 20.2      UP20200601       13:38:57
/COM,ANSYS RELEASE 2020 R2           BUILD 20.2      UP20200601       13:39:00
/COM,ANSYS RELEASE 2020 R2           BUILD 20.2      UP20200601       13:39:02
/COM,ANSYS RELEASE 2020 R2           BUILD 20.2      UP20200601       13:39:05
/COM,ANSYS RELEASE 2020 R2           BUILD 20.2      UP20200601       13:39:07
/COM,ANSYS RELEASE 2020 R2           BUILD 20.2      UP20200601       13:39:09
/COM,ANSYS RELEASE 2020 R2           BUILD 20.2      UP20200601       13:39:12
/COM,ANSYS RELEASE 2020 R2           BUILD 20.2      UP20200601       13:39:14
/COM,ANSYS RELEASE 2020 R2           BUILD 20.2      UP20200601       13:39:16
/COM,ANSYS RELEASE 2020 R2           BUILD 20.2      UP20200601       13:39:18
/COM,ANSYS RELEASE 2020 R2           BUILD 20.2      UP20200601       13:39:20
/COM,ANSYS RELEASE 2020 R2           BUILD 20.2      UP20200601       13:39:23
/COM,ANSYS RELEASE 2020 R2           BUILD 20.2      UP20200601       13:39:25
/COM,ANSYS RELEASE 2020 R2           BUILD 20.2      UP20200601       13:39:28
/COM,ANSYS RELEASE 2020 R2           BUILD 20.2      UP20200601       13:39:29
/COM,ANSYS RELEASE 2020 R2           BUILD 20.2      UP20200601       13:39:31
/COM,ANSYS RELEASE 2020 R2           BUILD 20.2      UP20200601       13:39:33
/COM,ANSYS RELEASE 2020 R2           BUILD 20.2      UP20200601       13:39:36
/COM,ANSYS RELEASE 2020 R2           BUILD 20.2      UP20200601       13:39:38
/COM,ANSYS RELEASE 2020 R2           BUILD 20.2      UP20200601       13:39:40
/COM,ANSYS RELEASE 2020 R2           BUILD 20.2      UP20200601       13:39:42
/COM,ANSYS RELEASE 2020 R2           BUILD 20.2      UP20200601       13:39:43
/COM,ANSYS RELEASE 2020 R2           BUILD 20.2      UP20200601       13:39:46
/COM,ANSYS RELEASE 2020 R2           BUILD 20.2      UP20200601       13:39:48
/COM,ANSYS RELEASE 2020 R2           BUILD 20.2      UP20200601       13:39:50
/COM,ANSYS RELEASE 2020 R2           BUILD 20.2      UP20200601       13:39:52
/COM,ANSYS RELEASE 2020 R2           BUILD 20.2      UP20200601       13:39:54
/COM,ANSYS RELEASE 2020 R2           BUILD 20.2      UP20200601       13:39:56
/COM,ANSYS RELEASE 2020 R2           BUILD 20.2      UP20200601       13:39:58
/COM,ANSYS RELEASE 2020 R2           BUILD 20.2      UP20200601       13:40:00
/COM,ANSYS RELEASE 2020 R2           BUILD 20.2      UP20200601       13:40:03
/COM,ANSYS RELEASE 2020 R2           BUILD 20.2      UP20200601       13:40:05
/COM,ANSYS RELEASE 2020 R2           BUILD 20.2      UP20200601       13:40:08
/COM,ANSYS RELEASE 2020 R2           BUILD 20.2      UP20200601       13:40:10
/COM,ANSYS RELEASE 2020 R2           BUILD 20.2      UP20200601       13:40:12
/COM,ANSYS RELEASE 2020 R2           BUILD 20.2      UP20200601       13:40:14
/COM,ANSYS RELEASE 2020 R2           BUILD 20.2      UP20200601       13:40:17
/COM,ANSYS RELEASE 2020 R2           BUILD 20.2      UP20200601       13:40:19
/COM,ANSYS RELEASE 2020 R2           BUILD 20.2      UP20200601       13:40:21
/COM,ANSYS RELEASE 2020 R2           BUILD 20.2      UP20200601       13:40:24
/COM,ANSYS RELEASE 2020 R2           BUILD 20.2      UP20200601       13:40:26
/COM,ANSYS RELEASE 2020 R2           BUILD 20.2      UP20200601       13:40:28
/COM,ANSYS RELEASE 2020 R2           BUILD 20.2      UP20200601       13:40:31
/COM,ANSYS RELEASE 2020 R2           BUILD 20.2      UP20200601       13:40:33
/COM,ANSYS RELEASE 2020 R2           BUILD 20.2      UP20200601       13:40:36
/COM,ANSYS RELEASE 2020 R2           BUILD 20.2      UP20200601       13:40:38
/COM,ANSYS RELEASE 2020 R2           BUILD 20.2      UP20200601       13:40:40
/COM,ANSYS RELEASE 2020 R2           BUILD 20.2      UP20200601       13:40:42
/COM,ANSYS RELEASE 2020 R2           BUILD 20.2      UP20200601       13:40:45
/COM,ANSYS RELEASE 2020 R2           BUILD 20.2      UP20200601       13:40:47
/COM,ANSYS RELEASE 2020 R2           BUILD 20.2      UP20200601       13:40:49
/COM,ANSYS RELEASE 2020 R2           BUILD 20.2      UP20200601       13:40:52
/COM,ANSYS RELEASE 2020 R2           BUILD 20.2      UP20200601       13:40:54
/COM,ANSYS RELEASE 2020 R2           BUILD 20.2      UP20200601       13:40:57
/COM,ANSYS RELEASE 2020 R2           BUILD 20.2      UP20200601       13:40:59
/COM,ANSYS RELEASE 2020 R2           BUILD 20.2      UP20200601       13:41:01
/COM,ANSYS RELEASE 2020 R2           BUILD 20.2      UP20200601       13:41:03
/COM,ANSYS RELEASE 2020 R2           BUILD 20.2      UP20200601       13:41:06
/COM,ANSYS RELEASE 2020 R2           BUILD 20.2      UP20200601       13:41:08
/COM,ANSYS RELEASE 2020 R2           BUILD 20.2      UP20200601       13:41:10
/COM,ANSYS RELEASE 2020 R2           BUILD 20.2      UP20200601       13:41:13
/COM,ANSYS RELEASE 2020 R2           BUILD 20.2      UP20200601       13:41:15
/COM,ANSYS RELEASE 2020 R2           BUILD 20.2      UP20200601       13:41:17
/COM,ANSYS RELEASE 2020 R2           BUILD 20.2      UP20200601       13:41:20
/COM,ANSYS RELEASE 2020 R2           BUILD 20.2      UP20200601       13:41:22
/COM,ANSYS RELEASE 2020 R2           BUILD 20.2      UP20200601       13:41:25
/COM,ANSYS RELEASE 2020 R2           BUILD 20.2      UP20200601       13:41:27
/COM,ANSYS RELEASE 2020 R2           BUILD 20.2      UP20200601       13:41:29
/COM,ANSYS RELEASE 2020 R2           BUILD 20.2      UP20200601       13:41:32
/COM,ANSYS RELEASE 2020 R2           BUILD 20.2      UP20200601       13:57:33
/COM,ANSYS RELEASE 2020 R2           BUILD 20.2      UP20200601       13:57:35
/COM,ANSYS RELEASE 2020 R2           BUILD 20.2      UP20200601       13:57:53
/COM,ANSYS RELEASE 2020 R2           BUILD 20.2      UP20200601       13:58:05
/COM,ANSYS RELEASE 2020 R2           BUILD 20.2      UP20200601       13:58:08
/COM,ANSYS RELEASE 2020 R2           BUILD 20.2      UP20200601       13:58:10
/COM,ANSYS RELEASE 2020 R2           BUILD 20.2      UP20200601       13:58:12
/COM,ANSYS RELEASE 2020 R2           BUILD 20.2      UP20200601       13:58:15
/COM,ANSYS RELEASE 2020 R2           BUILD 20.2      UP20200601       13:58:17
/COM,ANSYS RELEASE 2020 R2           BUILD 20.2      UP20200601       13:58:19
/COM,ANSYS RELEASE 2020 R2           BUILD 20.2      UP20200601       13:58:22
/COM,ANSYS RELEASE 2020 R2           BUILD 20.2      UP20200601       13:58:24
/COM,ANSYS RELEASE 2020 R2           BUILD 20.2      UP20200601       13:59:02
/COM,ANSYS RELEASE 2020 R2           BUILD 20.2      UP20200601       13:59:14
/COM,ANSYS RELEASE 2020 R2           BUILD 20.2      UP20200601       13:59:31
/COM,ANSYS RELEASE 2020 R2           BUILD 20.2      UP20200601       13:59:44
/COM,ANSYS RELEASE 2020 R2           BUILD 20.2      UP20200601       14:01:13
/COM,ANSYS RELEASE 2020 R2           BUILD 20.2      UP20200601       14:01:16
/COM,ANSYS RELEASE 2020 R2           BUILD 20.2      UP20200601       14:05:47
/COM,ANSYS RELEASE 2020 R2           BUILD 20.2      UP20200601       14:05:49
/COM,ANSYS RELEASE 2020 R2           BUILD 20.2      UP20200601       14:06:05
/COM,ANSYS RELEASE 2020 R2           BUILD 20.2      UP20200601       14:06:17
/COM,ANSYS RELEASE 2020 R2           BUILD 20.2      UP20200601       14:13:00
/COM,ANSYS RELEASE 2020 R2           BUILD 20.2      UP20200601       14:13:18
/COM,ANSYS RELEASE 2020 R2           BUILD 20.2      UP20200601       14:14:11
/COM,ANSYS RELEASE 2020 R2           BUILD 20.2      UP20200601       14:14:30
/COM,ANSYS RELEASE 2020 R2           BUILD 20.2      UP20200601       14:15:30
/COM,ANSYS RELEASE 2020 R2           BUILD 20.2      UP20200601       14:15:48
/COM,ANSYS RELEASE 2020 R2           BUILD 20.2      UP20200601       14:16:35
/COM,ANSYS RELEASE 2020 R2           BUILD 20.2      UP20200601       14:16:53
/COM,ANSYS RELEASE 2020 R2           BUILD 20.2      UP20200601       16:34:06
/COM,ANSYS RELEASE 2020 R2           BUILD 20.2      UP20200601       16:34:10
/COM,ANSYS RELEASE 2020 R2           BUILD 20.2      UP20200601       16:39:24
/COM,ANSYS RELEASE 2020 R2           BUILD 20.2      UP20200601       16:39:28
/COM,ANSYS RELEASE 2020 R2           BUILD 20.2      UP20200601       18:23:57
/COM,ANSYS RELEASE 2020 R2           BUILD 20.2      UP20200601       18:24:31
/COM,ANSYS RELEASE 2020 R2           BUILD 20.2      UP20200601       18:29:53
/COM,ANSYS RELEASE 2020 R2           BUILD 20.2      UP20200601       18:29:56
/COM,ANSYS RELEASE 2020 R2           BUILD 20.2      UP20200601       18:30:25
/COM,ANSYS RELEASE 2020 R2           BUILD 20.2      UP20200601       18:30:28
/COM,ANSYS RELEASE 2020 R2           BUILD 20.2      UP20200601       18:30:34
/COM,ANSYS RELEASE 2020 R2           BUILD 20.2      UP20200601       18:30:37
/COM,ANSYS RELEASE 2020 R2           BUILD 20.2      UP20200601       18:30:46
/COM,ANSYS RELEASE 2020 R2           BUILD 20.2      UP20200601       18:30:49
/COM,ANSYS RELEASE 2020 R2           BUILD 20.2      UP20200601       18:31:08
/COM,ANSYS RELEASE 2020 R2           BUILD 20.2      UP20200601       18:31:12
/COM,ANSYS RELEASE 2020 R2           BUILD 20.2      UP20200601       18:32:56
/COM,ANSYS RELEASE 2020 R2           BUILD 20.2      UP20200601       18:33:17
/COM,ANSYS RELEASE 2020 R2           BUILD 20.2      UP20200601       18:33:45
/COM,ANSYS RELEASE 2020 R2           BUILD 20.2      UP20200601       18:34:06
/COM,ANSYS RELEASE 2020 R2           BUILD 20.2      UP20200601       18:34:22
/COM,ANSYS RELEASE 2020 R2           BUILD 20.2      UP20200601       18:34:33
/COM,ANSYS RELEASE 2020 R2           BUILD 20.2      UP20200601       18:35:02
/COM,ANSYS RELEASE 2020 R2           BUILD 20.2      UP20200601       18:35:28
/COM,ANSYS RELEASE 2020 R2           BUILD 20.2      UP20200601       18:36:12
/COM,ANSYS RELEASE 2020 R2           BUILD 20.2      UP20200601       18:36:46
/COM,ANSYS RELEASE 2020 R2           BUILD 20.2      UP20200601       18:37:00
/COM,ANSYS RELEASE 2020 R2           BUILD 20.2      UP20200601       18:37:05
/COM,ANSYS RELEASE 2020 R2           BUILD 20.2      UP20200601       18:37:15
/COM,ANSYS RELEASE 2020 R2           BUILD 20.2      UP20200601       18:37:22
/COM,ANSYS RELEASE 2020 R2           BUILD 20.2      UP20200601       18:39:59
/COM,ANSYS RELEASE 2020 R2           BUILD 20.2      UP20200601       18:52:29
/COM,ANSYS RELEASE 2020 R2           BUILD 20.2      UP20200601       18:52:37
/COM,ANSYS RELEASE 2020 R2           BUILD 20.2      UP20200601       18:53:02
/COM,ANSYS RELEASE 2020 R2           BUILD 20.2      UP20200601       18:53:07
/COM,ANSYS RELEASE 2020 R2           BUILD 20.2      UP20200601       18:53:17
/COM,ANSYS RELEASE 2020 R2           BUILD 20.2      UP20200601       18:53:23
/COM,ANSYS RELEASE 2020 R2           BUILD 20.2      UP20200601       18:54:29
/COM,ANSYS RELEASE 2020 R2           BUILD 20.2      UP20200601       18:54:33
/COM,ANSYS RELEASE 2020 R2           BUILD 20.2      UP20200601       18:55:03
/COM,ANSYS RELEASE 2020 R2           BUILD 20.2      UP20200601       18:55:08
/COM,ANSYS RELEASE 2020 R2           BUILD 20.2      UP20200601       18:55:17
/COM,ANSYS RELEASE 2020 R2           BUILD 20.2      UP20200601       18:55:25
/COM,ANSYS RELEASE 2020 R2           BUILD 20.2      UP20200601       18:55:29
/COM,ANSYS RELEASE 2020 R2           BUILD 20.2      UP20200601       18:55:33
/COM,ANSYS RELEASE 2020 R2           BUILD 20.2      UP20200601       18:55:36
/COM,ANSYS RELEASE 2020 R2           BUILD 20.2      UP20200601       18:55:39
/COM,ANSYS RELEASE 2020 R2           BUILD 20.2      UP20200601       18:55:43
/COM,ANSYS RELEASE 2020 R2           BUILD 20.2      UP20200601       18:55:46
/COM,ANSYS RELEASE 2020 R2           BUILD 20.2      UP20200601       18:55:50
/COM,ANSYS RELEASE 2020 R2           BUILD 20.2      UP20200601       18:55:53
/COM,ANSYS RELEASE 2020 R2           BUILD 20.2      UP20200601       18:55:57
/COM,ANSYS RELEASE 2020 R2           BUILD 20.2      UP20200601       18:56:00
/COM,ANSYS RELEASE 2020 R2           BUILD 20.2      UP20200601       18:56:04
/COM,ANSYS RELEASE 2020 R2           BUILD 20.2      UP20200601       18:56:07
/COM,ANSYS RELEASE 2020 R2           BUILD 20.2      UP20200601       18:56:11
/COM,ANSYS RELEASE 2020 R2           BUILD 20.2      UP20200601       18:56:14
/COM,ANSYS RELEASE 2020 R2           BUILD 20.2      UP20200601       18:56:18
/COM,ANSYS RELEASE 2020 R2           BUILD 20.2      UP20200601       18:56:21
/COM,ANSYS RELEASE 2020 R2           BUILD 20.2      UP20200601       18:56:25
/COM,ANSYS RELEASE 2020 R2           BUILD 20.2      UP20200601       18:56:28
/COM,ANSYS RELEASE 2020 R2           BUILD 20.2      UP20200601       18:56:32
/COM,ANSYS RELEASE 2020 R2           BUILD 20.2      UP20200601       18:56:47
/COM,ANSYS RELEASE 2020 R2           BUILD 20.2      UP20200601       19:13:41
/COM,ANSYS RELEASE 2020 R2           BUILD 20.2      UP20200601       19:13:49
/COM,ANSYS RELEASE 2020 R2           BUILD 20.2      UP20200601       19:13:59
/COM,ANSYS RELEASE 2020 R2           BUILD 20.2      UP20200601       19:14:06
/COM,ANSYS RELEASE 2020 R2           BUILD 20.2      UP20200601       19:14:17
/COM,ANSYS RELEASE 2020 R2           BUILD 20.2      UP20200601       19:14:21
/COM,ANSYS RELEASE 2020 R2           BUILD 20.2      UP20200601       19:14:37
/COM,ANSYS RELEASE 2020 R2           BUILD 20.2      UP20200601       19:15:32
/COM,ANSYS RELEASE 2020 R2           BUILD 20.2      UP20200601       19:15:35
/COM,ANSYS RELEASE 2020 R2           BUILD 20.2      UP20200601       19:15:45
/COM,ANSYS RELEASE 2020 R2           BUILD 20.2      UP20200601       19:15:49
/COM,ANSYS RELEASE 2020 R2           BUILD 20.2      UP20200601       19:15:57
/COM,ANSYS RELEASE 2020 R2           BUILD 20.2      UP20200601       19:16:00
/COM,ANSYS RELEASE 2020 R2           BUILD 20.2      UP20200601       19:16:07
/COM,ANSYS RELEASE 2020 R2           BUILD 20.2      UP20200601       19:16:10
/COM,ANSYS RELEASE 2020 R2           BUILD 20.2      UP20200601       19:16:15
/COM,ANSYS RELEASE 2020 R2           BUILD 20.2      UP20200601       19:16:18
/COM,ANSYS RELEASE 2020 R2           BUILD 20.2      UP20200601       19:16:22
/COM,ANSYS RELEASE 2020 R2           BUILD 20.2      UP20200601       19:16:25
/COM,ANSYS RELEASE 2020 R2           BUILD 20.2      UP20200601       19:16:29
/COM,ANSYS RELEASE 2020 R2           BUILD 20.2      UP20200601       19:16:32
/COM,ANSYS RELEASE 2020 R2           BUILD 20.2      UP20200601       19:16:36
/COM,ANSYS RELEASE 2020 R2           BUILD 20.2      UP20200601       19:16:39
/COM,ANSYS RELEASE 2020 R2           BUILD 20.2      UP20200601       19:16:43
/COM,ANSYS RELEASE 2020 R2           BUILD 20.2      UP20200601       19:16:46
/COM,ANSYS RELEASE 2020 R2           BUILD 20.2      UP20200601       19:16:50
/COM,ANSYS RELEASE 2020 R2           BUILD 20.2      UP20200601       19:16:53
/COM,ANSYS RELEASE 2020 R2           BUILD 20.2      UP20200601       19:16:57
/COM,ANSYS RELEASE 2020 R2           BUILD 20.2      UP20200601       19:17:00
/COM,ANSYS RELEASE 2020 R2           BUILD 20.2      UP20200601       19:17:04
/COM,ANSYS RELEASE 2020 R2           BUILD 20.2      UP20200601       19:17:07
/COM,ANSYS RELEASE 2020 R2           BUILD 20.2      UP20200601       19:17:11
/COM,ANSYS RELEASE 2020 R2           BUILD 20.2      UP20200601       19:17:14
/COM,ANSYS RELEASE 2020 R2           BUILD 20.2      UP20200601       19:17:18
/COM,ANSYS RELEASE 2020 R2           BUILD 20.2      UP20200601       19:17:21
/COM,ANSYS RELEASE 2020 R2           BUILD 20.2      UP20200601       19:17:25
/COM,ANSYS RELEASE 2020 R2           BUILD 20.2      UP20200601       19:17:28
/COM,ANSYS RELEASE 2020 R2           BUILD 20.2      UP20200601       19:17:32
/COM,ANSYS RELEASE 2020 R2           BUILD 20.2      UP20200601       19:17:35
/COM,ANSYS RELEASE 2020 R2           BUILD 20.2      UP20200601       19:17:39
/COM,ANSYS RELEASE 2020 R2           BUILD 20.2      UP20200601       19:17:42
/COM,ANSYS RELEASE 2020 R2           BUILD 20.2      UP20200601       19:17:46
/COM,ANSYS RELEASE 2020 R2           BUILD 20.2      UP20200601       19:17:49
/COM,ANSYS RELEASE 2020 R2           BUILD 20.2      UP20200601       19:17:53
/COM,ANSYS RELEASE 2020 R2           BUILD 20.2      UP20200601       19:17:56
/COM,ANSYS RELEASE 2020 R2           BUILD 20.2      UP20200601       19:18:00
/COM,ANSYS RELEASE 2020 R2           BUILD 20.2      UP20200601       19:18:03
/COM,ANSYS RELEASE 2020 R2           BUILD 20.2      UP20200601       19:18:07
/COM,ANSYS RELEASE 2020 R2           BUILD 20.2      UP20200601       19:18:10
/COM,ANSYS RELEASE 2020 R2           BUILD 20.2      UP20200601       19:18:13
/COM,ANSYS RELEASE 2020 R2           BUILD 20.2      UP20200601       19:18:17
/COM,ANSYS RELEASE 2020 R2           BUILD 20.2      UP20200601       19:18:20
/COM,ANSYS RELEASE 2020 R2           BUILD 20.2      UP20200601       19:18:24
/COM,ANSYS RELEASE 2020 R2           BUILD 20.2      UP20200601       19:18:27
/COM,ANSYS RELEASE 2020 R2           BUILD 20.2      UP20200601       19:18:31
/COM,ANSYS RELEASE 2020 R2           BUILD 20.2      UP20200601       19:18:34
/COM,ANSYS RELEASE 2020 R2           BUILD 20.2      UP20200601       19:18:38
/COM,ANSYS RELEASE 2020 R2           BUILD 20.2      UP20200601       19:18:41
/COM,ANSYS RELEASE 2020 R2           BUILD 20.2      UP20200601       19:18:45
/COM,ANSYS RELEASE 2020 R2           BUILD 20.2      UP20200601       19:18:48
/COM,ANSYS RELEASE 2020 R2           BUILD 20.2      UP20200601       19:18:52
/COM,ANSYS RELEASE 2020 R2           BUILD 20.2      UP20200601       19:24:24
/COM,ANSYS RELEASE 2020 R2           BUILD 20.2      UP20200601       19:24:28
/COM,ANSYS RELEASE 2020 R2           BUILD 20.2      UP20200601       19:24:35
/COM,ANSYS RELEASE 2020 R2           BUILD 20.2      UP20200601       19:24:38
/COM,ANSYS RELEASE 2020 R2           BUILD 20.2      UP20200601       19:24:42
/COM,ANSYS RELEASE 2020 R2           BUILD 20.2      UP20200601       19:24:46
/COM,ANSYS RELEASE 2020 R2           BUILD 20.2      UP20200601       19:24:49
/COM,ANSYS RELEASE 2020 R2           BUILD 20.2      UP20200601       19:24:52
/COM,ANSYS RELEASE 2020 R2           BUILD 20.2      UP20200601       19:24:56
/COM,ANSYS RELEASE 2020 R2           BUILD 20.2      UP20200601       19:24:59
/COM,ANSYS RELEASE 2020 R2           BUILD 20.2      UP20200601       19:25:03
/COM,ANSYS RELEASE 2020 R2           BUILD 20.2      UP20200601       19:25:06
/COM,ANSYS RELEASE 2020 R2           BUILD 20.2      UP20200601       19:28:45
/COM,ANSYS RELEASE 2020 R2           BUILD 20.2      UP20200601       19:41:09
/COM,ANSYS RELEASE 2020 R2           BUILD 20.2      UP20200601       19:41:12
/COM,ANSYS RELEASE 2020 R2           BUILD 20.2      UP20200601       19:41:25
/COM,ANSYS RELEASE 2020 R2           BUILD 20.2      UP20200601       19:41:29
/COM,ANSYS RELEASE 2020 R2           BUILD 20.2      UP20200601       19:41:33
/COM,ANSYS RELEASE 2020 R2           BUILD 20.2      UP20200601       19:41:36
/COM,ANSYS RELEASE 2020 R2           BUILD 20.2      UP20200601       19:41:40
/COM,ANSYS RELEASE 2020 R2           BUILD 20.2      UP20200601       19:41:43
/COM,ANSYS RELEASE 2020 R2           BUILD 20.2      UP20200601       19:41:47
/COM,ANSYS RELEASE 2020 R2           BUILD 20.2      UP20200601       19:41:51
/COM,ANSYS RELEASE 2020 R2           BUILD 20.2      UP20200601       19:41:54
/COM,ANSYS RELEASE 2020 R2           BUILD 20.2      UP20200601       19:41:58
/COM,ANSYS RELEASE 2020 R2           BUILD 20.2      UP20200601       19:42:01
/COM,ANSYS RELEASE 2020 R2           BUILD 20.2      UP20200601       19:42:05
/COM,ANSYS RELEASE 2020 R2           BUILD 20.2      UP20200601       19:42:09
/COM,ANSYS RELEASE 2020 R2           BUILD 20.2      UP20200601       19:42:12
/COM,ANSYS RELEASE 2020 R2           BUILD 20.2      UP20200601       19:42:16
/COM,ANSYS RELEASE 2020 R2           BUILD 20.2      UP20200601       19:42:19
/COM,ANSYS RELEASE 2020 R2           BUILD 20.2      UP20200601       19:42:23
/COM,ANSYS RELEASE 2020 R2           BUILD 20.2      UP20200601       19:42:27
/COM,ANSYS RELEASE 2020 R2           BUILD 20.2      UP20200601       19:42:30
/COM,ANSYS RELEASE 2020 R2           BUILD 20.2      UP20200601       19:42:34
/COM,ANSYS RELEASE 2020 R2           BUILD 20.2      UP20200601       19:42:37
/COM,ANSYS RELEASE 2020 R2           BUILD 20.2      UP20200601       19:42:41
/COM,ANSYS RELEASE 2020 R2           BUILD 20.2      UP20200601       19:42:45
/COM,ANSYS RELEASE 2020 R2           BUILD 20.2      UP20200601       19:42:48
/COM,ANSYS RELEASE 2020 R2           BUILD 20.2      UP20200601       19:42:52
/COM,ANSYS RELEASE 2020 R2           BUILD 20.2      UP20200601       19:42:55
/COM,ANSYS RELEASE 2020 R2           BUILD 20.2      UP20200601       19:42:59
/COM,ANSYS RELEASE 2020 R2           BUILD 20.2      UP20200601       19:43:03
/COM,ANSYS RELEASE 2020 R2           BUILD 20.2      UP20200601       19:48:55
/COM,ANSYS RELEASE 2020 R2           BUILD 20.2      UP20200601       19:49:03
/COM,ANSYS RELEASE 2020 R2           BUILD 20.2      UP20200601       19:56:36
/COM,ANSYS RELEASE 2020 R2           BUILD 20.2      UP20200601       19:56:42
/COM,ANSYS RELEASE 2020 R2           BUILD 20.2      UP20200601       20:03:12
/COM,ANSYS RELEASE 2020 R2           BUILD 20.2      UP20200601       20:03:27
/COM,ANSYS RELEASE 2020 R2           BUILD 20.2      UP20200601       20:07:33
/COM,ANSYS RELEASE 2020 R2           BUILD 20.2      UP20200601       20:07:41
/COM,ANSYS RELEASE 2020 R2           BUILD 20.2      UP20200601       20:07:53
/COM,ANSYS RELEASE 2020 R2           BUILD 20.2      UP20200601       20:08:00
/COM,ANSYS RELEASE 2020 R2           BUILD 20.2      UP20200601       20:08:04
/COM,ANSYS RELEASE 2020 R2           BUILD 20.2      UP20200601       20:08:07
/COM,ANSYS RELEASE 2020 R2           BUILD 20.2      UP20200601       20:08:10
/COM,ANSYS RELEASE 2020 R2           BUILD 20.2      UP20200601       20:08:13
/COM,ANSYS RELEASE 2020 R2           BUILD 20.2      UP20200601       20:08:17
/COM,ANSYS RELEASE 2020 R2           BUILD 20.2      UP20200601       20:08:19
/COM,ANSYS RELEASE 2020 R2           BUILD 20.2      UP20200601       20:08:21
/COM,ANSYS RELEASE 2020 R2           BUILD 20.2      UP20200601       20:08:25
/COM,ANSYS RELEASE 2020 R2           BUILD 20.2      UP20200601       20:08:29
/COM,ANSYS RELEASE 2020 R2           BUILD 20.2      UP20200601       20:08:38
/COM,ANSYS RELEASE 2020 R2           BUILD 20.2      UP20200601       20:23:29
/COM,ANSYS RELEASE 2020 R2           BUILD 20.2      UP20200601       20:33:23
/COM,ANSYS RELEASE 2020 R2           BUILD 20.2      UP20200601       20:42:42
/COM,ANSYS RELEASE 2020 R2           BUILD 20.2      UP20200601       20:44:17
/COM,ANSYS RELEASE 2020 R2           BUILD 20.2      UP20200601       20:44:59
/COM,ANSYS RELEASE 2020 R2           BUILD 20.2      UP20200601       20:45:03
/COM,ANSYS RELEASE 2020 R2           BUILD 20.2      UP20200601       20:45:06
/COM,ANSYS RELEASE 2020 R2           BUILD 20.2      UP20200601       20:45:10
/COM,ANSYS RELEASE 2020 R2           BUILD 20.2      UP20200601       20:45:58
/COM,ANSYS RELEASE 2020 R2           BUILD 20.2      UP20200601       20:46:02
/COM,ANSYS RELEASE 2020 R2           BUILD 20.2      UP20200601       20:46:06
/COM,ANSYS RELEASE 2020 R2           BUILD 20.2      UP20200601       20:46:10
/COM,ANSYS RELEASE 2020 R2           BUILD 20.2      UP20200601       20:46:14
/COM,ANSYS RELEASE 2020 R2           BUILD 20.2      UP20200601       20:46:17
/COM,ANSYS RELEASE 2020 R2           BUILD 20.2      UP20200601       20:46:21
/COM,ANSYS RELEASE 2020 R2           BUILD 20.2      UP20200601       20:46:25
/COM,ANSYS RELEASE 2020 R2           BUILD 20.2      UP20200601       20:46:29
/COM,ANSYS RELEASE 2020 R2           BUILD 20.2      UP20200601       20:46:32
/COM,ANSYS RELEASE 2020 R2           BUILD 20.2      UP20200601       20:46:36
/COM,ANSYS RELEASE 2020 R2           BUILD 20.2      UP20200601       20:46:40
/COM,ANSYS RELEASE 2020 R2           BUILD 20.2      UP20200601       20:46:44
/COM,ANSYS RELEASE 2020 R2           BUILD 20.2      UP20200601       20:46:47
/COM,ANSYS RELEASE 2020 R2           BUILD 20.2      UP20200601       20:46:51
/COM,ANSYS RELEASE 2020 R2           BUILD 20.2      UP20200601       20:46:55
/COM,ANSYS RELEASE 2020 R2           BUILD 20.2      UP20200601       20:46:59
/COM,ANSYS RELEASE 2020 R2           BUILD 20.2      UP20200601       20:47:02
/COM,ANSYS RELEASE 2020 R2           BUILD 20.2      UP20200601       20:47:06
/COM,ANSYS RELEASE 2020 R2           BUILD 20.2      UP20200601       20:47:10
/COM,ANSYS RELEASE 2020 R2           BUILD 20.2      UP20200601       20:47:13
/COM,ANSYS RELEASE 2020 R2           BUILD 20.2      UP20200601       09:24:58

 *** WARNING ***                         CP =       6.750   TIME= 09:33:33
 /BATCH is not a recognized SOLUTION command, abbreviation, or macro.    
  This command will be ignored.                                          

 *** WARNING ***                         CP =       6.781   TIME= 09:33:33
 /CONFIG is not a recognized SOLUTION command, abbreviation, or macro.   
                                                                         
  This command will be ignored.                                          

 *** ERROR ***                           CP =       6.938   TIME= 09:33:37
 Element type 2 is not the same shape as SURF156.  Switching to a        
 different shape is not allowed while elements of type 2 exist.          
/COM,ANSYS RELEASE 2020 R2           BUILD 20.2      UP20200601       09:34:05

 *** WARNING ***                         CP =       1.312   TIME= 09:34:18
 The Comp label on the /PSF command for SURF156 when KEYOPT(2) = 1 is    
 not correct.  The program proceeds with old label.  Checking for this   
 discontinued.                                                           
/COM,ANSYS RELEASE 2020 R2           BUILD 20.2      UP20200601       16:09:54

 *** WARNING ***                         CP =       0.703   TIME= 16:11:17
 The Comp label on the /PSF command for SURF156 when KEYOPT(2) = 1 is    
 not correct.  The program proceeds with old label.  Checking for this   
 discontinued.                                                           
/COM,ANSYS RELEASE 2020 R2           BUILD 20.2      UP20200601       16:52:33

 *** WARNING ***                         CP =       1.219   TIME= 16:52:52
 The Comp label on the /PSF command for SURF156 when KEYOPT(2) = 1 is    
 not correct.  The program proceeds with old label.  Checking for this   
 discontinued.                                                           

 *** WARNING ***                         CP =       5.328   TIME= 16:53:09
 No previous ZOOM or more than five backward ZOOMs in window 1.  The     
 /ZOOM command is ignored.                                               
/COM,ANSYS RELEASE 2020 R2           BUILD 20.2      UP20200601       16:54:21
/COM,ANSYS RELEASE 2020 R2           BUILD 20.2      UP20200601       16:55:30

 *** WARNING ***                         CP =       1.078   TIME= 16:55:46
 The Comp label on the /PSF command for SURF156 when KEYOPT(2) = 1 is    
 not correct.  The program proceeds with old label.  Checking for this   
 discontinued.                                                           
/COM,ANSYS RELEASE 2020 R2           BUILD 20.2      UP20200601       17:02:42

 *** WARNING ***                         CP =       1.016   TIME= 17:03:10
 The Comp label on the /PSF command for SURF156 when KEYOPT(2) = 1 is    
 not correct.  The program proceeds with old label.  Checking for this   
 discontinued.                                                           
/COM,ANSYS RELEASE 2020 R2           BUILD 20.2      UP20200601       17:03:45

 *** WARNING ***                         CP =       1.078   TIME= 17:03:58
 The Comp label on the /PSF command for SURF156 when KEYOPT(2) = 1 is    
 not correct.  The program proceeds with old label.  Checking for this   
 discontinued.                                                           
/COM,ANSYS RELEASE 2020 R2           BUILD 20.2      UP20200601       17:04:28

 *** WARNING ***                         CP =       0.719   TIME= 17:04:46
 The Comp label on the /PSF command for SURF156 when KEYOPT(2) = 1 is    
 not correct.  The program proceeds with old label.  Checking for this   
 discontinued.                                                           
/COM,ANSYS RELEASE 2020 R2           BUILD 20.2      UP20200601       17:09:16

 *** WARNING ***                         CP =       0.625   TIME= 17:09:28
 The Comp label on the /PSF command for SURF156 when KEYOPT(2) = 1 is    
 not correct.  The program proceeds with old label.  Checking for this   
 discontinued.                                                           
/COM,ANSYS RELEASE 2020 R2           BUILD 20.2      UP20200601       17:38:38

 *** WARNING ***                         CP =       1.750   TIME= 17:39:04
 The Comp label on the /PSF command for SURF156 when KEYOPT(2) = 1 is    
 not correct.  The program proceeds with old label.  Checking for this   
 discontinued.                                                           
/COM,ANSYS RELEASE 2020 R2           BUILD 20.2      UP20200601       18:02:59

 *** WARNING ***                         CP =       0.594   TIME= 18:03:13
 The Comp label on the /PSF command for SURF156 when KEYOPT(2) = 1 is    
 not correct.  The program proceeds with old label.  Checking for this   
 discontinued.                                                           
/COM,ANSYS RELEASE 2020 R2           BUILD 20.2      UP20200601       18:36:11

 *** WARNING ***                         CP =       0.906   TIME= 18:36:31
 The Comp label on the /PSF command for SURF156 when KEYOPT(2) = 1 is    
 not correct.  The program proceeds with old label.  Checking for this   
 discontinued.                                                           
/COM,ANSYS RELEASE 2020 R2           BUILD 20.2      UP20200601       18:43:40
/COM,ANSYS RELEASE 2020 R2           BUILD 20.2      UP20200601       22:49:18
