/BATCH  
/COM,ANSYS RELEASE 2020 R2           BUILD 20.2      UP20200601       22:29:43
/TITLE,top2d
finish  
exit
/BATCH  
/COM,ANSYS RELEASE 2020 R2           BUILD 20.2      UP20200601       22:31:08
/BATCH  
/COM,ANSYS RELEASE 2020 R2           BUILD 20.2      UP20200601       22:36:52
/BATCH  
/COM,ANSYS RELEASE 2020 R2           BUILD 20.2      UP20200601       22:38:00
/BATCH  
/COM,ANSYS RELEASE 2020 R2           BUILD 20.2      UP20200601       22:40:22
/BATCH  
/COM,ANSYS RELEASE 2020 R2           BUILD 20.2      UP20200601       22:40:49
/BATCH  
/COM,ANSYS RELEASE 2020 R2           BUILD 20.2      UP20200601       22:41:00
/BATCH  
/COM,ANSYS RELEASE 2020 R2           BUILD 20.2      UP20200601       22:45:48
/BATCH  
/COM,ANSYS RELEASE 2020 R2           BUILD 20.2      UP20200601       22:47:21
/BATCH  
/COM,ANSYS RELEASE 2020 R2           BUILD 20.2      UP20200601       22:54:24
/BATCH  
/COM,ANSYS RELEASE 2020 R2           BUILD 20.2      UP20200601       22:54:54
/BATCH  
/COM,ANSYS RELEASE 2020 R2           BUILD 20.2      UP20200601       22:55:04
/BATCH  
/COM,ANSYS RELEASE 2020 R2           BUILD 20.2      UP20200601       22:56:03
/BATCH  
/COM,ANSYS RELEASE 2020 R2           BUILD 20.2      UP20200601       22:56:35
/BATCH  
/COM,ANSYS RELEASE 2020 R2           BUILD 20.2      UP20200601       22:57:48
/BATCH  
/COM,ANSYS RELEASE 2020 R2           BUILD 20.2      UP20200601       22:58:31
/BATCH  
/COM,ANSYS RELEASE 2020 R2           BUILD 20.2      UP20200601       22:58:38
/BATCH  
/COM,ANSYS RELEASE 2020 R2           BUILD 20.2      UP20200601       22:58:41
/BATCH  
/COM,ANSYS RELEASE 2020 R2           BUILD 20.2      UP20200601       22:58:43
/BATCH  
/COM,ANSYS RELEASE 2020 R2           BUILD 20.2      UP20200601       22:58:46
/BATCH  
/COM,ANSYS RELEASE 2020 R2           BUILD 20.2      UP20200601       22:58:48
/BATCH  
/COM,ANSYS RELEASE 2020 R2           BUILD 20.2      UP20200601       22:58:51
/BATCH  
/COM,ANSYS RELEASE 2020 R2           BUILD 20.2      UP20200601       22:58:53
/BATCH  
/COM,ANSYS RELEASE 2020 R2           BUILD 20.2      UP20200601       22:58:56
/BATCH  
/COM,ANSYS RELEASE 2020 R2           BUILD 20.2      UP20200601       22:58:58
/BATCH  
/COM,ANSYS RELEASE 2020 R2           BUILD 20.2      UP20200601       22:59:01
/BATCH  
/COM,ANSYS RELEASE 2020 R2           BUILD 20.2      UP20200601       22:59:03
/BATCH  
/COM,ANSYS RELEASE 2020 R2           BUILD 20.2      UP20200601       22:59:06
/BATCH  
/COM,ANSYS RELEASE 2020 R2           BUILD 20.2      UP20200601       22:59:08
/BATCH  
/COM,ANSYS RELEASE 2020 R2           BUILD 20.2      UP20200601       22:59:11
/BATCH  
/COM,ANSYS RELEASE 2020 R2           BUILD 20.2      UP20200601       22:59:13
/BATCH  
/COM,ANSYS RELEASE 2020 R2           BUILD 20.2      UP20200601       22:59:16
/BATCH  
/COM,ANSYS RELEASE 2020 R2           BUILD 20.2      UP20200601       22:59:18
/BATCH  
/COM,ANSYS RELEASE 2020 R2           BUILD 20.2      UP20200601       22:59:21
/BATCH  
/COM,ANSYS RELEASE 2020 R2           BUILD 20.2      UP20200601       22:59:24
/BATCH  
/COM,ANSYS RELEASE 2020 R2           BUILD 20.2      UP20200601       22:59:26
/BATCH  
/COM,ANSYS RELEASE 2020 R2           BUILD 20.2      UP20200601       22:59:29
/BATCH  
/COM,ANSYS RELEASE 2020 R2           BUILD 20.2      UP20200601       22:59:31
/BATCH  
/COM,ANSYS RELEASE 2020 R2           BUILD 20.2      UP20200601       23:01:27
/BATCH  
/COM,ANSYS RELEASE 2020 R2           BUILD 20.2      UP20200601       23:01:30
/BATCH  
/COM,ANSYS RELEASE 2020 R2           BUILD 20.2      UP20200601       23:01:33
/BATCH  
/COM,ANSYS RELEASE 2020 R2           BUILD 20.2      UP20200601       23:01:35
/BATCH  
/COM,ANSYS RELEASE 2020 R2           BUILD 20.2      UP20200601       23:01:38
/BATCH  
/COM,ANSYS RELEASE 2020 R2           BUILD 20.2      UP20200601       23:01:40
/BATCH  
/COM,ANSYS RELEASE 2020 R2           BUILD 20.2      UP20200601       23:01:42
/BATCH  
/COM,ANSYS RELEASE 2020 R2           BUILD 20.2      UP20200601       23:01:45
/BATCH  
/COM,ANSYS RELEASE 2020 R2           BUILD 20.2      UP20200601       23:01:47
/BATCH  
/COM,ANSYS RELEASE 2020 R2           BUILD 20.2      UP20200601       23:01:50
/BATCH  
/COM,ANSYS RELEASE 2020 R2           BUILD 20.2      UP20200601       23:01:52
/BATCH  
/COM,ANSYS RELEASE 2020 R2           BUILD 20.2      UP20200601       23:01:54
/BATCH  
/COM,ANSYS RELEASE 2020 R2           BUILD 20.2      UP20200601       23:01:57
/BATCH  
/COM,ANSYS RELEASE 2020 R2           BUILD 20.2      UP20200601       23:01:59
/BATCH  
/COM,ANSYS RELEASE 2020 R2           BUILD 20.2      UP20200601       23:02:01
/BATCH  
/COM,ANSYS RELEASE 2020 R2           BUILD 20.2      UP20200601       23:02:04
/BATCH  
/COM,ANSYS RELEASE 2020 R2           BUILD 20.2      UP20200601       23:02:06
/BATCH  
/COM,ANSYS RELEASE 2020 R2           BUILD 20.2      UP20200601       23:02:09
/BATCH  
/COM,ANSYS RELEASE 2020 R2           BUILD 20.2      UP20200601       23:02:11
/BATCH  
/COM,ANSYS RELEASE 2020 R2           BUILD 20.2      UP20200601       23:02:13
/BATCH  
/COM,ANSYS RELEASE 2020 R2           BUILD 20.2      UP20200601       23:02:16
/BATCH  
/COM,ANSYS RELEASE 2020 R2           BUILD 20.2      UP20200601       23:02:18
/BATCH  
/COM,ANSYS RELEASE 2020 R2           BUILD 20.2      UP20200601       23:02:20
/BATCH  
/COM,ANSYS RELEASE 2020 R2           BUILD 20.2      UP20200601       23:02:23
/BATCH  
/COM,ANSYS RELEASE 2020 R2           BUILD 20.2      UP20200601       23:02:25
/BATCH  
/COM,ANSYS RELEASE 2020 R2           BUILD 20.2      UP20200601       23:02:28
/BATCH  
/COM,ANSYS RELEASE 2020 R2           BUILD 20.2      UP20200601       23:02:30
/BATCH  
/COM,ANSYS RELEASE 2020 R2           BUILD 20.2      UP20200601       23:02:33
/BATCH  
/COM,ANSYS RELEASE 2020 R2           BUILD 20.2      UP20200601       23:02:35
/BATCH  
/COM,ANSYS RELEASE 2020 R2           BUILD 20.2      UP20200601       23:02:37
/BATCH  
/COM,ANSYS RELEASE 2020 R2           BUILD 20.2      UP20200601       23:02:40
/BATCH  
/COM,ANSYS RELEASE 2020 R2           BUILD 20.2      UP20200601       23:02:42
/BATCH  
/COM,ANSYS RELEASE 2020 R2           BUILD 20.2      UP20200601       23:02:45
/BATCH  
/COM,ANSYS RELEASE 2020 R2           BUILD 20.2      UP20200601       23:02:47
/BATCH  
/COM,ANSYS RELEASE 2020 R2           BUILD 20.2      UP20200601       23:02:49
/BATCH  
/COM,ANSYS RELEASE 2020 R2           BUILD 20.2      UP20200601       23:02:52
/BATCH  
/COM,ANSYS RELEASE 2020 R2           BUILD 20.2      UP20200601       23:02:54
/BATCH  
/COM,ANSYS RELEASE 2020 R2           BUILD 20.2      UP20200601       23:02:57
/BATCH  
/COM,ANSYS RELEASE 2020 R2           BUILD 20.2      UP20200601       23:02:59
/BATCH  
/COM,ANSYS RELEASE 2020 R2           BUILD 20.2      UP20200601       23:03:01
/BATCH  
/COM,ANSYS RELEASE 2020 R2           BUILD 20.2      UP20200601       23:03:04
/BATCH  
/COM,ANSYS RELEASE 2020 R2           BUILD 20.2      UP20200601       23:03:06
/BATCH  
/COM,ANSYS RELEASE 2020 R2           BUILD 20.2      UP20200601       23:03:09
/BATCH  
/COM,ANSYS RELEASE 2020 R2           BUILD 20.2      UP20200601       23:03:11
/BATCH  
/COM,ANSYS RELEASE 2020 R2           BUILD 20.2      UP20200601       23:03:13
/BATCH  
/COM,ANSYS RELEASE 2020 R2           BUILD 20.2      UP20200601       23:03:16
/BATCH  
/COM,ANSYS RELEASE 2020 R2           BUILD 20.2      UP20200601       23:03:18
/BATCH  
/COM,ANSYS RELEASE 2020 R2           BUILD 20.2      UP20200601       23:03:20
/BATCH  
/COM,ANSYS RELEASE 2020 R2           BUILD 20.2      UP20200601       23:03:23
/BATCH  
/COM,ANSYS RELEASE 2020 R2           BUILD 20.2      UP20200601       23:03:25
/BATCH  
/COM,ANSYS RELEASE 2020 R2           BUILD 20.2      UP20200601       23:03:28
/BATCH  
/COM,ANSYS RELEASE 2020 R2           BUILD 20.2      UP20200601       23:03:30
/BATCH  
/COM,ANSYS RELEASE 2020 R2           BUILD 20.2      UP20200601       23:03:32
/BATCH  
/COM,ANSYS RELEASE 2020 R2           BUILD 20.2      UP20200601       23:03:35
/BATCH  
/COM,ANSYS RELEASE 2020 R2           BUILD 20.2      UP20200601       23:03:37
/BATCH  
/COM,ANSYS RELEASE 2020 R2           BUILD 20.2      UP20200601       23:03:40
/BATCH  
/COM,ANSYS RELEASE 2020 R2           BUILD 20.2      UP20200601       23:03:42
/BATCH  
/COM,ANSYS RELEASE 2020 R2           BUILD 20.2      UP20200601       23:03:44
/BATCH  
/COM,ANSYS RELEASE 2020 R2           BUILD 20.2      UP20200601       23:03:47
/BATCH  
/COM,ANSYS RELEASE 2020 R2           BUILD 20.2      UP20200601       23:03:49
/BATCH  
/COM,ANSYS RELEASE 2020 R2           BUILD 20.2      UP20200601       23:03:52
/BATCH  
/COM,ANSYS RELEASE 2020 R2           BUILD 20.2      UP20200601       23:03:54
/BATCH  
/COM,ANSYS RELEASE 2020 R2           BUILD 20.2      UP20200601       23:03:56
/BATCH  
/COM,ANSYS RELEASE 2020 R2           BUILD 20.2      UP20200601       23:03:59
/BATCH  
/COM,ANSYS RELEASE 2020 R2           BUILD 20.2      UP20200601       23:04:01
/BATCH  
/COM,ANSYS RELEASE 2020 R2           BUILD 20.2      UP20200601       23:04:04
/BATCH  
/COM,ANSYS RELEASE 2020 R2           BUILD 20.2      UP20200601       23:04:06
/BATCH  
/COM,ANSYS RELEASE 2020 R2           BUILD 20.2      UP20200601       23:04:08
/BATCH  
/COM,ANSYS RELEASE 2020 R2           BUILD 20.2      UP20200601       23:04:11
/BATCH  
/COM,ANSYS RELEASE 2020 R2           BUILD 20.2      UP20200601       23:04:13
/BATCH  
/COM,ANSYS RELEASE 2020 R2           BUILD 20.2      UP20200601       23:04:16
/BATCH  
/COM,ANSYS RELEASE 2020 R2           BUILD 20.2      UP20200601       23:04:18
/BATCH  
/COM,ANSYS RELEASE 2020 R2           BUILD 20.2      UP20200601       23:04:20
/BATCH  
/COM,ANSYS RELEASE 2020 R2           BUILD 20.2      UP20200601       23:04:23
/BATCH  
/COM,ANSYS RELEASE 2020 R2           BUILD 20.2      UP20200601       23:04:25
/BATCH  
/COM,ANSYS RELEASE 2020 R2           BUILD 20.2      UP20200601       23:04:28
/BATCH  
/COM,ANSYS RELEASE 2020 R2           BUILD 20.2      UP20200601       23:04:30
/BATCH  
/COM,ANSYS RELEASE 2020 R2           BUILD 20.2      UP20200601       23:04:32
/BATCH  
/COM,ANSYS RELEASE 2020 R2           BUILD 20.2      UP20200601       23:04:35
/BATCH  
/COM,ANSYS RELEASE 2020 R2           BUILD 20.2      UP20200601       23:04:37
/BATCH  
/COM,ANSYS RELEASE 2020 R2           BUILD 20.2      UP20200601       23:04:40
/BATCH  
/COM,ANSYS RELEASE 2020 R2           BUILD 20.2      UP20200601       23:04:42
/BATCH  
/COM,ANSYS RELEASE 2020 R2           BUILD 20.2      UP20200601       23:04:44
/BATCH  
/COM,ANSYS RELEASE 2020 R2           BUILD 20.2      UP20200601       23:04:47
/BATCH  
/COM,ANSYS RELEASE 2020 R2           BUILD 20.2      UP20200601       23:04:49
/BATCH  
/COM,ANSYS RELEASE 2020 R2           BUILD 20.2      UP20200601       23:04:51
/BATCH  
/COM,ANSYS RELEASE 2020 R2           BUILD 20.2      UP20200601       23:04:54
/BATCH  
/COM,ANSYS RELEASE 2020 R2           BUILD 20.2      UP20200601       23:04:56
/BATCH  
/COM,ANSYS RELEASE 2020 R2           BUILD 20.2      UP20200601       23:04:59
/BATCH  
/COM,ANSYS RELEASE 2020 R2           BUILD 20.2      UP20200601       23:05:01
/BATCH  
/COM,ANSYS RELEASE 2020 R2           BUILD 20.2      UP20200601       23:05:03
/BATCH  
/COM,ANSYS RELEASE 2020 R2           BUILD 20.2      UP20200601       23:05:06
/BATCH  
/COM,ANSYS RELEASE 2020 R2           BUILD 20.2      UP20200601       23:05:08
/BATCH  
/COM,ANSYS RELEASE 2020 R2           BUILD 20.2      UP20200601       23:05:11
/BATCH  
/COM,ANSYS RELEASE 2020 R2           BUILD 20.2      UP20200601       23:05:13
/BATCH  
/COM,ANSYS RELEASE 2020 R2           BUILD 20.2      UP20200601       23:05:16
/BATCH  
/COM,ANSYS RELEASE 2020 R2           BUILD 20.2      UP20200601       23:05:18
/BATCH  
/COM,ANSYS RELEASE 2020 R2           BUILD 20.2      UP20200601       23:05:20
/BATCH  
/COM,ANSYS RELEASE 2020 R2           BUILD 20.2      UP20200601       23:05:23
/BATCH  
/COM,ANSYS RELEASE 2020 R2           BUILD 20.2      UP20200601       23:05:25
/BATCH  
/COM,ANSYS RELEASE 2020 R2           BUILD 20.2      UP20200601       23:05:27
/BATCH  
/COM,ANSYS RELEASE 2020 R2           BUILD 20.2      UP20200601       23:05:30
/BATCH  
/COM,ANSYS RELEASE 2020 R2           BUILD 20.2      UP20200601       23:05:32
/BATCH  
/COM,ANSYS RELEASE 2020 R2           BUILD 20.2      UP20200601       23:05:35
/BATCH  
/COM,ANSYS RELEASE 2020 R2           BUILD 20.2      UP20200601       23:05:37
/BATCH  
/COM,ANSYS RELEASE 2020 R2           BUILD 20.2      UP20200601       23:05:40
/BATCH  
/COM,ANSYS RELEASE 2020 R2           BUILD 20.2      UP20200601       23:05:42
/BATCH  
/COM,ANSYS RELEASE 2020 R2           BUILD 20.2      UP20200601       23:05:44
/BATCH  
/COM,ANSYS RELEASE 2020 R2           BUILD 20.2      UP20200601       23:05:47
/BATCH  
/COM,ANSYS RELEASE 2020 R2           BUILD 20.2      UP20200601       23:05:49
/BATCH  
/COM,ANSYS RELEASE 2020 R2           BUILD 20.2      UP20200601       23:05:51
/BATCH  
/COM,ANSYS RELEASE 2020 R2           BUILD 20.2      UP20200601       23:05:54
/BATCH  
/COM,ANSYS RELEASE 2020 R2           BUILD 20.2      UP20200601       23:05:56
/BATCH  
/COM,ANSYS RELEASE 2020 R2           BUILD 20.2      UP20200601       23:05:59
/BATCH  
/COM,ANSYS RELEASE 2020 R2           BUILD 20.2      UP20200601       23:06:01
/BATCH  
/COM,ANSYS RELEASE 2020 R2           BUILD 20.2      UP20200601       23:06:03
/BATCH  
/COM,ANSYS RELEASE 2020 R2           BUILD 20.2      UP20200601       23:06:06
/BATCH  
/COM,ANSYS RELEASE 2020 R2           BUILD 20.2      UP20200601       23:06:08
/BATCH  
/COM,ANSYS RELEASE 2020 R2           BUILD 20.2      UP20200601       23:06:11
/BATCH  
/COM,ANSYS RELEASE 2020 R2           BUILD 20.2      UP20200601       23:06:13
/BATCH  
/COM,ANSYS RELEASE 2020 R2           BUILD 20.2      UP20200601       23:06:15
/BATCH  
/COM,ANSYS RELEASE 2020 R2           BUILD 20.2      UP20200601       23:06:18
/BATCH  
/COM,ANSYS RELEASE 2020 R2           BUILD 20.2      UP20200601       23:06:20
/BATCH  
/COM,ANSYS RELEASE 2020 R2           BUILD 20.2      UP20200601       23:06:23
/BATCH  
/COM,ANSYS RELEASE 2020 R2           BUILD 20.2      UP20200601       23:06:25
/BATCH  
/COM,ANSYS RELEASE 2020 R2           BUILD 20.2      UP20200601       23:06:27
/BATCH  
/COM,ANSYS RELEASE 2020 R2           BUILD 20.2      UP20200601       23:06:30
/BATCH  
/COM,ANSYS RELEASE 2020 R2           BUILD 20.2      UP20200601       23:06:32
/BATCH  
/COM,ANSYS RELEASE 2020 R2           BUILD 20.2      UP20200601       23:06:35
/BATCH  
/COM,ANSYS RELEASE 2020 R2           BUILD 20.2      UP20200601       23:06:37
/BATCH  
/COM,ANSYS RELEASE 2020 R2           BUILD 20.2      UP20200601       23:06:39
/BATCH  
/COM,ANSYS RELEASE 2020 R2           BUILD 20.2      UP20200601       23:06:42
/BATCH  
/COM,ANSYS RELEASE 2020 R2           BUILD 20.2      UP20200601       23:06:44
/BATCH  
/COM,ANSYS RELEASE 2020 R2           BUILD 20.2      UP20200601       23:06:46
/BATCH  
/COM,ANSYS RELEASE 2020 R2           BUILD 20.2      UP20200601       23:06:49
/BATCH  
/COM,ANSYS RELEASE 2020 R2           BUILD 20.2      UP20200601       23:06:51
/BATCH  
/COM,ANSYS RELEASE 2020 R2           BUILD 20.2      UP20200601       23:06:54
/BATCH  
/COM,ANSYS RELEASE 2020 R2           BUILD 20.2      UP20200601       23:06:56
/BATCH  
/COM,ANSYS RELEASE 2020 R2           BUILD 20.2      UP20200601       23:06:58
/BATCH  
/COM,ANSYS RELEASE 2020 R2           BUILD 20.2      UP20200601       23:07:01
/BATCH  
/COM,ANSYS RELEASE 2020 R2           BUILD 20.2      UP20200601       23:07:03
/BATCH  
/COM,ANSYS RELEASE 2020 R2           BUILD 20.2      UP20200601       23:07:06
/BATCH  
/COM,ANSYS RELEASE 2020 R2           BUILD 20.2      UP20200601       23:07:08
/BATCH  
/COM,ANSYS RELEASE 2020 R2           BUILD 20.2      UP20200601       23:07:11
/BATCH  
/COM,ANSYS RELEASE 2020 R2           BUILD 20.2      UP20200601       23:07:13
/BATCH  
/COM,ANSYS RELEASE 2020 R2           BUILD 20.2      UP20200601       23:07:15
/BATCH  
/COM,ANSYS RELEASE 2020 R2           BUILD 20.2      UP20200601       23:07:18
/BATCH  
/COM,ANSYS RELEASE 2020 R2           BUILD 20.2      UP20200601       23:07:20
/BATCH  
/COM,ANSYS RELEASE 2020 R2           BUILD 20.2      UP20200601       23:07:23
/BATCH  
/COM,ANSYS RELEASE 2020 R2           BUILD 20.2      UP20200601       23:07:25
/BATCH  
/COM,ANSYS RELEASE 2020 R2           BUILD 20.2      UP20200601       23:07:28
/BATCH  
/COM,ANSYS RELEASE 2020 R2           BUILD 20.2      UP20200601       23:07:30
/BATCH  
/COM,ANSYS RELEASE 2020 R2           BUILD 20.2      UP20200601       23:12:35
/BATCH  
/COM,ANSYS RELEASE 2020 R2           BUILD 20.2      UP20200601       23:12:44
/BATCH  
/COM,ANSYS RELEASE 2020 R2           BUILD 20.2      UP20200601       23:12:46
/BATCH  
/COM,ANSYS RELEASE 2020 R2           BUILD 20.2      UP20200601       23:12:49
/BATCH  
/COM,ANSYS RELEASE 2020 R2           BUILD 20.2      UP20200601       23:12:51
/BATCH  
/COM,ANSYS RELEASE 2020 R2           BUILD 20.2      UP20200601       23:12:53
/BATCH  
/COM,ANSYS RELEASE 2020 R2           BUILD 20.2      UP20200601       23:12:56
/BATCH  
/COM,ANSYS RELEASE 2020 R2           BUILD 20.2      UP20200601       23:12:58
/BATCH  
/COM,ANSYS RELEASE 2020 R2           BUILD 20.2      UP20200601       23:13:01
/BATCH  
/COM,ANSYS RELEASE 2020 R2           BUILD 20.2      UP20200601       23:13:03
/BATCH  
/COM,ANSYS RELEASE 2020 R2           BUILD 20.2      UP20200601       23:13:05
/BATCH  
/COM,ANSYS RELEASE 2020 R2           BUILD 20.2      UP20200601       23:13:08
/BATCH  
/COM,ANSYS RELEASE 2020 R2           BUILD 20.2      UP20200601       23:13:10
/BATCH  
/COM,ANSYS RELEASE 2020 R2           BUILD 20.2      UP20200601       23:13:13
/BATCH  
/COM,ANSYS RELEASE 2020 R2           BUILD 20.2      UP20200601       23:13:44
/BATCH  
/COM,ANSYS RELEASE 2020 R2           BUILD 20.2      UP20200601       23:14:31
/BATCH  
/COM,ANSYS RELEASE 2020 R2           BUILD 20.2      UP20200601       23:14:45
/BATCH  
/COM,ANSYS RELEASE 2020 R2           BUILD 20.2      UP20200601       23:16:01
/BATCH  
/COM,ANSYS RELEASE 2020 R2           BUILD 20.2      UP20200601       23:18:15
/BATCH  
/COM,ANSYS RELEASE 2020 R2           BUILD 20.2      UP20200601       23:18:24
/BATCH  
/COM,ANSYS RELEASE 2020 R2           BUILD 20.2      UP20200601       23:19:02
/BATCH  
/COM,ANSYS RELEASE 2020 R2           BUILD 20.2      UP20200601       23:19:09
/BATCH  
/COM,ANSYS RELEASE 2020 R2           BUILD 20.2      UP20200601       23:24:19
/BATCH  
/COM,ANSYS RELEASE 2020 R2           BUILD 20.2      UP20200601       23:25:23
/BATCH  
/COM,ANSYS RELEASE 2020 R2           BUILD 20.2      UP20200601       23:43:07
/BATCH  
/COM,ANSYS RELEASE 2020 R2           BUILD 20.2      UP20200601       23:43:41
/BATCH  
/COM,ANSYS RELEASE 2020 R2           BUILD 20.2      UP20200601       23:44:13
/BATCH  
/COM,ANSYS RELEASE 2020 R2           BUILD 20.2      UP20200601       23:44:49
/BATCH  
/COM,ANSYS RELEASE 2020 R2           BUILD 20.2      UP20200601       23:50:22
/BATCH  
/COM,ANSYS RELEASE 2020 R2           BUILD 20.2      UP20200601       23:51:07
/BATCH  
/COM,ANSYS RELEASE 2020 R2           BUILD 20.2      UP20200601       23:51:19
/BATCH  
/COM,ANSYS RELEASE 2020 R2           BUILD 20.2      UP20200601       23:52:15
/BATCH  
/COM,ANSYS RELEASE 2020 R2           BUILD 20.2      UP20200601       23:52:23
/BATCH  
/COM,ANSYS RELEASE 2020 R2           BUILD 20.2      UP20200601       23:52:27
/BATCH  
/COM,ANSYS RELEASE 2020 R2           BUILD 20.2      UP20200601       23:53:03
/BATCH  
/COM,ANSYS RELEASE 2020 R2           BUILD 20.2      UP20200601       23:53:13
/BATCH  
/COM,ANSYS RELEASE 2020 R2           BUILD 20.2      UP20200601       23:53:45
/BATCH  
/COM,ANSYS RELEASE 2020 R2           BUILD 20.2      UP20200601       23:54:47
/BATCH  
/COM,ANSYS RELEASE 2020 R2           BUILD 20.2      UP20200601       23:54:59
/BATCH  
/COM,ANSYS RELEASE 2020 R2           BUILD 20.2      UP20200601       00:00:05
/TITLE,top2d
*GET,ELEMSUM,ELEMENT,0,COUNT
*GET,NODESUM,NODE,0,COUNT   
*DIM,MATERIAL,ARRAY,ELEMSUM,2   
*VREAD,MATERIAL(1,1),material,txt,,JIK,2,ELEMSUM
/PREP7  
*DO,i,1,ELEMSUM 
MP,EX,i,MATERIAL(i,2)   
MP,PRXY,i,MATERIAL(i,1) 
*ENDDO  
*DO,i,1,ELEMSUM 
FLST,2,1,2,ORDE,1   
FITEM,2,i   
EMODIF,P51X,MAT,i,  
*ENDDO  
FINISH  
/SOL
ANTYPE,0
/STATUS,SOLU
SOLVE   
FINISH  
/POST1  
ETABLE,strain_e,SENE,   
*VGET,strain_e,ELEM,1,ETAB,STRAIN_E, , ,2   
*CFOPEN,strain_energy,txt   
*VWRITE,strain_e(1,1)   
*CFCLOS 
finish  
exit
/BATCH  
/COM,ANSYS RELEASE 2020 R2           BUILD 20.2      UP20200601       00:15:53
/BATCH  
/COM,ANSYS RELEASE 2020 R2           BUILD 20.2      UP20200601       00:16:59
/BATCH  
/COM,ANSYS RELEASE 2020 R2           BUILD 20.2      UP20200601       00:22:24
/BATCH  
/COM,ANSYS RELEASE 2020 R2           BUILD 20.2      UP20200601       00:22:54
/BATCH  
/COM,ANSYS RELEASE 2020 R2           BUILD 20.2      UP20200601       00:32:45
/BATCH  
/BATCH  
/BATCH  
/BATCH  
/BATCH  
/BATCH  
/COM,ANSYS RELEASE 2020 R2           BUILD 20.2      UP20200601       00:25:30
/BATCH  
/COM,ANSYS RELEASE 2020 R2           BUILD 20.2      UP20200601       00:26:11
/BATCH  
/COM,ANSYS RELEASE 2020 R2           BUILD 20.2      UP20200601       00:26:53
/BATCH  
/COM,ANSYS RELEASE 2020 R2           BUILD 20.2      UP20200601       00:27:20
/BATCH  
/COM,ANSYS RELEASE 2020 R2           BUILD 20.2      UP20200601       00:27:53
/BATCH  
/COM,ANSYS RELEASE 2020 R2           BUILD 20.2      UP20200601       00:29:49
/BATCH  
/COM,ANSYS RELEASE 2020 R2           BUILD 20.2      UP20200601       00:29:53
/BATCH  
/COM,ANSYS RELEASE 2020 R2           BUILD 20.2      UP20200601       00:30:29
/BATCH  
/COM,ANSYS RELEASE 2020 R2           BUILD 20.2      UP20200601       00:31:08
/BATCH  
/COM,ANSYS RELEASE 2020 R2           BUILD 20.2      UP20200601       00:34:26
/BATCH  
/COM,ANSYS RELEASE 2020 R2           BUILD 20.2      UP20200601       00:34:30
/BATCH  
/COM,ANSYS RELEASE 2020 R2           BUILD 20.2      UP20200601       01:00:57
/BATCH  
/COM,ANSYS RELEASE 2020 R2           BUILD 20.2      UP20200601       01:03:26
/BATCH  
/COM,ANSYS RELEASE 2020 R2           BUILD 20.2      UP20200601       01:05:22
/TITLE,top2d
*GET,ELEMSUM,ELEMENT,0,COUNT
*GET,NODESUM,NODE,0,COUNT   
*CFOPEN,elements_nodes_counts,txt   
*VWRITE,ELEMSUM,NODESUM 
*CFCLOS 
/SOL
ANTYPE,0
/OUTPUT,elements_stiffness,out,,
/DEBUG,-1,,,1   
finish  
exit
/BATCH  
/COM,ANSYS RELEASE 2020 R2           BUILD 20.2      UP20200601       01:10:29
/BATCH  
/COM,ANSYS RELEASE 2020 R2           BUILD 20.2      UP20200601       01:11:10
/BATCH  
/COM,ANSYS RELEASE 2020 R2           BUILD 20.2      UP20200601       01:44:02
/BATCH  
/COM,ANSYS RELEASE 2020 R2           BUILD 20.2      UP20200601       01:44:49
/BATCH  
/COM,ANSYS RELEASE 2020 R2           BUILD 20.2      UP20200601       01:46:04
/BATCH  
/COM,ANSYS RELEASE 2020 R2           BUILD 20.2      UP20200601       01:47:23
/BATCH  
/COM,ANSYS RELEASE 2020 R2           BUILD 20.2      UP20200601       01:47:29
/BATCH  
/COM,ANSYS RELEASE 2020 R2           BUILD 20.2      UP20200601       01:50:47
/BATCH  
/COM,ANSYS RELEASE 2020 R2           BUILD 20.2      UP20200601       01:51:51
/BATCH  
/COM,ANSYS RELEASE 2020 R2           BUILD 20.2      UP20200601       01:52:42
/BATCH  
/COM,ANSYS RELEASE 2020 R2           BUILD 20.2      UP20200601       01:55:55
/BATCH  
/COM,ANSYS RELEASE 2020 R2           BUILD 20.2      UP20200601       01:57:59
/BATCH  
/COM,ANSYS RELEASE 2020 R2           BUILD 20.2      UP20200601       01:59:37
/BATCH  
/COM,ANSYS RELEASE 2020 R2           BUILD 20.2      UP20200601       02:03:21
/TITLE,top2d
*GET,ELEMSUM,ELEMENT,0,COUNT
*GET,NODESUM,NODE,0,COUNT   
*DIM,MATERIAL,ARRAY,ELEMSUM,2   
*VREAD,MATERIAL(1,1),material,txt,,JIK,2,ELEMSUM
/PREP7  
*DO,i,1,ELEMSUM 
MP,EX,i,MATERIAL(i,2)   
MP,PRXY,i,MATERIAL(i,1) 
*ENDDO  
MPLIST  
finish  
exit
/BATCH  
/COM,ANSYS RELEASE 2020 R2           BUILD 20.2      UP20200601       02:09:09
/BATCH  
/COM,ANSYS RELEASE 2020 R2           BUILD 20.2      UP20200601       02:09:18
/BATCH  
/COM,ANSYS RELEASE 2020 R2           BUILD 20.2      UP20200601       02:12:09
/BATCH  
/COM,ANSYS RELEASE 2020 R2           BUILD 20.2      UP20200601       02:12:17
/BATCH  
/COM,ANSYS RELEASE 2020 R2           BUILD 20.2      UP20200601       02:13:43
/BATCH  
/COM,ANSYS RELEASE 2020 R2           BUILD 20.2      UP20200601       02:14:10
/BATCH  
/COM,ANSYS RELEASE 2020 R2           BUILD 20.2      UP20200601       02:19:04
/BATCH  
/COM,ANSYS RELEASE 2020 R2           BUILD 20.2      UP20200601       02:19:14
/BATCH  
/COM,ANSYS RELEASE 2020 R2           BUILD 20.2      UP20200601       02:35:41
/BATCH  
/COM,ANSYS RELEASE 2020 R2           BUILD 20.2      UP20200601       02:37:10
/BATCH  
/COM,ANSYS RELEASE 2020 R2           BUILD 20.2      UP20200601       02:40:04
/BATCH  
/COM,ANSYS RELEASE 2020 R2           BUILD 20.2      UP20200601       02:40:08
/BATCH  
/COM,ANSYS RELEASE 2020 R2           BUILD 20.2      UP20200601       10:26:50
/BATCH  
/COM,ANSYS RELEASE 2020 R2           BUILD 20.2      UP20200601       10:26:57
/BATCH  
/COM,ANSYS RELEASE 2020 R2           BUILD 20.2      UP20200601       10:28:59
/BATCH  
/COM,ANSYS RELEASE 2020 R2           BUILD 20.2      UP20200601       10:29:01
/BATCH  
/COM,ANSYS RELEASE 2020 R2           BUILD 20.2      UP20200601       10:29:08
/BATCH  
/COM,ANSYS RELEASE 2020 R2           BUILD 20.2      UP20200601       10:37:59
/TITLE,top2d *GET,ELEMSUM,ELEMENT,0,COUNT   
*GET,NODESUM,NODE,0,COUNT*DIM,MATERIAL,ARRAY,ELEMSUM,2  
*VREAD,MATERIAL(1,1),material,txt,,JIK,2,ELEMSUM
! (E14.7,E15.7)finish   
/CWD,'D:\CodeSave\GitCode\Topology-optimization-of-structure-via-simp-methodNEW\ANSYS\results'  
RESUME,'cantilever_grid','db','D:\CodeSave\GitCode\Topology-optimization-of-structure-via-simp-methodNEW\ANSYS\models',0,0  
/COM,ANSYS RELEASE 2020 R2           BUILD 20.2      UP20200601       10:38:26
/FILENAME,top2d,1   
/BATCH  
/COM,ANSYS RELEASE 2020 R2           BUILD 20.2      UP20200601       10:38:34
/TITLE,top2d
*GET,ELEMSUM,ELEMENT,0,COUNT
*GET,NODESUM,NODE,0,COUNT   
*DIM,MATERIAL,ARRAY,ELEMSUM,2   
*VREAD,MATERIAL(1,1),material,txt,,JIK,2,ELEMSUM
mplist  
mplist 2
! *DIM,MATERIAL,ARRAY,ELEMSUM,2 
! *DIM,MATERIAL,ARRAY,ELEMSUM,2 
*DIM,MATERIAL,ARRAY,ELEMSUM,2   
*VREAD,MATERIAL(1,1),material,txt,,JIK,2,ELEMSUM
mplist  
/PREP7  
*DO,i,1,ELEMSUM 
MP,EX,i,MATERIAL(i,2)   
MP,PRXY,i,MATERIAL(i,1) 
*ENDDO  
mp list 
finish  
*DIM,MATERIAL,ARRAY,ELEMSUM,2   
*VREAD,MATERIAL(1,1),material,txt,,JIK,2,ELEMSUM
*CFOPEN,testout,txt 
*VWRITE,MATERIAL(1,1),MATERIAL(1,2) 
*CFCLOS 
*DIM,MATERIAL,ARRAY,ELEMSUM,2   
*VREAD,MATERIAL(1,1),material1,txt,,JIK,2,ELEMSUM   
*DIM,MATERIAL,ARRAY,ELEMSUM,2   
*VREAD,MATERIAL(1,1),material,txt,,JIK,2,ELEMSUM
*CFOPEN,testout,txt 
*VWRITE,MATERIAL(1,1),MATERIAL(1,2) 
*CFCLOS 
finish  
exit
/BATCH  
/COM,ANSYS RELEASE 2020 R2           BUILD 20.2      UP20200601       12:27:51
/TITLE,top2d
*GET,ELEMSUM,ELEMENT,0,COUNT
*GET,NODESUM,NODE,0,COUNT   
*DIM,MATERIAL,ARRAY,ELEMSUM,2   
*VREAD,MATERIAL(1,1),material,txt,,JIK,2,ELEMSUM
/PREP7  
*DO,i,1,ELEMSUM 
MP,EX,i,MATERIAL(i,2)   
MP,PRXY,i,MATERIAL(i,1) 
*ENDDO  
mplist  
*DO,i,1,ELEMSUM 
MP,EX,i,MATERIAL(i,2)   
MP,PRXY,i,MATERIAL(i,1) 
! *ENDDOmplist  
mplist,all  
*CFOPEN,testout,txt 
finish  
/BATCH  
/COM,ANSYS RELEASE 2020 R2           BUILD 20.2      UP20200601       13:02:26
finish  
/input,top2d_rinf.txt   
/COM,ANSYS RELEASE 2020 R2           BUILD 20.2      UP20200601       13:02:41
/BATCH  
/COM,ANSYS RELEASE 2020 R2           BUILD 20.2      UP20200601       13:03:37
finish  
/PREP7  
mplist,all  
finish  
/input,top2d_rinf.txt   
/COM,ANSYS RELEASE 2020 R2           BUILD 20.2      UP20200601       13:05:30
/BATCH  
/COM,ANSYS RELEASE 2020 R2           BUILD 20.2      UP20200601       13:30:40
/BATCH  
/COM,ANSYS RELEASE 2020 R2           BUILD 20.2      UP20200601       13:57:32
/BATCH  
/COM,ANSYS RELEASE 2020 R2           BUILD 20.2      UP20200601       14:01:13
/BATCH  
/COM,ANSYS RELEASE 2020 R2           BUILD 20.2      UP20200601       14:05:46
/BATCH  
/COM,ANSYS RELEASE 2020 R2           BUILD 20.2      UP20200601       14:12:59
/BATCH  
/COM,ANSYS RELEASE 2020 R2           BUILD 20.2      UP20200601       14:14:10
/BATCH  
/COM,ANSYS RELEASE 2020 R2           BUILD 20.2      UP20200601       16:34:05
/BATCH  
/COM,ANSYS RELEASE 2020 R2           BUILD 20.2      UP20200601       16:39:23
/BATCH  
/COM,ANSYS RELEASE 2020 R2           BUILD 20.2      UP20200601       18:28:34
/BATCH  
/COM,ANSYS RELEASE 2020 R2           BUILD 20.2      UP20200601       18:29:52
/BATCH  
/COM,ANSYS RELEASE 2020 R2           BUILD 20.2      UP20200601       18:32:55
/BATCH  
/COM,ANSYS RELEASE 2020 R2           BUILD 20.2      UP20200601       18:52:28
/BATCH  
/COM,ANSYS RELEASE 2020 R2           BUILD 20.2      UP20200601       19:13:40
/BATCH  
/COM,ANSYS RELEASE 2020 R2           BUILD 20.2      UP20200601       19:15:31
/BATCH  
/COM,ANSYS RELEASE 2020 R2           BUILD 20.2      UP20200601       19:24:24
/BATCH  
/COM,ANSYS RELEASE 2020 R2           BUILD 20.2      UP20200601       19:26:03
/BATCH  
/COM,ANSYS RELEASE 2020 R2           BUILD 20.2      UP20200601       19:27:22
/BATCH  
/COM,ANSYS RELEASE 2020 R2           BUILD 20.2      UP20200601       19:27:41
/BATCH  
/COM,ANSYS RELEASE 2020 R2           BUILD 20.2      UP20200601       19:28:28
/BATCH  
/COM,ANSYS RELEASE 2020 R2           BUILD 20.2      UP20200601       19:31:31
/BATCH  
/COM,ANSYS RELEASE 2020 R2           BUILD 20.2      UP20200601       19:32:04
/BATCH  
/COM,ANSYS RELEASE 2020 R2           BUILD 20.2      UP20200601       19:41:01
/BATCH  
/COM,ANSYS RELEASE 2020 R2           BUILD 20.2      UP20200601       19:48:33
/BATCH  
/COM,ANSYS RELEASE 2020 R2           BUILD 20.2      UP20200601       19:56:26
/BATCH  
/COM,ANSYS RELEASE 2020 R2           BUILD 20.2      UP20200601       20:02:58
/BATCH  
/COM,ANSYS RELEASE 2020 R2           BUILD 20.2      UP20200601       20:06:25
/BATCH  
/COM,ANSYS RELEASE 2020 R2           BUILD 20.2      UP20200601       20:06:57
/BATCH  
/COM,ANSYS RELEASE 2020 R2           BUILD 20.2      UP20200601       20:07:30
/BATCH  
/COM,ANSYS RELEASE 2020 R2           BUILD 20.2      UP20200601       20:23:18
/BATCH  
/COM,ANSYS RELEASE 2020 R2           BUILD 20.2      UP20200601       20:42:36
/BATCH  
/COM,ANSYS RELEASE 2020 R2           BUILD 20.2      UP20200601       20:44:13
/BATCH  
/COM,ANSYS RELEASE 2020 R2           BUILD 20.2      UP20200601       16:40:16
