/BATCH  
/COM,ANSYS RELEASE 2020 R2           BUILD 20.2      UP20200601       00:05:55
/TITLE,top2d
*GET,ELEMSUM,ELEMENT,0,COUNT
*GET,NODESUM,NODE,0,COUNT   
*DIM,MATERIAL,ARRAY,ELEMSUM,2   
*VREAD,MATERIAL(1,1),material,txt,,JIK,2,ELEMSUM
/DIST, 1 ,1.082226,1
/REP,FAST   
/DIST, 1 ,1.082226,1
/REP,FAST   
/DIST, 1 ,1.082226,1
/REP,FAST   
/input,top2d_rinf,txt   
/COM,ANSYS RELEASE 2020 R2           BUILD 20.2      UP20200601       00:10:11
/BATCH  
/COM,ANSYS RELEASE 2020 R2           BUILD 20.2      UP20200601       00:10:18
*VEDIT,,2   
/BATCH  
/BATCH  
/BATCH  
/COM,ANSYS RELEASE 2020 R2           BUILD 20.2      UP20200601       02:21:10
/TITLE,top2d
*GET,ELEMSUM,ELEMENT,0,COUNT
*GET,NODESUM,NODE,0,COUNT   
*DIM,MATERIAL,ARRAY,ELEMSUM,2   
*VREAD,MATERIAL(1,1),material,txt,,JIK,2,ELEMSUM
*CREATE,ansuitmp
*VREAD,MATERIAL(1,1),'material','txt',' ',JIK,2,ELEMSUM,1, ,
*END
/INPUT,ansuitmp 
!*  
*CREATE,ansuitmp
*VREAD,MATERIAL(1,1),'material','txt',' ',JIK,2,ELEMSUM,1, ,
(E16.8,E16.8)   
*END
/INPUT,ansuitmp 
!*  
*CREATE,ansuitmp
*VREAD,MATERIAL(1,1),'material','txt',' ',JIK,2,ELEMSUM,1, ,
(E16.8,E16.8)   
*END
/INPUT,ansuitmp 
!*  
*CREATE,ansuitmp
*VREAD,MATERIAL(1,1),'material','txt',' ',JIK,2,ELEMSUM,1, ,
(E14.6,E14.6)   
*END
/INPUT,ansuitmp 
!*  
*CREATE,ansuitmp
*VREAD,MATERIAL(1,1),'material','txt',' ',JIK,2,640,1, ,
(E14.6,E14.6)   
*END
/INPUT,ansuitmp 
!*  
*CREATE,ansuitmp
*VREAD,MATERIAL,'material','txt',' ',JIK,2,640,1, , 
(E14.6,E14.6)   
*END
/INPUT,ansuitmp 
!*  
FINISH  
! /EXIT,NOSAV   
/BATCH  
/COM,ANSYS RELEASE 2020 R2           BUILD 20.2      UP20200601       02:41:57
/TITLE,top2d
*GET,ELEMSUM,ELEMENT,0,COUNT
*GET,NODESUM,NODE,0,COUNT   
*DIM,MATERIAL,ARRAY,ELEMSUM,2   
*CREATE,ansuitmp
*VREAD,MATERIAL(1,1),'material','txt',' ',JIK,2,ELEMSUM,1, ,
(F11.7,F11.7)   
*END
/INPUT,ansuitmp 
!*  
/PREP7  
*DO,i,1,ELEMSUM 
MP,EX,i,MATERIAL(i,2)   
MP,PRXY,i,MATERIAL(i,1) 
*ENDDO  
*DO,i,1,ELEMSUM 
FLST,2,1,2,ORDE,1   
FITEM,2,i   
EMODIF,P51X,MAT,i,  
*ENDDO  
FINISH  
/SOL
ANTYPE,0
/STATUS,SOLU
SOLVE   
FINISH  
/POST1  
ETABLE,strain_e,SENE,   
*VGET,strain_e,ELEM,1,ETAB,STRAIN_E, , ,2   
*CFOPEN,strain_energy,txt   
*VWRITE,strain_e(1,1)   
! (E15.7)   
*CFCLOS 
*DIM,NODAL_SOLUTION_STRESS,ARRAY,NODESUM,1  
*VGET,NODAL_SOLUTION_STRESS(1,1),NODE,1,S,EQV   
*CFOPEN,nodal_solution_stress,txt   
*VWRITE,SEQU,NODAL_SOLUTION_STRESS(1,1) 
! %10I    %15.7E
*CFCLOS 
*DIM,NODAL_SOLUTION_STRAIN,ARRAY,NODESUM,1  
*VGET,NODAL_SOLUTION_STRAIN(1,1),NODE,1,EPTO,INT
*CFOPEN,nodal_solution_strain,txt   
*VWRITE,SEQU,NODAL_SOLUTION_STRAIN(1,1) 
! %10I    %15.7E
*CFCLOS 
FINISH  
/POST26 
FILE,'top2d','rst','.'  
/UI,COLL,1  
NUMVAR,200  
SOLU,191,NCMIT  
STORE,MERGE 
FILLDATA,191,,,,1,1 
REALVAR,191,191 
FINISH  
/POST1  
FINISH  
/SOL
FINISH  
/POST1  
ETABLE,strain_e,SENE,   
*VGET,strain_e,ELEM,1,ETAB,STRAIN_E, , ,2   
*CFOPEN,strain_energy,txt   
*VWRITE,strain_e(1,1)   
*VWRITE,strain_e(1,1)   
FINISH  
! /EXIT,NOSAV   
/BATCH  
/COM,ANSYS RELEASE 2020 R2           BUILD 20.2      UP20200601       10:31:05
/TITLE,top2d
*GET,ELEMSUM,ELEMENT,0,COUNT
*GET,NODESUM,NODE,0,COUNT   
*DIM,MATERIAL,ARRAY,ELEMSUM,2   
*CREATE,ansuitmp
*VREAD,MATERIAL(1,1),'material','txt',' ',JIK,2,ELEMSUM,1, ,
(E14.7,E15.7)   
*END
/INPUT,ansuitmp 
!*  
/PREP7  
*DO,i,1,ELEMSUM 
MP,EX,i,MATERIAL(i,2)   
MP,PRXY,i,MATERIAL(i,1) 
*ENDDO  
mplist  
*DO,i,1,ELEMSUM 
FLST,2,1,2,ORDE,1   
FITEM,2,i   
EMODIF,P51X,MAT,i,  
*ENDDO  
EMODIF,1,ALL
/BATCH  
/COM,ANSYS RELEASE 2020 R2           BUILD 20.2      UP20200601       10:49:54
/TITLE,top2d
*GET,ELEMSUM,ELEMENT,0,COUNT
*GET,NODESUM,NODE,0,COUNT   
*DIM,MATERIAL,ARRAY,ELEMSUM,2   
*CREATE,ansuitmp
*VREAD,MATERIAL(1,1),'material','txt',' ',JIK,2,ELEMSUM,1, ,
*END
/INPUT,ansuitmp 
!*  
*CREATE,ansuitmp
*VREAD,MATERIAL(1,1),'material','txt',' ',JIK,2,ELEMSUM,1, ,
(F15.7,F15.7)   
*END
/INPUT,ansuitmp 
!*  
*CREATE,ansuitmp
*CFOPEN,'testout','txt',' ' 
*VWRITE,MATERIAL(1,1),MATERIAL(1,2), , , , , , , ,  
()  
*CFCLOS 
*END
/INPUT,ansuitmp 
!*  
*CFOPEN,testout,txt 
*VWRITE,MATERIAL(1,1),MATERIAL(1,2) 
*VWRITE,MATERIAL(1,1),MATERIAL(1,2) 
! (F15.7,F15.7) 
*CREATE,ansuitmp
*CFOPEN,'testout','txt',' ' 
*VWRITE,MATERIAL(1,1),MATERIAL(1,2), , , , , , , ,  
()  
*CFCLOS 
*END
/INPUT,ansuitmp 
!*  
*CREATE,ansuitmp
*CFOPEN,'testout','txt',' ' 
*VWRITE,MATERIAL(1,1),MATERIAL(1,2),(F15.7,F15.7),*CFCLOS, , , , , ,
()  
*CFCLOS 
*END
/INPUT,ansuitmp 
!*  
*CREATE,ansuitmp
*CFOPEN,'testout','txt',' ' 
*VWRITE,MATERIAL(1,1),MATERIAL(1,2),(F15.7,F15.7), , , , , , ,  
()  
*CFCLOS 
*END
/INPUT,ansuitmp 
!*  
*CREATE,ansuitmp
*CFOPEN,'testout','txt',' ' 
*VWRITE,MATERIAL(1,1),MATERIAL(1,2),(E15.7,'    ',E15.7), , , , , , ,   
()  
*CFCLOS 
*END
/INPUT,ansuitmp 
!*  
*CREATE,ansuitmp
*CFOPEN,'testout','txt',' ' 
*VWRITE,MATERIAL(1,1),MATERIAL(1,2),(E15.7,'    ',E15.7), , , , , , , , 
()  
*CFCLOS 
*END
/INPUT,ansuitmp 
!*  
*CREATE,ansuitmp
*CFOPEN,'testout','txt',' ' 
*VWRITE,MATERIAL(1,1),MATERIAL(1,2),E15.7,E15.7, , , , , ,  
()  
*CFCLOS 
*END
/INPUT,ansuitmp 
!*  
*CREATE,ansuitmp
*CFOPEN,'testout','txt',' ' 
*VWRITE,MATERIAL(1,1),F15.7, , , , , , , ,  
()  
*CFCLOS 
*END
/INPUT,ansuitmp 
!*  
*CREATE,ansuitmp
*CFOPEN,'testout','txt',' ' 
*VWRITE,MATERIAL(1,1),(F15.7), , , , , , , ,
()  
*CFCLOS 
*END
/INPUT,ansuitmp 
!*  
*CREATE,ansuitmp
*CFOPEN,'testout','txt',' ' 
*VWRITE,MATERIAL(1,1),(F10.7), , , , , , , ,
()  
*CFCLOS 
*END
/INPUT,ansuitmp 
!*  
*CREATE,ansuitmp
*CFOPEN,'testout','txt',' ' 
*VWRITE,MATERIAL(1,1),(F7.4), , , , , , , , 
()  
*CFCLOS 
*END
/INPUT,ansuitmp 
!*  
*CREATE,ansuitmp
*CFOPEN,'testout','txt',' ' 
*VWRITE,MATERIAL(1,1),%15.7F, , , , , , , , 
()  
*CFCLOS 
*END
/INPUT,ansuitmp 
!*  
*CREATE,ansuitmp
*CFOPEN,'testout','txt',' ' 
*VWRITE,MATERIAL(1,1),MATERIAL(1,2),%15.7E,%15.7E, , , , , ,
()  
*CFCLOS 
*END
/INPUT,ansuitmp 
!*  
*CFOPEN,testout,txt 
*VWRITE,MATERIAL(1,1),MATERIAL(1,2) 
! (F15.7,F15.7) 
*CFCLOS 
*CFCLOS 
*CFOPEN,testout,txt 
*VWRITE,MATERIAL(1,1),MATERIAL(1,2) 
*VWRITE,MATERIAL(1,1),MATERIAL(1,2) 
*VWRITE,MATERIAL(1,1),MATERIAL(1,2) 
! (F15.7,F15.7) 
*VWRITE,MATERIAL(1,1),MATERIAL(1,2),
! (F15.7,F15.7) 
*STATUS, MATERIAL   
/DIST, 1 ,0.924021,1
/REP,FAST   
/DIST, 1 ,0.924021,1
/REP,FAST   
/DIST, 1 ,0.924021,1
/REP,FAST   
/DIST, 1 ,0.924021,1
/REP,FAST   
/DIST, 1 ,1.082226,1
/REP,FAST   
/DIST, 1 ,1.082226,1
/REP,FAST   
/DIST, 1 ,1.082226,1
/REP,FAST   
/DIST, 1 ,1.082226,1
/REP,FAST   
/PREP7  
*DO,i,1,ELEMSUM 
MP,EX,i,MATERIAL(i,2)   
MP,PRXY,i,MATERIAL(i,1) 
*ENDDO  
mplist  
*DO,i,1,ELEMSUM 
FLST,2,1,2,ORDE,1   
FITEM,2,i   
EMODIF,P51X,MAT,i,  
*ENDDO  
FINISH  
/SOL
ANTYPE,0
/STATUS,SOLU
SOLVE   
FINISH  
/POST1  
ETABLE,strain_e,SENE,   
*VGET,strain_e,ELEM,1,ETAB,STRAIN_E, , ,2   
*CFOPEN,strain_energy,txt   
*VWRITE,strain_e(1,1)   
! (E15.7)   
*CFCLOS 
ETABLE,strain_e,SENE,   
*VGET,strain_e,ELEM,1,ETAB,STRAIN_E, , ,2   
ETABLE,strain_e,SENE,   
*VGET,strain_e,ELEM,1,ETAB,STRAIN_E, , ,2   
ETABLE,strain_e,SENE,   
*CFOPEN,strain_energy,txt   
*VWRITE,strain_e(1,1)   
! EMODIF
finish  
! EMODIF
! emodif,1  
/PREP7  
emodif,1
emod
/BATCH  
/COM,ANSYS RELEASE 2020 R2           BUILD 20.2      UP20200601       11:37:14
/TITLE,top2d
*GET,ELEMSUM,ELEMENT,0,COUNT
*GET,NODESUM,NODE,0,COUNT   
*DIM,MATERIAL,ARRAY,ELEMSUM,2   
*VREAD,MATERIAL(1,1),material,txt,,JIK,2,ELEMSUM
! (F15.7,F15.7) 
/REPLOT,RESIZE  
*DIM,MATERIAL,ARRAY,ELEMSUM,2   
*CREATE,ansuitmp
*VREAD,MATERIAL(1,1),'material','txt',' ',JIK,2,ELEMSUM,1, ,
*END
/INPUT,ansuitmp 
!*  
*CREATE,ansuitmp
*VREAD,MATERIAL(1,1),'material','txt',' ',JIK,2,ELEMSUM,1, ,
(F15.7,F15.7)   
*END
/INPUT,ansuitmp 
!*  
/PREP7  
*DO,i,1,ELEMSUM 
MP,EX,i,MATERIAL(i,2)   
MP,PRXY,i,MATERIAL(i,1) 
*ENDDO  
mplist  
*DO,i,1,ELEMSUM 
FLST,2,1,2,ORDE,1   
FITEM,2,i   
EMODIF,P51X,MAT,i,  
*ENDDO  
EMODIF,2
emodif,3
*DO,i,1,ELEMSUM 
FLST,2,1,2,ORDE,1   
FITEM,2,i   
EMODIF,P51X,MAT,i,  
*ENDDO  
*DO,i,4,ELEMSUM 
MP,EX,i,MATERIAL(i,2)   
MP,PRXY,i,MATERIAL(i,1) 
*ENDDO  
emodif,4
mplist,all  
*DO,i,1,ELEMSUM 
EMODIF,i,MAT,i, 
*ENDDO  
emodif,all  
emodif,300  
FINISH  
/SOL
ANTYPE,0
/STATUS,SOLU
SOLVE   
FINISH  
/POST1  
ETABLE,strain_e,SENE,   
*VGET,strain_e,ELEM,1,ETAB,STRAIN_E, , ,2   
*CFOPEN,strain_energy,txt   
*VWRITE,strain_e(1,1)   
! (E15.7)   
*CFCLOS 
finish  
exit
/BATCH  
/COM,ANSYS RELEASE 2020 R2           BUILD 20.2      UP20200601       12:09:42
/TITLE,top2d
*GET,ELEMSUM,ELEMENT,0,COUNT
*GET,NODESUM,NODE,0,COUNT   
*DIM,MATERIAL,ARRAY,ELEMSUM,2   
*CREATE,ansuitmp
*VREAD,MATERIAL(1,1),'material','txt',' ',JIK,2,ELEMSUM,1, ,
(F15.7,F15.7)   
*END
/INPUT,ansuitmp 
!*  
/PREP7  
*DO,i,1,ELEMSUM 
MP,EX,i,MATERIAL(i,2)   
MP,PRXY,i,MATERIAL(i,1) 
*ENDDO  
*DO,i,1,ELEMSUM 
EMODIF,i,MAT,i, 
*ENDDO  
!*  
ESEL,S,MAT,,1   
/REPLOT 
/DIST, 1 ,1.082226,1
/REP,FAST   
/DIST, 1 ,1.082226,1
/REP,FAST   
/DIST, 1 ,1.082226,1
/REP,FAST   
/DIST, 1 ,1.082226,1
/REP,FAST   
/DIST, 1 ,1.082226,1
/REP,FAST   
/DIST, 1 ,1.082226,1
/REP,FAST   
/DIST, 1 ,1.082226,1
/REP,FAST   
/DIST, 1 ,1.082226,1
/REP,FAST   
/DIST, 1 ,1.082226,1
/REP,FAST   
/DIST, 1 ,1.082226,1
/REP,FAST   
ESEL,S,MAT,,2   
/REPLOT 
ESEL,S,MAT,,3   
/DIST, 1 ,1.082226,1
/REP,FAST   
/DIST, 1 ,1.082226,1
/REP,FAST   
/DIST, 1 ,1.082226,1
/REP,FAST   
/DIST, 1 ,1.082226,1
/REP,FAST   
/DIST, 1 ,1.082226,1
/REP,FAST   
/DIST, 1 ,1.082226,1
/REP,FAST   
/DIST, 1 ,1.082226,1
/REP,FAST   
/DIST, 1 ,1.082226,1
/REP,FAST   
/DIST, 1 ,1.082226,1
/REP,FAST   
/DIST, 1 ,1.082226,1
/REP,FAST   
/DIST, 1 ,1.082226,1
/REP,FAST   
/DIST, 1 ,1.082226,1
/REP,FAST   
/DIST, 1 ,1.082226,1
/REP,FAST   
/DIST, 1 ,1.082226,1
/REP,FAST   
/DIST, 1 ,1.082226,1
/REP,FAST   
/DIST, 1 ,1.082226,1
/REP,FAST   
/DIST, 1 ,1.082226,1
/REP,FAST   
/DIST, 1 ,1.082226,1
/REP,FAST   
/DIST, 1 ,1.082226,1
/REP,FAST   
/DIST, 1 ,1.082226,1
/REP,FAST   
/DIST, 1 ,1.082226,1
/REP,FAST   
/DIST, 1 ,1.082226,1
/REP,FAST   
/DIST, 1 ,1.082226,1
/REP,FAST   
/DIST, 1 ,1.082226,1
/REP,FAST   
/DIST, 1 ,1.082226,1
/REP,FAST   
/DIST, 1 ,1.082226,1
/REP,FAST   
/DIST, 1 ,1.082226,1
/REP,FAST   
/DIST, 1 ,1.082226,1
/REP,FAST   
/DIST, 1 ,1.082226,1
/REP,FAST   
/DIST, 1 ,1.082226,1
/REP,FAST   
/DIST, 1 ,1.082226,1
/REP,FAST   
/DIST, 1 ,1.082226,1
/REP,FAST   
/DIST, 1 ,1.082226,1
/REP,FAST   
/DIST, 1 ,1.082226,1
/REP,FAST   
/DIST, 1 ,1.082226,1
/REP,FAST   
/DIST, 1 ,1.082226,1
/REP,FAST   
/DIST, 1 ,1.082226,1
/REP,FAST   
/DIST, 1 ,1.082226,1
/REP,FAST   
/DIST, 1 ,1.082226,1
/REP,FAST   
/DIST, 1 ,1.082226,1
/REP,FAST   
/DIST, 1 ,1.082226,1
/REP,FAST   
/DIST, 1 ,1.082226,1
/REP,FAST   
/DIST, 1 ,1.082226,1
/REP,FAST   
/DIST, 1 ,1.082226,1
/REP,FAST   
/DIST, 1 ,1.082226,1
/REP,FAST   
/DIST, 1 ,1.082226,1
/REP,FAST   
/DIST, 1 ,0.924021,1
/REP,FAST   
/DIST, 1 ,0.924021,1
/REP,FAST   
/DIST, 1 ,0.924021,1
/REP,FAST   
/DIST, 1 ,0.924021,1
/REP,FAST   
/DIST, 1 ,0.924021,1
/REP,FAST   
/DIST, 1 ,0.924021,1
/REP,FAST   
/DIST, 1 ,0.924021,1
/REP,FAST   
/DIST, 1 ,0.924021,1
/REP,FAST   
/DIST, 1 ,0.924021,1
/REP,FAST   
! exit  
finish  
exit
/BATCH  
/BATCH  
/COM,ANSYS RELEASE 2020 R2           BUILD 20.2      UP20200601       13:00:28
finish  
exit
/BATCH  
/COM,ANSYS RELEASE 2020 R2           BUILD 20.2      UP20200601       13:30:43
/BATCH  
/COM,ANSYS RELEASE 2020 R2           BUILD 20.2      UP20200601       13:30:47
/BATCH  
/COM,ANSYS RELEASE 2020 R2           BUILD 20.2      UP20200601       13:31:54
/BATCH  
/COM,ANSYS RELEASE 2020 R2           BUILD 20.2      UP20200601       13:31:57
/BATCH  
/COM,ANSYS RELEASE 2020 R2           BUILD 20.2      UP20200601       13:32:39
/BATCH  
/COM,ANSYS RELEASE 2020 R2           BUILD 20.2      UP20200601       13:32:41
/BATCH  
/COM,ANSYS RELEASE 2020 R2           BUILD 20.2      UP20200601       13:33:21
/BATCH  
/COM,ANSYS RELEASE 2020 R2           BUILD 20.2      UP20200601       13:34:00
/BATCH  
/COM,ANSYS RELEASE 2020 R2           BUILD 20.2      UP20200601       13:34:03
/BATCH  
/COM,ANSYS RELEASE 2020 R2           BUILD 20.2      UP20200601       13:34:05
/BATCH  
/COM,ANSYS RELEASE 2020 R2           BUILD 20.2      UP20200601       13:34:07
/BATCH  
/COM,ANSYS RELEASE 2020 R2           BUILD 20.2      UP20200601       13:34:10
/BATCH  
/COM,ANSYS RELEASE 2020 R2           BUILD 20.2      UP20200601       13:34:12
/BATCH  
/COM,ANSYS RELEASE 2020 R2           BUILD 20.2      UP20200601       13:34:14
/BATCH  
/COM,ANSYS RELEASE 2020 R2           BUILD 20.2      UP20200601       13:34:17
/BATCH  
/COM,ANSYS RELEASE 2020 R2           BUILD 20.2      UP20200601       13:34:19
/BATCH  
/COM,ANSYS RELEASE 2020 R2           BUILD 20.2      UP20200601       13:34:21
/BATCH  
/COM,ANSYS RELEASE 2020 R2           BUILD 20.2      UP20200601       13:34:24
/BATCH  
/COM,ANSYS RELEASE 2020 R2           BUILD 20.2      UP20200601       13:34:26
/BATCH  
/COM,ANSYS RELEASE 2020 R2           BUILD 20.2      UP20200601       13:34:28
/BATCH  
/COM,ANSYS RELEASE 2020 R2           BUILD 20.2      UP20200601       13:34:31
/BATCH  
/COM,ANSYS RELEASE 2020 R2           BUILD 20.2      UP20200601       13:34:33
/BATCH  
/COM,ANSYS RELEASE 2020 R2           BUILD 20.2      UP20200601       13:34:36
/BATCH  
/COM,ANSYS RELEASE 2020 R2           BUILD 20.2      UP20200601       13:34:38
/BATCH  
/COM,ANSYS RELEASE 2020 R2           BUILD 20.2      UP20200601       13:34:40
/BATCH  
/COM,ANSYS RELEASE 2020 R2           BUILD 20.2      UP20200601       13:34:43
/BATCH  
/COM,ANSYS RELEASE 2020 R2           BUILD 20.2      UP20200601       13:34:45
/BATCH  
/COM,ANSYS RELEASE 2020 R2           BUILD 20.2      UP20200601       13:34:47
/BATCH  
/COM,ANSYS RELEASE 2020 R2           BUILD 20.2      UP20200601       13:34:50
/BATCH  
/COM,ANSYS RELEASE 2020 R2           BUILD 20.2      UP20200601       13:34:52
/BATCH  
/COM,ANSYS RELEASE 2020 R2           BUILD 20.2      UP20200601       13:34:55
/BATCH  
/COM,ANSYS RELEASE 2020 R2           BUILD 20.2      UP20200601       13:34:57
/BATCH  
/COM,ANSYS RELEASE 2020 R2           BUILD 20.2      UP20200601       13:34:59
/BATCH  
/COM,ANSYS RELEASE 2020 R2           BUILD 20.2      UP20200601       13:35:02
/BATCH  
/COM,ANSYS RELEASE 2020 R2           BUILD 20.2      UP20200601       13:35:04
/BATCH  
/COM,ANSYS RELEASE 2020 R2           BUILD 20.2      UP20200601       13:35:06
/BATCH  
/COM,ANSYS RELEASE 2020 R2           BUILD 20.2      UP20200601       13:35:09
/BATCH  
/COM,ANSYS RELEASE 2020 R2           BUILD 20.2      UP20200601       13:35:11
/BATCH  
/COM,ANSYS RELEASE 2020 R2           BUILD 20.2      UP20200601       13:35:13
/BATCH  
/COM,ANSYS RELEASE 2020 R2           BUILD 20.2      UP20200601       13:35:16
/BATCH  
/COM,ANSYS RELEASE 2020 R2           BUILD 20.2      UP20200601       13:35:18
/BATCH  
/COM,ANSYS RELEASE 2020 R2           BUILD 20.2      UP20200601       13:35:20
/BATCH  
/COM,ANSYS RELEASE 2020 R2           BUILD 20.2      UP20200601       13:35:23
/BATCH  
/COM,ANSYS RELEASE 2020 R2           BUILD 20.2      UP20200601       13:35:25
/BATCH  
/COM,ANSYS RELEASE 2020 R2           BUILD 20.2      UP20200601       13:35:28
/BATCH  
/COM,ANSYS RELEASE 2020 R2           BUILD 20.2      UP20200601       13:35:30
/BATCH  
/COM,ANSYS RELEASE 2020 R2           BUILD 20.2      UP20200601       13:35:32
/BATCH  
/COM,ANSYS RELEASE 2020 R2           BUILD 20.2      UP20200601       13:35:34
/BATCH  
/COM,ANSYS RELEASE 2020 R2           BUILD 20.2      UP20200601       13:35:37
/BATCH  
/COM,ANSYS RELEASE 2020 R2           BUILD 20.2      UP20200601       13:35:39
/BATCH  
/COM,ANSYS RELEASE 2020 R2           BUILD 20.2      UP20200601       13:35:42
/BATCH  
/COM,ANSYS RELEASE 2020 R2           BUILD 20.2      UP20200601       13:35:44
/BATCH  
/COM,ANSYS RELEASE 2020 R2           BUILD 20.2      UP20200601       13:35:46
/BATCH  
/COM,ANSYS RELEASE 2020 R2           BUILD 20.2      UP20200601       13:35:48
/BATCH  
/COM,ANSYS RELEASE 2020 R2           BUILD 20.2      UP20200601       13:35:50
/BATCH  
/COM,ANSYS RELEASE 2020 R2           BUILD 20.2      UP20200601       13:35:53
/BATCH  
/COM,ANSYS RELEASE 2020 R2           BUILD 20.2      UP20200601       13:35:55
/BATCH  
/COM,ANSYS RELEASE 2020 R2           BUILD 20.2      UP20200601       13:35:58
/BATCH  
/COM,ANSYS RELEASE 2020 R2           BUILD 20.2      UP20200601       13:36:00
/BATCH  
/COM,ANSYS RELEASE 2020 R2           BUILD 20.2      UP20200601       13:36:02
/BATCH  
/COM,ANSYS RELEASE 2020 R2           BUILD 20.2      UP20200601       13:36:05
/BATCH  
/COM,ANSYS RELEASE 2020 R2           BUILD 20.2      UP20200601       13:36:07
/BATCH  
/COM,ANSYS RELEASE 2020 R2           BUILD 20.2      UP20200601       13:36:09
/BATCH  
/COM,ANSYS RELEASE 2020 R2           BUILD 20.2      UP20200601       13:36:11
/BATCH  
/COM,ANSYS RELEASE 2020 R2           BUILD 20.2      UP20200601       13:36:14
/BATCH  
/COM,ANSYS RELEASE 2020 R2           BUILD 20.2      UP20200601       13:36:16
/BATCH  
/COM,ANSYS RELEASE 2020 R2           BUILD 20.2      UP20200601       13:36:18
/BATCH  
/COM,ANSYS RELEASE 2020 R2           BUILD 20.2      UP20200601       13:36:21
/BATCH  
/COM,ANSYS RELEASE 2020 R2           BUILD 20.2      UP20200601       13:36:23
/BATCH  
/COM,ANSYS RELEASE 2020 R2           BUILD 20.2      UP20200601       13:36:24
/BATCH  
/COM,ANSYS RELEASE 2020 R2           BUILD 20.2      UP20200601       13:36:27
/BATCH  
/COM,ANSYS RELEASE 2020 R2           BUILD 20.2      UP20200601       13:36:29
/BATCH  
/COM,ANSYS RELEASE 2020 R2           BUILD 20.2      UP20200601       13:36:31
/BATCH  
/COM,ANSYS RELEASE 2020 R2           BUILD 20.2      UP20200601       13:36:33
/BATCH  
/COM,ANSYS RELEASE 2020 R2           BUILD 20.2      UP20200601       13:36:35
/BATCH  
/COM,ANSYS RELEASE 2020 R2           BUILD 20.2      UP20200601       13:36:37
/BATCH  
/COM,ANSYS RELEASE 2020 R2           BUILD 20.2      UP20200601       13:36:39
/BATCH  
/COM,ANSYS RELEASE 2020 R2           BUILD 20.2      UP20200601       13:36:42
/BATCH  
/COM,ANSYS RELEASE 2020 R2           BUILD 20.2      UP20200601       13:36:44
/BATCH  
/COM,ANSYS RELEASE 2020 R2           BUILD 20.2      UP20200601       13:36:46
/BATCH  
/COM,ANSYS RELEASE 2020 R2           BUILD 20.2      UP20200601       13:36:49
/BATCH  
/COM,ANSYS RELEASE 2020 R2           BUILD 20.2      UP20200601       13:36:51
/BATCH  
/COM,ANSYS RELEASE 2020 R2           BUILD 20.2      UP20200601       13:36:53
/BATCH  
/COM,ANSYS RELEASE 2020 R2           BUILD 20.2      UP20200601       13:36:56
/BATCH  
/COM,ANSYS RELEASE 2020 R2           BUILD 20.2      UP20200601       13:36:58
/BATCH  
/COM,ANSYS RELEASE 2020 R2           BUILD 20.2      UP20200601       13:37:00
/BATCH  
/COM,ANSYS RELEASE 2020 R2           BUILD 20.2      UP20200601       13:37:03
/BATCH  
/COM,ANSYS RELEASE 2020 R2           BUILD 20.2      UP20200601       13:37:05
/BATCH  
/COM,ANSYS RELEASE 2020 R2           BUILD 20.2      UP20200601       13:37:07
/BATCH  
/COM,ANSYS RELEASE 2020 R2           BUILD 20.2      UP20200601       13:37:10
/BATCH  
/COM,ANSYS RELEASE 2020 R2           BUILD 20.2      UP20200601       13:37:12
/BATCH  
/COM,ANSYS RELEASE 2020 R2           BUILD 20.2      UP20200601       13:37:14
/BATCH  
/COM,ANSYS RELEASE 2020 R2           BUILD 20.2      UP20200601       13:37:17
/BATCH  
/COM,ANSYS RELEASE 2020 R2           BUILD 20.2      UP20200601       13:37:19
/BATCH  
/COM,ANSYS RELEASE 2020 R2           BUILD 20.2      UP20200601       13:37:21
/BATCH  
/COM,ANSYS RELEASE 2020 R2           BUILD 20.2      UP20200601       13:37:23
/BATCH  
/COM,ANSYS RELEASE 2020 R2           BUILD 20.2      UP20200601       13:37:25
/BATCH  
/COM,ANSYS RELEASE 2020 R2           BUILD 20.2      UP20200601       13:37:27
/BATCH  
/COM,ANSYS RELEASE 2020 R2           BUILD 20.2      UP20200601       13:37:29
/BATCH  
/COM,ANSYS RELEASE 2020 R2           BUILD 20.2      UP20200601       13:37:31
/BATCH  
/COM,ANSYS RELEASE 2020 R2           BUILD 20.2      UP20200601       13:37:33
/BATCH  
/COM,ANSYS RELEASE 2020 R2           BUILD 20.2      UP20200601       13:37:35
/BATCH  
/COM,ANSYS RELEASE 2020 R2           BUILD 20.2      UP20200601       13:37:37
/BATCH  
/COM,ANSYS RELEASE 2020 R2           BUILD 20.2      UP20200601       13:37:38
/BATCH  
/COM,ANSYS RELEASE 2020 R2           BUILD 20.2      UP20200601       13:37:40
/BATCH  
/COM,ANSYS RELEASE 2020 R2           BUILD 20.2      UP20200601       13:37:42
/BATCH  
/COM,ANSYS RELEASE 2020 R2           BUILD 20.2      UP20200601       13:37:44
/BATCH  
/COM,ANSYS RELEASE 2020 R2           BUILD 20.2      UP20200601       13:37:46
/BATCH  
/COM,ANSYS RELEASE 2020 R2           BUILD 20.2      UP20200601       13:37:48
/BATCH  
/COM,ANSYS RELEASE 2020 R2           BUILD 20.2      UP20200601       13:37:50
/BATCH  
/COM,ANSYS RELEASE 2020 R2           BUILD 20.2      UP20200601       13:37:52
/BATCH  
/COM,ANSYS RELEASE 2020 R2           BUILD 20.2      UP20200601       13:37:55
/BATCH  
/COM,ANSYS RELEASE 2020 R2           BUILD 20.2      UP20200601       13:37:57
/BATCH  
/COM,ANSYS RELEASE 2020 R2           BUILD 20.2      UP20200601       13:37:59
/BATCH  
/COM,ANSYS RELEASE 2020 R2           BUILD 20.2      UP20200601       13:38:02
/BATCH  
/COM,ANSYS RELEASE 2020 R2           BUILD 20.2      UP20200601       13:38:04
/BATCH  
/COM,ANSYS RELEASE 2020 R2           BUILD 20.2      UP20200601       13:38:06
/BATCH  
/COM,ANSYS RELEASE 2020 R2           BUILD 20.2      UP20200601       13:38:09
/BATCH  
/COM,ANSYS RELEASE 2020 R2           BUILD 20.2      UP20200601       13:38:11
/BATCH  
/COM,ANSYS RELEASE 2020 R2           BUILD 20.2      UP20200601       13:38:13
/BATCH  
/COM,ANSYS RELEASE 2020 R2           BUILD 20.2      UP20200601       13:38:16
/BATCH  
/COM,ANSYS RELEASE 2020 R2           BUILD 20.2      UP20200601       13:38:18
/BATCH  
/COM,ANSYS RELEASE 2020 R2           BUILD 20.2      UP20200601       13:38:20
/BATCH  
/COM,ANSYS RELEASE 2020 R2           BUILD 20.2      UP20200601       13:38:22
/BATCH  
/COM,ANSYS RELEASE 2020 R2           BUILD 20.2      UP20200601       13:38:23
/BATCH  
/COM,ANSYS RELEASE 2020 R2           BUILD 20.2      UP20200601       13:38:25
/BATCH  
/COM,ANSYS RELEASE 2020 R2           BUILD 20.2      UP20200601       13:38:28
/BATCH  
/COM,ANSYS RELEASE 2020 R2           BUILD 20.2      UP20200601       13:38:30
/BATCH  
/COM,ANSYS RELEASE 2020 R2           BUILD 20.2      UP20200601       13:38:32
/BATCH  
/COM,ANSYS RELEASE 2020 R2           BUILD 20.2      UP20200601       13:38:35
/BATCH  
/COM,ANSYS RELEASE 2020 R2           BUILD 20.2      UP20200601       13:38:36
/BATCH  
/COM,ANSYS RELEASE 2020 R2           BUILD 20.2      UP20200601       13:38:39
/BATCH  
/COM,ANSYS RELEASE 2020 R2           BUILD 20.2      UP20200601       13:38:41
/BATCH  
/COM,ANSYS RELEASE 2020 R2           BUILD 20.2      UP20200601       13:38:43
/BATCH  
/COM,ANSYS RELEASE 2020 R2           BUILD 20.2      UP20200601       13:38:45
/BATCH  
/COM,ANSYS RELEASE 2020 R2           BUILD 20.2      UP20200601       13:38:46
/BATCH  
/COM,ANSYS RELEASE 2020 R2           BUILD 20.2      UP20200601       13:38:48
/BATCH  
/COM,ANSYS RELEASE 2020 R2           BUILD 20.2      UP20200601       13:38:50
/BATCH  
/COM,ANSYS RELEASE 2020 R2           BUILD 20.2      UP20200601       13:38:53
/BATCH  
/COM,ANSYS RELEASE 2020 R2           BUILD 20.2      UP20200601       13:38:55
/BATCH  
/COM,ANSYS RELEASE 2020 R2           BUILD 20.2      UP20200601       13:38:57
/BATCH  
/COM,ANSYS RELEASE 2020 R2           BUILD 20.2      UP20200601       13:38:59
/BATCH  
/COM,ANSYS RELEASE 2020 R2           BUILD 20.2      UP20200601       13:39:02
/BATCH  
/COM,ANSYS RELEASE 2020 R2           BUILD 20.2      UP20200601       13:39:04
/BATCH  
/COM,ANSYS RELEASE 2020 R2           BUILD 20.2      UP20200601       13:39:07
/BATCH  
/COM,ANSYS RELEASE 2020 R2           BUILD 20.2      UP20200601       13:39:09
/BATCH  
/COM,ANSYS RELEASE 2020 R2           BUILD 20.2      UP20200601       13:39:11
/BATCH  
/COM,ANSYS RELEASE 2020 R2           BUILD 20.2      UP20200601       13:39:14
/BATCH  
/COM,ANSYS RELEASE 2020 R2           BUILD 20.2      UP20200601       13:39:16
/BATCH  
/COM,ANSYS RELEASE 2020 R2           BUILD 20.2      UP20200601       13:39:18
/BATCH  
/COM,ANSYS RELEASE 2020 R2           BUILD 20.2      UP20200601       13:39:20
/BATCH  
/COM,ANSYS RELEASE 2020 R2           BUILD 20.2      UP20200601       13:39:23
/BATCH  
/COM,ANSYS RELEASE 2020 R2           BUILD 20.2      UP20200601       13:39:25
/BATCH  
/COM,ANSYS RELEASE 2020 R2           BUILD 20.2      UP20200601       13:39:27
/BATCH  
/COM,ANSYS RELEASE 2020 R2           BUILD 20.2      UP20200601       13:39:29
/BATCH  
/COM,ANSYS RELEASE 2020 R2           BUILD 20.2      UP20200601       13:39:31
/BATCH  
/COM,ANSYS RELEASE 2020 R2           BUILD 20.2      UP20200601       13:39:33
/BATCH  
/COM,ANSYS RELEASE 2020 R2           BUILD 20.2      UP20200601       13:39:35
/BATCH  
/COM,ANSYS RELEASE 2020 R2           BUILD 20.2      UP20200601       13:39:38
/BATCH  
/COM,ANSYS RELEASE 2020 R2           BUILD 20.2      UP20200601       13:39:39
/BATCH  
/COM,ANSYS RELEASE 2020 R2           BUILD 20.2      UP20200601       13:39:41
/BATCH  
/COM,ANSYS RELEASE 2020 R2           BUILD 20.2      UP20200601       13:39:43
/BATCH  
/COM,ANSYS RELEASE 2020 R2           BUILD 20.2      UP20200601       13:39:45
/BATCH  
/COM,ANSYS RELEASE 2020 R2           BUILD 20.2      UP20200601       13:39:48
/BATCH  
/COM,ANSYS RELEASE 2020 R2           BUILD 20.2      UP20200601       13:39:50
/BATCH  
/COM,ANSYS RELEASE 2020 R2           BUILD 20.2      UP20200601       13:39:52
/BATCH  
/COM,ANSYS RELEASE 2020 R2           BUILD 20.2      UP20200601       13:39:54
/BATCH  
/COM,ANSYS RELEASE 2020 R2           BUILD 20.2      UP20200601       13:39:56
/BATCH  
/COM,ANSYS RELEASE 2020 R2           BUILD 20.2      UP20200601       13:39:58
/BATCH  
/COM,ANSYS RELEASE 2020 R2           BUILD 20.2      UP20200601       13:40:00
/BATCH  
/COM,ANSYS RELEASE 2020 R2           BUILD 20.2      UP20200601       13:40:02
/BATCH  
/COM,ANSYS RELEASE 2020 R2           BUILD 20.2      UP20200601       13:40:05
/BATCH  
/COM,ANSYS RELEASE 2020 R2           BUILD 20.2      UP20200601       13:40:07
/BATCH  
/COM,ANSYS RELEASE 2020 R2           BUILD 20.2      UP20200601       13:40:10
/BATCH  
/COM,ANSYS RELEASE 2020 R2           BUILD 20.2      UP20200601       13:40:12
/BATCH  
/COM,ANSYS RELEASE 2020 R2           BUILD 20.2      UP20200601       13:40:14
/BATCH  
/COM,ANSYS RELEASE 2020 R2           BUILD 20.2      UP20200601       13:40:16
/BATCH  
/COM,ANSYS RELEASE 2020 R2           BUILD 20.2      UP20200601       13:40:19
/BATCH  
/COM,ANSYS RELEASE 2020 R2           BUILD 20.2      UP20200601       13:40:21
/BATCH  
/COM,ANSYS RELEASE 2020 R2           BUILD 20.2      UP20200601       13:40:23
/BATCH  
/COM,ANSYS RELEASE 2020 R2           BUILD 20.2      UP20200601       13:40:26
/BATCH  
/COM,ANSYS RELEASE 2020 R2           BUILD 20.2      UP20200601       13:40:28
/BATCH  
/COM,ANSYS RELEASE 2020 R2           BUILD 20.2      UP20200601       13:40:30
/BATCH  
/COM,ANSYS RELEASE 2020 R2           BUILD 20.2      UP20200601       13:40:33
/BATCH  
/COM,ANSYS RELEASE 2020 R2           BUILD 20.2      UP20200601       13:40:35
/BATCH  
/COM,ANSYS RELEASE 2020 R2           BUILD 20.2      UP20200601       13:40:38
/BATCH  
/COM,ANSYS RELEASE 2020 R2           BUILD 20.2      UP20200601       13:40:40
/BATCH  
/COM,ANSYS RELEASE 2020 R2           BUILD 20.2      UP20200601       13:40:42
/BATCH  
/COM,ANSYS RELEASE 2020 R2           BUILD 20.2      UP20200601       13:40:45
/BATCH  
/COM,ANSYS RELEASE 2020 R2           BUILD 20.2      UP20200601       13:40:47
/BATCH  
/COM,ANSYS RELEASE 2020 R2           BUILD 20.2      UP20200601       13:40:49
/BATCH  
/COM,ANSYS RELEASE 2020 R2           BUILD 20.2      UP20200601       13:40:51
/BATCH  
/COM,ANSYS RELEASE 2020 R2           BUILD 20.2      UP20200601       13:40:54
/BATCH  
/COM,ANSYS RELEASE 2020 R2           BUILD 20.2      UP20200601       13:40:56
/BATCH  
/COM,ANSYS RELEASE 2020 R2           BUILD 20.2      UP20200601       13:40:59
/BATCH  
/COM,ANSYS RELEASE 2020 R2           BUILD 20.2      UP20200601       13:41:01
/BATCH  
/COM,ANSYS RELEASE 2020 R2           BUILD 20.2      UP20200601       13:41:03
/BATCH  
/COM,ANSYS RELEASE 2020 R2           BUILD 20.2      UP20200601       13:41:05
/BATCH  
/COM,ANSYS RELEASE 2020 R2           BUILD 20.2      UP20200601       13:41:08
/BATCH  
/COM,ANSYS RELEASE 2020 R2           BUILD 20.2      UP20200601       13:41:10
/BATCH  
/COM,ANSYS RELEASE 2020 R2           BUILD 20.2      UP20200601       13:41:12
/BATCH  
/COM,ANSYS RELEASE 2020 R2           BUILD 20.2      UP20200601       13:41:15
/BATCH  
/COM,ANSYS RELEASE 2020 R2           BUILD 20.2      UP20200601       13:41:17
/BATCH  
/COM,ANSYS RELEASE 2020 R2           BUILD 20.2      UP20200601       13:41:20
/BATCH  
/COM,ANSYS RELEASE 2020 R2           BUILD 20.2      UP20200601       13:41:22
/BATCH  
/COM,ANSYS RELEASE 2020 R2           BUILD 20.2      UP20200601       13:41:24
/BATCH  
/COM,ANSYS RELEASE 2020 R2           BUILD 20.2      UP20200601       13:41:27
/BATCH  
/COM,ANSYS RELEASE 2020 R2           BUILD 20.2      UP20200601       13:41:29
/BATCH  
/COM,ANSYS RELEASE 2020 R2           BUILD 20.2      UP20200601       13:41:31
/BATCH  
/COM,ANSYS RELEASE 2020 R2           BUILD 20.2      UP20200601       13:41:34
/BATCH  
/COM,ANSYS RELEASE 2020 R2           BUILD 20.2      UP20200601       13:57:35
/BATCH  
/COM,ANSYS RELEASE 2020 R2           BUILD 20.2      UP20200601       13:57:37
/BATCH  
/COM,ANSYS RELEASE 2020 R2           BUILD 20.2      UP20200601       13:58:05
/BATCH  
/COM,ANSYS RELEASE 2020 R2           BUILD 20.2      UP20200601       13:58:08
/BATCH  
/COM,ANSYS RELEASE 2020 R2           BUILD 20.2      UP20200601       13:58:10
/BATCH  
/COM,ANSYS RELEASE 2020 R2           BUILD 20.2      UP20200601       13:58:12
/BATCH  
/COM,ANSYS RELEASE 2020 R2           BUILD 20.2      UP20200601       13:58:14
/BATCH  
/COM,ANSYS RELEASE 2020 R2           BUILD 20.2      UP20200601       13:58:17
/BATCH  
/COM,ANSYS RELEASE 2020 R2           BUILD 20.2      UP20200601       13:58:19
/BATCH  
/COM,ANSYS RELEASE 2020 R2           BUILD 20.2      UP20200601       13:58:21
/BATCH  
/COM,ANSYS RELEASE 2020 R2           BUILD 20.2      UP20200601       13:58:24
/BATCH  
/COM,ANSYS RELEASE 2020 R2           BUILD 20.2      UP20200601       13:58:26
/BATCH  
/COM,ANSYS RELEASE 2020 R2           BUILD 20.2      UP20200601       13:59:14
/BATCH  
/COM,ANSYS RELEASE 2020 R2           BUILD 20.2      UP20200601       13:59:16
/BATCH  
/COM,ANSYS RELEASE 2020 R2           BUILD 20.2      UP20200601       13:59:43
/BATCH  
/COM,ANSYS RELEASE 2020 R2           BUILD 20.2      UP20200601       13:59:46
/BATCH  
/COM,ANSYS RELEASE 2020 R2           BUILD 20.2      UP20200601       14:01:16
/BATCH  
/COM,ANSYS RELEASE 2020 R2           BUILD 20.2      UP20200601       14:01:18
/BATCH  
/COM,ANSYS RELEASE 2020 R2           BUILD 20.2      UP20200601       14:05:49
/BATCH  
/COM,ANSYS RELEASE 2020 R2           BUILD 20.2      UP20200601       14:05:51
/BATCH  
/COM,ANSYS RELEASE 2020 R2           BUILD 20.2      UP20200601       14:06:17
/BATCH  
/COM,ANSYS RELEASE 2020 R2           BUILD 20.2      UP20200601       14:06:19
/BATCH  
/COM,ANSYS RELEASE 2020 R2           BUILD 20.2      UP20200601       16:33:57
finish  
exit
/BATCH  
/COM,ANSYS RELEASE 2020 R2           BUILD 20.2      UP20200601       16:34:08
/BATCH  
/COM,ANSYS RELEASE 2020 R2           BUILD 20.2      UP20200601       16:34:12
/BATCH  
/COM,ANSYS RELEASE 2020 R2           BUILD 20.2      UP20200601       16:39:26
/BATCH  
/COM,ANSYS RELEASE 2020 R2           BUILD 20.2      UP20200601       16:39:30
/BATCH  
/COM,ANSYS RELEASE 2020 R2           BUILD 20.2      UP20200601       18:24:03
/BATCH  
/COM,ANSYS RELEASE 2020 R2           BUILD 20.2      UP20200601       18:24:33
/BATCH  
/COM,ANSYS RELEASE 2020 R2           BUILD 20.2      UP20200601       18:29:55
/BATCH  
/COM,ANSYS RELEASE 2020 R2           BUILD 20.2      UP20200601       18:29:59
/BATCH  
/COM,ANSYS RELEASE 2020 R2           BUILD 20.2      UP20200601       18:30:27
/BATCH  
/COM,ANSYS RELEASE 2020 R2           BUILD 20.2      UP20200601       18:30:31
/BATCH  
/COM,ANSYS RELEASE 2020 R2           BUILD 20.2      UP20200601       18:30:36
/BATCH  
/COM,ANSYS RELEASE 2020 R2           BUILD 20.2      UP20200601       18:30:40
/BATCH  
/COM,ANSYS RELEASE 2020 R2           BUILD 20.2      UP20200601       18:30:48
/BATCH  
/COM,ANSYS RELEASE 2020 R2           BUILD 20.2      UP20200601       18:30:52
/BATCH  
/COM,ANSYS RELEASE 2020 R2           BUILD 20.2      UP20200601       18:31:11
/BATCH  
/COM,ANSYS RELEASE 2020 R2           BUILD 20.2      UP20200601       18:31:14
/BATCH  
/COM,ANSYS RELEASE 2020 R2           BUILD 20.2      UP20200601       18:32:58
/BATCH  
/COM,ANSYS RELEASE 2020 R2           BUILD 20.2      UP20200601       18:33:20
/BATCH  
/COM,ANSYS RELEASE 2020 R2           BUILD 20.2      UP20200601       18:33:48
/BATCH  
/COM,ANSYS RELEASE 2020 R2           BUILD 20.2      UP20200601       18:34:09
/BATCH  
/COM,ANSYS RELEASE 2020 R2           BUILD 20.2      UP20200601       18:34:24
/BATCH  
/COM,ANSYS RELEASE 2020 R2           BUILD 20.2      UP20200601       18:34:35
/BATCH  
/COM,ANSYS RELEASE 2020 R2           BUILD 20.2      UP20200601       18:35:04
/BATCH  
/COM,ANSYS RELEASE 2020 R2           BUILD 20.2      UP20200601       18:35:30
/BATCH  
/COM,ANSYS RELEASE 2020 R2           BUILD 20.2      UP20200601       18:36:14
/BATCH  
/COM,ANSYS RELEASE 2020 R2           BUILD 20.2      UP20200601       18:36:48
/BATCH  
/COM,ANSYS RELEASE 2020 R2           BUILD 20.2      UP20200601       18:37:02
/BATCH  
/COM,ANSYS RELEASE 2020 R2           BUILD 20.2      UP20200601       18:37:08
/BATCH  
/COM,ANSYS RELEASE 2020 R2           BUILD 20.2      UP20200601       18:37:17
/BATCH  
/COM,ANSYS RELEASE 2020 R2           BUILD 20.2      UP20200601       18:37:24
/BATCH  
/COM,ANSYS RELEASE 2020 R2           BUILD 20.2      UP20200601       18:40:23
/TITLE,top2d
*GET,ELEMSUM,ELEMENT,0,COUNT
*GET,NODESUM,NODE,0,COUNT   
*DIM,MATERIAL,ARRAY,ELEMSUM,2   
*CREATE,ansuitmp
*VREAD,MATERIAL(1,1),'material','txt',' ',JIK,2,ELEMSUM,1, ,
(F11.7,F11.7)   
*END
/INPUT,ansuitmp 
!*  
/PREP7  
*DO,i,1,ELEMSUM 
MP,EX,i,MATERIAL(i,2)   
MP,PRXY,i,MATERIAL(i,1) 
*ENDDO  
mplist  
*DO,i,1,ELEMSUM 
FLST,2,1,2,ORDE,1   
FITEM,2,i   
EMODIF,P51X,MAT,i,  
*ENDDO  
ESEL,S,MAT,,1   
/REPLOT 
/DIST, 1 ,1.082226,1
/REP,FAST   
/DIST, 1 ,1.082226,1
/REP,FAST   
/DIST, 1 ,1.082226,1
/REP,FAST   
/DIST, 1 ,1.082226,1
/REP,FAST   
/DIST, 1 ,1.082226,1
/REP,FAST   
/DIST, 1 ,1.082226,1
/REP,FAST   
/DIST, 1 ,1.082226,1
/REP,FAST   
/DIST, 1 ,1.082226,1
/REP,FAST   
/DIST, 1 ,1.082226,1
/REP,FAST   
/DIST, 1 ,1.082226,1
/REP,FAST   
/DIST, 1 ,1.082226,1
/REP,FAST   
/DIST, 1 ,1.082226,1
/REP,FAST   
/DIST, 1 ,1.082226,1
/REP,FAST   
/DIST, 1 ,1.082226,1
/REP,FAST   
/DIST, 1 ,1.082226,1
/REP,FAST   
/DIST, 1 ,1.082226,1
/REP,FAST   
/DIST, 1 ,1.082226,1
/REP,FAST   
/DIST, 1 ,1.082226,1
/REP,FAST   
/DIST, 1 ,1.082226,1
/REP,FAST   
/DIST, 1 ,1.082226,1
/REP,FAST   
/DIST, 1 ,1.082226,1
/REP,FAST   
/DIST, 1 ,1.082226,1
/REP,FAST   
/DIST, 1 ,1.082226,1
/REP,FAST   
/DIST, 1 ,1.082226,1
/REP,FAST   
/DIST, 1 ,1.082226,1
/REP,FAST   
/DIST, 1 ,1.082226,1
/REP,FAST   
/DIST, 1 ,1.082226,1
/REP,FAST   
/DIST, 1 ,1.082226,1
/REP,FAST   
/DIST, 1 ,1.082226,1
/REP,FAST   
/DIST, 1 ,1.082226,1
/REP,FAST   
/DIST, 1 ,1.082226,1
/REP,FAST   
/DIST, 1 ,1.082226,1
/REP,FAST   
/DIST, 1 ,1.082226,1
/REP,FAST   
/DIST, 1 ,1.082226,1
/REP,FAST   
/DIST, 1 ,1.082226,1
/REP,FAST   
/DIST, 1 ,1.082226,1
/REP,FAST   
/DIST, 1 ,1.082226,1
/REP,FAST   
/DIST, 1 ,1.082226,1
/REP,FAST   
/DIST, 1 ,1.082226,1
/REP,FAST   
/DIST, 1 ,1.082226,1
/REP,FAST   
/DIST, 1 ,1.082226,1
/REP,FAST   
/DIST, 1 ,1.082226,1
/REP,FAST   
/DIST, 1 ,1.082226,1
/REP,FAST   
/DIST, 1 ,1.082226,1
/REP,FAST   
/DIST, 1 ,1.082226,1
/REP,FAST   
/DIST, 1 ,1.082226,1
/REP,FAST   
/DIST, 1 ,1.082226,1
/REP,FAST   
/DIST, 1 ,1.082226,1
/REP,FAST   
/DIST, 1 ,1.082226,1
/REP,FAST   
/DIST, 1 ,1.082226,1
/REP,FAST   
/DIST, 1 ,1.082226,1
/REP,FAST   
/DIST, 1 ,1.082226,1
/REP,FAST   
/DIST, 1 ,1.082226,1
/REP,FAST   
/DIST, 1 ,1.082226,1
/REP,FAST   
/REPLOT 
ESEL,S,MAT,,2   
/REPLOT 
ESEL,S,MAT,,3   
/REPLOT 
ESEL,S,MAT,,3   
NSEL,ALL
NSEL,S,M,,  
/REPLOT,RESIZE  
/REPLOT 
ESEL,ALL
/REPLOT 
/DIST, 1 ,0.924021,1
/REP,FAST   
/DIST, 1 ,0.924021,1
/REP,FAST   
/DIST, 1 ,0.924021,1
/REP,FAST   
/DIST, 1 ,0.924021,1
/REP,FAST   
FINISH  
/SOL
ANTYPE,0
/STATUS,SOLU
SOLVE   
FINISH  
! /EXIT,NOSAV   
/BATCH  
/COM,ANSYS RELEASE 2020 R2           BUILD 20.2      UP20200601       18:52:31
/BATCH  
/COM,ANSYS RELEASE 2020 R2           BUILD 20.2      UP20200601       18:52:39
/BATCH  
/COM,ANSYS RELEASE 2020 R2           BUILD 20.2      UP20200601       18:53:04
/BATCH  
/COM,ANSYS RELEASE 2020 R2           BUILD 20.2      UP20200601       18:53:09
/BATCH  
/COM,ANSYS RELEASE 2020 R2           BUILD 20.2      UP20200601       18:53:19
/BATCH  
/COM,ANSYS RELEASE 2020 R2           BUILD 20.2      UP20200601       18:53:25
/BATCH  
/COM,ANSYS RELEASE 2020 R2           BUILD 20.2      UP20200601       18:54:31
/BATCH  
/COM,ANSYS RELEASE 2020 R2           BUILD 20.2      UP20200601       18:54:35
/BATCH  
/COM,ANSYS RELEASE 2020 R2           BUILD 20.2      UP20200601       18:55:05
/BATCH  
/COM,ANSYS RELEASE 2020 R2           BUILD 20.2      UP20200601       18:55:10
/BATCH  
/COM,ANSYS RELEASE 2020 R2           BUILD 20.2      UP20200601       18:55:19
/BATCH  
/COM,ANSYS RELEASE 2020 R2           BUILD 20.2      UP20200601       18:55:28
/BATCH  
/COM,ANSYS RELEASE 2020 R2           BUILD 20.2      UP20200601       18:55:31
/BATCH  
/COM,ANSYS RELEASE 2020 R2           BUILD 20.2      UP20200601       18:55:35
/BATCH  
/COM,ANSYS RELEASE 2020 R2           BUILD 20.2      UP20200601       18:55:38
/BATCH  
/COM,ANSYS RELEASE 2020 R2           BUILD 20.2      UP20200601       18:55:42
/BATCH  
/COM,ANSYS RELEASE 2020 R2           BUILD 20.2      UP20200601       18:55:45
/BATCH  
/COM,ANSYS RELEASE 2020 R2           BUILD 20.2      UP20200601       18:55:49
/BATCH  
/COM,ANSYS RELEASE 2020 R2           BUILD 20.2      UP20200601       18:55:52
/BATCH  
/COM,ANSYS RELEASE 2020 R2           BUILD 20.2      UP20200601       18:55:56
/BATCH  
/COM,ANSYS RELEASE 2020 R2           BUILD 20.2      UP20200601       18:55:59
/BATCH  
/COM,ANSYS RELEASE 2020 R2           BUILD 20.2      UP20200601       18:56:03
/BATCH  
/COM,ANSYS RELEASE 2020 R2           BUILD 20.2      UP20200601       18:56:06
/BATCH  
/COM,ANSYS RELEASE 2020 R2           BUILD 20.2      UP20200601       18:56:10
/BATCH  
/COM,ANSYS RELEASE 2020 R2           BUILD 20.2      UP20200601       18:56:13
/BATCH  
/COM,ANSYS RELEASE 2020 R2           BUILD 20.2      UP20200601       18:56:16
/BATCH  
/COM,ANSYS RELEASE 2020 R2           BUILD 20.2      UP20200601       18:56:20
/BATCH  
/COM,ANSYS RELEASE 2020 R2           BUILD 20.2      UP20200601       18:56:24
/BATCH  
/COM,ANSYS RELEASE 2020 R2           BUILD 20.2      UP20200601       18:56:27
/BATCH  
/COM,ANSYS RELEASE 2020 R2           BUILD 20.2      UP20200601       18:56:31
/BATCH  
/COM,ANSYS RELEASE 2020 R2           BUILD 20.2      UP20200601       18:56:34
/BATCH  
/COM,ANSYS RELEASE 2020 R2           BUILD 20.2      UP20200601       18:57:32
/TITLE,top2d
*GET,ELEMSUM,ELEMENT,0,COUNT
*GET,NODESUM,NODE,0,COUNT   
*DIM,MATERIAL,ARRAY,ELEMSUM,2   
*CREATE,ansuitmp
*VREAD,MATERIAL(1,1),,'material','txt',' ',JIK,2,ELEMSUM,1, ,   
(E11.7,E11.7)   
*END
/INPUT,ansuitmp 
!*  
*CREATE,ansuitmp
*VREAD,MATERIAL(1,1),,'material','txt',' ',JIK,2,ELEMSUM,1, ,   
(E11.7,E11.7)   
*END
/INPUT,ansuitmp 
!*  
*CREATE,ansuitmp
*VREAD,MATERIAL(1,1),,'material','txt',' ',JIK,2,ELEMSUM,1, ,   
(E12.8,E12.8)   
*END
/INPUT,ansuitmp 
!*  
*CREATE,ansuitmp
*VREAD,MATERIAL(1,1),,'material','txt',' ',JIK,2,ELEMSUM,1, ,   
(F11.7,F11.7)   
*END
/INPUT,ansuitmp 
!*  
*CREATE,ansuitmp
*VREAD,MATERIAL(1,1),,'material','txt',' ',JIK,2,ELEMSUM,1, ,   
(F11.7,F11.7)   
*END
/INPUT,ansuitmp 
!*  
*CREATE,ansuitmp
*VREAD,MATERIAL(1,1),,'material','txt',' ',JIK,2,ELEMSUM,1, ,   
(E11.7,E11.7)   
*END
/INPUT,ansuitmp 
!*  
*CREATE,ansuitmp
*VREAD,MATERIAL(1,1),'material','txt',' ',JIK,2,ELEMSUM,1, ,
(E11.7,E11.7)   
*END
/INPUT,ansuitmp 
!*  
*CREATE,ansuitmp
*VREAD,MATERIAL(1,1),'material','txt',' ',JIK,2,ELEMSUM,1, ,
(E4.2,E4.2) 
*END
/INPUT,ansuitmp 
!*  
*CREATE,ansuitmp
*VREAD,MATERIAL(1,1),'material','txt',' ',JIK,2,ELEMSUM,1, ,
(E5.3,E5.3) 
*END
/INPUT,ansuitmp 
!*  
*CREATE,ansuitmp
*VREAD,MATERIAL(1,1),'material','txt',' ',JIK,2,ELEMSUM,1, ,
(E6.4,E6.4) 
*END
/INPUT,ansuitmp 
!*  
*CREATE,ansuitmp
*VREAD,MATERIAL(1,1),'material','txt',' ',JIK,2,ELEMSUM,1, ,
(E11.7,E11.7)   
*END
/INPUT,ansuitmp 
!*  
*CREATE,ansuitmp
*VREAD,MATERIAL(1,1),'material','txt',' ',JIK,2,ELEMSUM,1, ,
(E8.5,E8.5) 
*END
/INPUT,ansuitmp 
!*  
*CREATE,ansuitmp
*VREAD,MATERIAL(1,1),'material','txt',' ',JIK,2,ELEMSUM,1, ,
(E8.5,E9.6) 
*END
/INPUT,ansuitmp 
!*  
*CREATE,ansuitmp
*VREAD,MATERIAL(1,1),'material','txt',' ',JIK,2,ELEMSUM,1, ,
(E14.7,E15.7)   
*END
/INPUT,ansuitmp 
!*  
finish  
exit
/BATCH  
/COM,ANSYS RELEASE 2020 R2           BUILD 20.2      UP20200601       19:13:43
/BATCH  
/COM,ANSYS RELEASE 2020 R2           BUILD 20.2      UP20200601       19:13:51
/BATCH  
/COM,ANSYS RELEASE 2020 R2           BUILD 20.2      UP20200601       19:14:02
/BATCH  
/COM,ANSYS RELEASE 2020 R2           BUILD 20.2      UP20200601       19:14:08
/BATCH  
/COM,ANSYS RELEASE 2020 R2           BUILD 20.2      UP20200601       19:14:20
/BATCH  
/COM,ANSYS RELEASE 2020 R2           BUILD 20.2      UP20200601       19:14:23
/BATCH  
/COM,ANSYS RELEASE 2020 R2           BUILD 20.2      UP20200601       19:15:34
/BATCH  
/COM,ANSYS RELEASE 2020 R2           BUILD 20.2      UP20200601       19:15:37
/BATCH  
/COM,ANSYS RELEASE 2020 R2           BUILD 20.2      UP20200601       19:15:47
/BATCH  
/COM,ANSYS RELEASE 2020 R2           BUILD 20.2      UP20200601       19:15:51
/BATCH  
/COM,ANSYS RELEASE 2020 R2           BUILD 20.2      UP20200601       19:15:59
/BATCH  
/COM,ANSYS RELEASE 2020 R2           BUILD 20.2      UP20200601       19:16:02
/BATCH  
/COM,ANSYS RELEASE 2020 R2           BUILD 20.2      UP20200601       19:16:09
/BATCH  
/COM,ANSYS RELEASE 2020 R2           BUILD 20.2      UP20200601       19:16:13
/BATCH  
/COM,ANSYS RELEASE 2020 R2           BUILD 20.2      UP20200601       19:16:17
/BATCH  
/COM,ANSYS RELEASE 2020 R2           BUILD 20.2      UP20200601       19:16:21
/BATCH  
/COM,ANSYS RELEASE 2020 R2           BUILD 20.2      UP20200601       19:16:24
/BATCH  
/COM,ANSYS RELEASE 2020 R2           BUILD 20.2      UP20200601       19:16:28
/BATCH  
/COM,ANSYS RELEASE 2020 R2           BUILD 20.2      UP20200601       19:16:31
/BATCH  
/COM,ANSYS RELEASE 2020 R2           BUILD 20.2      UP20200601       19:16:35
/BATCH  
/COM,ANSYS RELEASE 2020 R2           BUILD 20.2      UP20200601       19:16:38
/BATCH  
/COM,ANSYS RELEASE 2020 R2           BUILD 20.2      UP20200601       19:16:41
/BATCH  
/COM,ANSYS RELEASE 2020 R2           BUILD 20.2      UP20200601       19:16:45
/BATCH  
/COM,ANSYS RELEASE 2020 R2           BUILD 20.2      UP20200601       19:16:49
/BATCH  
/COM,ANSYS RELEASE 2020 R2           BUILD 20.2      UP20200601       19:16:52
/BATCH  
/COM,ANSYS RELEASE 2020 R2           BUILD 20.2      UP20200601       19:16:56
/BATCH  
/COM,ANSYS RELEASE 2020 R2           BUILD 20.2      UP20200601       19:16:59
/BATCH  
/COM,ANSYS RELEASE 2020 R2           BUILD 20.2      UP20200601       19:17:02
/BATCH  
/COM,ANSYS RELEASE 2020 R2           BUILD 20.2      UP20200601       19:17:06
/BATCH  
/COM,ANSYS RELEASE 2020 R2           BUILD 20.2      UP20200601       19:17:09
/BATCH  
/COM,ANSYS RELEASE 2020 R2           BUILD 20.2      UP20200601       19:17:13
/BATCH  
/COM,ANSYS RELEASE 2020 R2           BUILD 20.2      UP20200601       19:17:16
/BATCH  
/COM,ANSYS RELEASE 2020 R2           BUILD 20.2      UP20200601       19:17:20
/BATCH  
/COM,ANSYS RELEASE 2020 R2           BUILD 20.2      UP20200601       19:17:23
/BATCH  
/COM,ANSYS RELEASE 2020 R2           BUILD 20.2      UP20200601       19:17:27
/BATCH  
/COM,ANSYS RELEASE 2020 R2           BUILD 20.2      UP20200601       19:17:30
/BATCH  
/COM,ANSYS RELEASE 2020 R2           BUILD 20.2      UP20200601       19:17:34
/BATCH  
/COM,ANSYS RELEASE 2020 R2           BUILD 20.2      UP20200601       19:17:37
/BATCH  
/COM,ANSYS RELEASE 2020 R2           BUILD 20.2      UP20200601       19:17:41
/BATCH  
/COM,ANSYS RELEASE 2020 R2           BUILD 20.2      UP20200601       19:17:44
/BATCH  
/COM,ANSYS RELEASE 2020 R2           BUILD 20.2      UP20200601       19:17:48
/BATCH  
/COM,ANSYS RELEASE 2020 R2           BUILD 20.2      UP20200601       19:17:51
/BATCH  
/COM,ANSYS RELEASE 2020 R2           BUILD 20.2      UP20200601       19:17:55
/BATCH  
/COM,ANSYS RELEASE 2020 R2           BUILD 20.2      UP20200601       19:17:58
/BATCH  
/COM,ANSYS RELEASE 2020 R2           BUILD 20.2      UP20200601       19:18:02
/BATCH  
/COM,ANSYS RELEASE 2020 R2           BUILD 20.2      UP20200601       19:18:05
/BATCH  
/COM,ANSYS RELEASE 2020 R2           BUILD 20.2      UP20200601       19:18:09
/BATCH  
/COM,ANSYS RELEASE 2020 R2           BUILD 20.2      UP20200601       19:18:12
/BATCH  
/COM,ANSYS RELEASE 2020 R2           BUILD 20.2      UP20200601       19:18:16
/BATCH  
/COM,ANSYS RELEASE 2020 R2           BUILD 20.2      UP20200601       19:18:19
/BATCH  
/COM,ANSYS RELEASE 2020 R2           BUILD 20.2      UP20200601       19:18:23
/BATCH  
/COM,ANSYS RELEASE 2020 R2           BUILD 20.2      UP20200601       19:18:26
/BATCH  
/COM,ANSYS RELEASE 2020 R2           BUILD 20.2      UP20200601       19:18:30
/BATCH  
/COM,ANSYS RELEASE 2020 R2           BUILD 20.2      UP20200601       19:18:33
/BATCH  
/COM,ANSYS RELEASE 2020 R2           BUILD 20.2      UP20200601       19:18:37
/BATCH  
/COM,ANSYS RELEASE 2020 R2           BUILD 20.2      UP20200601       19:18:40
/BATCH  
/COM,ANSYS RELEASE 2020 R2           BUILD 20.2      UP20200601       19:18:44
/BATCH  
/COM,ANSYS RELEASE 2020 R2           BUILD 20.2      UP20200601       19:18:47
/BATCH  
/COM,ANSYS RELEASE 2020 R2           BUILD 20.2      UP20200601       19:18:51
/BATCH  
/COM,ANSYS RELEASE 2020 R2           BUILD 20.2      UP20200601       19:18:54
/BATCH  
/COM,ANSYS RELEASE 2020 R2           BUILD 20.2      UP20200601       19:24:27
/BATCH  
/COM,ANSYS RELEASE 2020 R2           BUILD 20.2      UP20200601       19:24:30
/BATCH  
/COM,ANSYS RELEASE 2020 R2           BUILD 20.2      UP20200601       19:24:37
/BATCH  
/COM,ANSYS RELEASE 2020 R2           BUILD 20.2      UP20200601       19:24:41
/BATCH  
/COM,ANSYS RELEASE 2020 R2           BUILD 20.2      UP20200601       19:24:44
/BATCH  
/COM,ANSYS RELEASE 2020 R2           BUILD 20.2      UP20200601       19:24:48
/BATCH  
/COM,ANSYS RELEASE 2020 R2           BUILD 20.2      UP20200601       19:24:51
/BATCH  
/COM,ANSYS RELEASE 2020 R2           BUILD 20.2      UP20200601       19:24:55
/BATCH  
/COM,ANSYS RELEASE 2020 R2           BUILD 20.2      UP20200601       19:24:58
/BATCH  
/COM,ANSYS RELEASE 2020 R2           BUILD 20.2      UP20200601       19:25:02
/BATCH  
/COM,ANSYS RELEASE 2020 R2           BUILD 20.2      UP20200601       19:25:05
/BATCH  
/COM,ANSYS RELEASE 2020 R2           BUILD 20.2      UP20200601       19:25:09
/BATCH  
/COM,ANSYS RELEASE 2020 R2           BUILD 20.2      UP20200601       19:29:09
/TITLE,top2d
*GET,ELEMSUM,ELEMENT,0,COUNT
*GET,NODESUM,NODE,0,COUNT   
FINISH  
! /EXIT,NOSAV   
/BATCH  
/COM,ANSYS RELEASE 2020 R2           BUILD 20.2      UP20200601       19:41:11
/BATCH  
/COM,ANSYS RELEASE 2020 R2           BUILD 20.2      UP20200601       19:41:15
/BATCH  
/COM,ANSYS RELEASE 2020 R2           BUILD 20.2      UP20200601       19:41:28
/BATCH  
/COM,ANSYS RELEASE 2020 R2           BUILD 20.2      UP20200601       19:41:31
/BATCH  
/COM,ANSYS RELEASE 2020 R2           BUILD 20.2      UP20200601       19:41:35
/BATCH  
/COM,ANSYS RELEASE 2020 R2           BUILD 20.2      UP20200601       19:41:38
/BATCH  
/COM,ANSYS RELEASE 2020 R2           BUILD 20.2      UP20200601       19:41:42
/BATCH  
/COM,ANSYS RELEASE 2020 R2           BUILD 20.2      UP20200601       19:41:46
/BATCH  
/COM,ANSYS RELEASE 2020 R2           BUILD 20.2      UP20200601       19:41:49
/BATCH  
/COM,ANSYS RELEASE 2020 R2           BUILD 20.2      UP20200601       19:41:53
/BATCH  
/COM,ANSYS RELEASE 2020 R2           BUILD 20.2      UP20200601       19:41:57
/BATCH  
/COM,ANSYS RELEASE 2020 R2           BUILD 20.2      UP20200601       19:42:00
/BATCH  
/COM,ANSYS RELEASE 2020 R2           BUILD 20.2      UP20200601       19:42:04
/BATCH  
/COM,ANSYS RELEASE 2020 R2           BUILD 20.2      UP20200601       19:42:07
/BATCH  
/COM,ANSYS RELEASE 2020 R2           BUILD 20.2      UP20200601       19:42:11
/BATCH  
/COM,ANSYS RELEASE 2020 R2           BUILD 20.2      UP20200601       19:42:14
/BATCH  
/COM,ANSYS RELEASE 2020 R2           BUILD 20.2      UP20200601       19:42:18
/BATCH  
/COM,ANSYS RELEASE 2020 R2           BUILD 20.2      UP20200601       19:42:22
/BATCH  
/COM,ANSYS RELEASE 2020 R2           BUILD 20.2      UP20200601       19:42:25
/BATCH  
/COM,ANSYS RELEASE 2020 R2           BUILD 20.2      UP20200601       19:42:29
/BATCH  
/COM,ANSYS RELEASE 2020 R2           BUILD 20.2      UP20200601       19:42:33
/BATCH  
/COM,ANSYS RELEASE 2020 R2           BUILD 20.2      UP20200601       19:42:36
/BATCH  
/COM,ANSYS RELEASE 2020 R2           BUILD 20.2      UP20200601       19:42:40
/BATCH  
/COM,ANSYS RELEASE 2020 R2           BUILD 20.2      UP20200601       19:42:43
/BATCH  
/COM,ANSYS RELEASE 2020 R2           BUILD 20.2      UP20200601       19:42:47
/BATCH  
/COM,ANSYS RELEASE 2020 R2           BUILD 20.2      UP20200601       19:42:50
/BATCH  
/COM,ANSYS RELEASE 2020 R2           BUILD 20.2      UP20200601       19:42:54
/BATCH  
/COM,ANSYS RELEASE 2020 R2           BUILD 20.2      UP20200601       19:42:58
/BATCH  
/COM,ANSYS RELEASE 2020 R2           BUILD 20.2      UP20200601       19:43:02
/BATCH  
/COM,ANSYS RELEASE 2020 R2           BUILD 20.2      UP20200601       19:43:05
/BATCH  
/COM,ANSYS RELEASE 2020 R2           BUILD 20.2      UP20200601       19:48:57
/BATCH  
/COM,ANSYS RELEASE 2020 R2           BUILD 20.2      UP20200601       19:49:05
/BATCH  
/COM,ANSYS RELEASE 2020 R2           BUILD 20.2      UP20200601       19:56:39
/BATCH  
/COM,ANSYS RELEASE 2020 R2           BUILD 20.2      UP20200601       19:56:44
/BATCH  
/COM,ANSYS RELEASE 2020 R2           BUILD 20.2      UP20200601       20:03:14
/BATCH  
/COM,ANSYS RELEASE 2020 R2           BUILD 20.2      UP20200601       20:03:29
/BATCH  
/COM,ANSYS RELEASE 2020 R2           BUILD 20.2      UP20200601       20:07:35
/BATCH  
/COM,ANSYS RELEASE 2020 R2           BUILD 20.2      UP20200601       20:07:43
/BATCH  
/COM,ANSYS RELEASE 2020 R2           BUILD 20.2      UP20200601       20:07:55
/BATCH  
/COM,ANSYS RELEASE 2020 R2           BUILD 20.2      UP20200601       20:08:02
/BATCH  
/COM,ANSYS RELEASE 2020 R2           BUILD 20.2      UP20200601       20:08:06
/BATCH  
/COM,ANSYS RELEASE 2020 R2           BUILD 20.2      UP20200601       20:08:09
/BATCH  
/COM,ANSYS RELEASE 2020 R2           BUILD 20.2      UP20200601       20:08:12
/BATCH  
/COM,ANSYS RELEASE 2020 R2           BUILD 20.2      UP20200601       20:08:15
/BATCH  
/COM,ANSYS RELEASE 2020 R2           BUILD 20.2      UP20200601       20:08:19
/BATCH  
/COM,ANSYS RELEASE 2020 R2           BUILD 20.2      UP20200601       20:08:21
/BATCH  
/COM,ANSYS RELEASE 2020 R2           BUILD 20.2      UP20200601       20:08:24
/BATCH  
/COM,ANSYS RELEASE 2020 R2           BUILD 20.2      UP20200601       20:08:27
/BATCH  
/COM,ANSYS RELEASE 2020 R2           BUILD 20.2      UP20200601       20:08:31
/BATCH  
/COM,ANSYS RELEASE 2020 R2           BUILD 20.2      UP20200601       20:08:40
/BATCH  
/COM,ANSYS RELEASE 2020 R2           BUILD 20.2      UP20200601       20:23:32
/BATCH  
/COM,ANSYS RELEASE 2020 R2           BUILD 20.2      UP20200601       20:33:25
/BATCH  
/COM,ANSYS RELEASE 2020 R2           BUILD 20.2      UP20200601       20:42:45
/BATCH  
/COM,ANSYS RELEASE 2020 R2           BUILD 20.2      UP20200601       20:44:20
/BATCH  
/COM,ANSYS RELEASE 2020 R2           BUILD 20.2      UP20200601       20:45:01
/BATCH  
/COM,ANSYS RELEASE 2020 R2           BUILD 20.2      UP20200601       20:45:05
/BATCH  
/COM,ANSYS RELEASE 2020 R2           BUILD 20.2      UP20200601       20:45:09
/BATCH  
/COM,ANSYS RELEASE 2020 R2           BUILD 20.2      UP20200601       20:45:13
/BATCH  
/COM,ANSYS RELEASE 2020 R2           BUILD 20.2      UP20200601       20:46:00
/BATCH  
/COM,ANSYS RELEASE 2020 R2           BUILD 20.2      UP20200601       20:46:04
/BATCH  
/COM,ANSYS RELEASE 2020 R2           BUILD 20.2      UP20200601       20:46:08
/BATCH  
/COM,ANSYS RELEASE 2020 R2           BUILD 20.2      UP20200601       20:46:12
/BATCH  
/COM,ANSYS RELEASE 2020 R2           BUILD 20.2      UP20200601       20:46:16
/BATCH  
/COM,ANSYS RELEASE 2020 R2           BUILD 20.2      UP20200601       20:46:20
/BATCH  
/COM,ANSYS RELEASE 2020 R2           BUILD 20.2      UP20200601       20:46:24
/BATCH  
/COM,ANSYS RELEASE 2020 R2           BUILD 20.2      UP20200601       20:46:27
/BATCH  
/COM,ANSYS RELEASE 2020 R2           BUILD 20.2      UP20200601       20:46:31
/BATCH  
/COM,ANSYS RELEASE 2020 R2           BUILD 20.2      UP20200601       20:46:35
/BATCH  
/COM,ANSYS RELEASE 2020 R2           BUILD 20.2      UP20200601       20:46:39
/BATCH  
/COM,ANSYS RELEASE 2020 R2           BUILD 20.2      UP20200601       20:46:42
/BATCH  
/COM,ANSYS RELEASE 2020 R2           BUILD 20.2      UP20200601       20:46:45
/BATCH  
/COM,ANSYS RELEASE 2020 R2           BUILD 20.2      UP20200601       20:46:50
/BATCH  
/COM,ANSYS RELEASE 2020 R2           BUILD 20.2      UP20200601       20:46:54
/BATCH  
/COM,ANSYS RELEASE 2020 R2           BUILD 20.2      UP20200601       20:46:57
/BATCH  
/COM,ANSYS RELEASE 2020 R2           BUILD 20.2      UP20200601       20:47:00
/BATCH  
/COM,ANSYS RELEASE 2020 R2           BUILD 20.2      UP20200601       20:47:04
/BATCH  
/COM,ANSYS RELEASE 2020 R2           BUILD 20.2      UP20200601       20:47:08
/BATCH  
/COM,ANSYS RELEASE 2020 R2           BUILD 20.2      UP20200601       20:47:12
/BATCH  
/COM,ANSYS RELEASE 2020 R2           BUILD 20.2      UP20200601       20:47:16
