/BATCH  
/COM,ANSYS RELEASE 2020 R2           BUILD 20.2      UP20200601       16:11:18
/TITLE,top3d
/DIST, 1 ,1.082226,1
/REP,FAST   
/DIST, 1 ,1.082226,1
/REP,FAST   
/DIST, 1 ,1.082226,1
/REP,FAST   
/DIST, 1 ,1.082226,1
/REP,FAST   
/DIST, 1 ,1.082226,1
/REP,FAST   
/DIST, 1 ,1.082226,1
/REP,FAST   
/DIST, 1 ,1.082226,1
/REP,FAST   
/DIST, 1 ,1.082226,1
/REP,FAST   
/DIST, 1 ,1.082226,1
/REP,FAST   
/DIST, 1 ,1.082226,1
/REP,FAST   
/DIST, 1 ,1.082226,1
/REP,FAST   
/DIST, 1 ,1.082226,1
/REP,FAST   
/DIST, 1 ,1.082226,1
/REP,FAST   
/DIST, 1 ,1.082226,1
/REP,FAST   
/DIST, 1 ,1.082226,1
/REP,FAST   
/DIST, 1 ,0.924021,1
/REP,FAST   
/DIST, 1 ,0.924021,1
/REP,FAST   
/DIST, 1 ,0.924021,1
/REP,FAST   
/DIST, 1 ,1.082226,1
/REP,FAST   
/DIST, 1 ,1.082226,1
/REP,FAST   
/DIST, 1 ,1.082226,1
/REP,FAST   
/DIST, 1 ,1.082226,1
/REP,FAST   
/DIST, 1 ,0.924021,1
/REP,FAST   
/DIST, 1 ,0.924021,1
/REP,FAST   
/DIST, 1 ,0.924021,1
/REP,FAST   
/DIST, 1 ,0.924021,1
/REP,FAST   
/DIST, 1 ,1.082226,1
/REP,FAST   
ESEL,U,TYPE,,5,6
*GET,ELEMSUM,ELEMENT,0,COUNT
*GET,NODESUM,NODE,0,COUNT   
*CFOPEN,elements_nodes_counts,txt   
*VWRITE,ELEMSUM,NODESUM 
! %10I    %10I  
*CFCLOS 
*GET,ELEMSUM,ELEMENT,0,COUNT
*GET,NODESUM,NODE,0,COUNT   
*CFOPEN,elements_nodes_counts,txt   
/CWD,'D:\CodeSave\GitCode\Topology-optimization-of-structure-via-simp-methodNEW\ANSYS\results3D'
/input,top3d_minf,txt   
/COM,ANSYS RELEASE 2020 R2           BUILD 20.2      UP20200601       16:19:18
