/BATCH  
/COM,ANSYS RELEASE 2020 R2           BUILD 20.2      UP20200601       17:04:48
/TITLE,top3d
/DIST, 1 ,1.082226,1
/REP,FAST   
/DIST, 1 ,1.082226,1
/REP,FAST   
/DIST, 1 ,1.082226,1
/REP,FAST   
/DIST, 1 ,1.082226,1
/REP,FAST   
/DIST, 1 ,1.082226,1
/REP,FAST   
*GET,ELEMSUM,ELEMENT,0,COUNT
*GET,NODESUM,NODE,0,COUNT   
/STAT   
FINISH  
! /EXIT,NOSAV   
/BATCH  
/COM,ANSYS RELEASE 2020 R2           BUILD 20.2      UP20200601       17:09:30
/TITLE,top3d
*GET,ELEMSUM,ELEMENT,0,COUNT
*GET,NODESUM,NODE,0,COUNT   
/STAT   
/DIST, 1 ,1.082226,1
/REP,FAST   
/DIST, 1 ,1.082226,1
/REP,FAST   
/DIST, 1 ,0.924021,1
/REP,FAST   
/DIST, 1 ,0.924021,1
/REP,FAST   
/DIST, 1 ,0.924021,1
/REP,FAST   
/DIST, 1 ,1.082226,1
/REP,FAST   
/DIST, 1 ,1.082226,1
/REP,FAST   
/DIST, 1 ,1.082226,1
/REP,FAST   
/DIST, 1 ,1.082226,1
/REP,FAST   
/DIST, 1 ,1.082226,1
/REP,FAST   
/DIST, 1 ,1.082226,1
/REP,FAST   
/DIST, 1 ,1.082226,1
/REP,FAST   
/DIST, 1 ,1.082226,1
/REP,FAST   
/DIST, 1 ,1.082226,1
/REP,FAST   
/DIST, 1 ,1.082226,1
/REP,FAST   
/DIST, 1 ,1.082226,1
/REP,FAST   
/ZOOM,1,RECT,0.778659,-0.369074 ,0.758626635489 ,-0.068664847018
/DIST, 1 ,1.082226,1
/REP,FAST   
/DIST, 1 ,1.082226,1
/REP,FAST   
/DIST, 1 ,1.082226,1
/REP,FAST   
/DIST, 1 ,1.082226,1
/REP,FAST   
/DIST, 1 ,1.082226,1
/REP,FAST   
/DIST, 1 ,1.082226,1
/REP,FAST   
/DIST, 1 ,1.082226,1
/REP,FAST   
/DIST, 1 ,1.082226,1
/REP,FAST   
/DIST, 1 ,1.082226,1
/REP,FAST   
/DIST, 1 ,1.082226,1
/REP,FAST   
/DIST, 1 ,1.082226,1
/REP,FAST   
/DIST, 1 ,1.082226,1
/REP,FAST   
/DIST, 1 ,1.082226,1
/REP,FAST   
/DIST, 1 ,1.082226,1
/REP,FAST   
/DIST, 1 ,1.082226,1
/REP,FAST   
/DIST, 1 ,1.082226,1
/REP,FAST   
/DIST, 1 ,1.082226,1
/REP,FAST   
/DIST, 1 ,1.082226,1
/REP,FAST   
/DIST, 1 ,1.082226,1
/REP,FAST   
/DIST, 1 ,1.082226,1
/REP,FAST   
/DIST, 1 ,1.082226,1
/REP,FAST   
/DIST, 1 ,1.082226,1
/REP,FAST   
/DIST, 1 ,1.082226,1
/REP,FAST   
/DIST, 1 ,1.082226,1
/REP,FAST   
/DIST, 1 ,1.082226,1
/REP,FAST   
/DIST, 1 ,0.924021,1
/REP,FAST   
/DIST, 1 ,0.924021,1
/REP,FAST   
/DIST, 1 ,0.924021,1
/REP,FAST   
/DIST, 1 ,0.924021,1
/REP,FAST   
/DIST, 1 ,0.924021,1
/REP,FAST   
/DIST, 1 ,1.082226,1
/REP,FAST   
/DIST, 1 ,1.082226,1
/REP,FAST   
/DIST, 1 ,1.082226,1
/REP,FAST   
/DIST, 1 ,1.082226,1
/REP,FAST   
/DIST, 1 ,1.082226,1
/REP,FAST   
/DIST, 1 ,1.082226,1
/REP,FAST   
/DIST, 1 ,1.082226,1
/REP,FAST   
/DIST, 1 ,1.082226,1
/REP,FAST   
/DIST, 1 ,1.082226,1
/REP,FAST   
/DIST, 1 ,1.082226,1
/REP,FAST   
/DIST, 1 ,1.082226,1
/REP,FAST   
/DIST, 1 ,1.082226,1
/REP,FAST   
/DIST, 1 ,1.082226,1
/REP,FAST   
/DIST, 1 ,1.082226,1
/REP,FAST   
/DIST, 1 ,0.924021,1
/REP,FAST   
/DIST, 1 ,0.924021,1
/REP,FAST   
/DIST, 1 ,0.924021,1
/REP,FAST   
/DIST, 1 ,0.924021,1
/REP,FAST   
/DIST, 1 ,0.924021,1
/REP,FAST   
/DIST, 1 ,0.924021,1
/REP,FAST   
/DIST, 1 ,0.924021,1
/REP,FAST   
/DIST, 1 ,0.924021,1
/REP,FAST   
/DIST, 1 ,0.924021,1
/REP,FAST   
/DIST, 1 ,0.924021,1
/REP,FAST   
/DIST, 1 ,0.924021,1
/REP,FAST   
/DIST, 1 ,0.924021,1
/REP,FAST   
/DIST, 1 ,0.924021,1
/REP,FAST   
/DIST, 1 ,0.924021,1
/REP,FAST   
/DIST, 1 ,0.924021,1
/REP,FAST   
/DIST, 1 ,0.924021,1
/REP,FAST   
/DIST, 1 ,0.924021,1
/REP,FAST   
/DIST, 1 ,0.924021,1
/REP,FAST   
/DIST, 1 ,1.082226,1
/REP,FAST   
/DIST, 1 ,1.082226,1
/REP,FAST   
/DIST, 1 ,1.082226,1
/REP,FAST   
/DIST, 1 ,1.082226,1
/REP,FAST   
/DIST, 1 ,1.082226,1
/REP,FAST   
/DIST, 1 ,1.082226,1
/REP,FAST   
/DIST, 1 ,1.082226,1
/REP,FAST   
/DIST, 1 ,1.082226,1
/REP,FAST   
/DIST, 1 ,0.924021,1
/REP,FAST   
/DIST, 1 ,0.924021,1
/REP,FAST   
/DIST, 1 ,0.924021,1
/REP,FAST   
/DIST, 1 ,0.924021,1
/REP,FAST   
/DIST, 1 ,0.924021,1
/REP,FAST   
/DIST, 1 ,0.924021,1
/REP,FAST   
/DIST, 1 ,0.924021,1
/REP,FAST   
/DIST, 1 ,0.924021,1
/REP,FAST   
/DIST, 1 ,0.924021,1
/REP,FAST   
/DIST, 1 ,0.924021,1
/REP,FAST   
/DIST, 1 ,1.082226,1
/REP,FAST   
/DIST, 1 ,1.082226,1
/REP,FAST   
/DIST, 1 ,1.082226,1
/REP,FAST   
/DIST, 1 ,1.082226,1
/REP,FAST   
/DIST, 1 ,1.082226,1
/REP,FAST   
/DIST, 1 ,1.082226,1
/REP,FAST   
/DIST, 1 ,1.082226,1
/REP,FAST   
/DIST, 1 ,1.082226,1
/REP,FAST   
/DIST, 1 ,1.082226,1
/REP,FAST   
/DIST, 1 ,1.082226,1
/REP,FAST   
/DIST, 1 ,0.924021,1
/REP,FAST   
/DIST, 1 ,0.924021,1
/REP,FAST   
/DIST, 1 ,0.924021,1
/REP,FAST   
/DIST, 1 ,0.924021,1
/REP,FAST   
/DIST, 1 ,0.924021,1
/REP,FAST   
/DIST, 1 ,0.924021,1
/REP,FAST   
/DIST, 1 ,0.924021,1
/REP,FAST   
/DIST, 1 ,0.924021,1
/REP,FAST   
/DIST, 1 ,0.924021,1
/REP,FAST   
/DIST, 1 ,0.924021,1
/REP,FAST   
/DIST, 1 ,0.924021,1
/REP,FAST   
/DIST, 1 ,0.924021,1
/REP,FAST   
/DIST, 1 ,0.924021,1
/REP,FAST   
/DIST, 1 ,0.924021,1
/REP,FAST   
/DIST, 1 ,0.924021,1
/REP,FAST   
/DIST, 1 ,0.924021,1
/REP,FAST   
/DIST, 1 ,0.924021,1
/REP,FAST   
/DIST, 1 ,0.924021,1
/REP,FAST   
/DIST, 1 ,0.924021,1
/REP,FAST   
/DIST, 1 ,0.924021,1
/REP,FAST   
/DIST, 1 ,0.924021,1
/REP,FAST   
/DIST, 1 ,0.924021,1
/REP,FAST   
/DIST, 1 ,0.924021,1
/REP,FAST   
/DIST, 1 ,0.924021,1
/REP,FAST   
/DIST, 1 ,0.924021,1
/REP,FAST   
/DIST, 1 ,1.082226,1
/REP,FAST   
/DIST, 1 ,1.082226,1
/REP,FAST   
/DIST, 1 ,1.082226,1
/REP,FAST   
/DIST, 1 ,1.082226,1
/REP,FAST   
/DIST, 1 ,1.082226,1
/REP,FAST   
/DIST, 1 ,1.082226,1
/REP,FAST   
/DIST, 1 ,1.082226,1
/REP,FAST   
/DIST, 1 ,1.082226,1
/REP,FAST   
/DIST, 1 ,1.082226,1
/REP,FAST   
/DIST, 1 ,1.082226,1
/REP,FAST   
/DIST, 1 ,1.082226,1
/REP,FAST   
/DIST, 1 ,1.082226,1
/REP,FAST   
/DIST, 1 ,1.082226,1
/REP,FAST   
/DIST, 1 ,1.082226,1
/REP,FAST   
/DIST, 1 ,1.082226,1
/REP,FAST   
/DIST, 1 ,1.082226,1
/REP,FAST   
/DIST, 1 ,1.082226,1
/REP,FAST   
/DIST, 1 ,1.082226,1
/REP,FAST   
/DIST, 1 ,1.082226,1
/REP,FAST   
/DIST, 1 ,1.082226,1
/REP,FAST   
/DIST, 1 ,1.082226,1
/REP,FAST   
/DIST, 1 ,1.082226,1
/REP,FAST   
/DIST, 1 ,1.082226,1
/REP,FAST   
/DIST, 1 ,1.082226,1
/REP,FAST   
/DIST, 1 ,1.082226,1
/REP,FAST   
/DIST, 1 ,1.082226,1
/REP,FAST   
/DIST, 1 ,1.082226,1
/REP,FAST   
/DIST, 1 ,1.082226,1
/REP,FAST   
/DIST, 1 ,1.082226,1
/REP,FAST   
/DIST, 1 ,1.082226,1
/REP,FAST   
/DIST, 1 ,1.082226,1
/REP,FAST   
/DIST, 1 ,1.082226,1
/REP,FAST   
/DIST, 1 ,1.082226,1
/REP,FAST   
/DIST, 1 ,1.082226,1
/REP,FAST   
/DIST, 1 ,1.082226,1
/REP,FAST   
/DIST, 1 ,1.082226,1
/REP,FAST   
/DIST, 1 ,1.082226,1
/REP,FAST   
/DIST, 1 ,1.082226,1
/REP,FAST   
/DIST, 1 ,0.924021,1
/REP,FAST   
/DIST, 1 ,0.924021,1
/REP,FAST   
/DIST, 1 ,0.924021,1
/REP,FAST   
/DIST, 1 ,0.924021,1
/REP,FAST   
/DIST, 1 ,0.924021,1
/REP,FAST   
/DIST, 1 ,0.924021,1
/REP,FAST   
/DIST, 1 ,0.924021,1
/REP,FAST   
/DIST, 1 ,0.924021,1
/REP,FAST   
/DIST, 1 ,0.924021,1
/REP,FAST   
/DIST, 1 ,0.924021,1
/REP,FAST   
/DIST, 1 ,0.924021,1
/REP,FAST   
/DIST, 1 ,1.082226,1
/REP,FAST   
/DIST, 1 ,0.924021,1
/REP,FAST   
/DIST, 1 ,0.924021,1
/REP,FAST   
/DIST, 1 ,0.924021,1
/REP,FAST   
/stat   
/DIST, 1 ,1.082226,1
/REP,FAST   
/DIST, 1 ,1.082226,1
/REP,FAST   
/DIST, 1 ,1.082226,1
/REP,FAST   
/DIST, 1 ,0.924021,1
/REP,FAST   
/DIST, 1 ,0.924021,1
/REP,FAST   
/DIST, 1 ,0.924021,1
/REP,FAST   
ESEL,ALL
/REPLOT 
/REPLOT 
/DIST, 1 ,1.082226,1
/REP,FAST   
/DIST, 1 ,1.082226,1
/REP,FAST   
/DIST, 1 ,1.082226,1
/REP,FAST   
/DIST, 1 ,0.924021,1
/REP,FAST   
/DIST, 1 ,0.924021,1
/REP,FAST   
/DIST, 1 ,0.924021,1
/REP,FAST   
/DIST, 1 ,0.924021,1
/REP,FAST   
/DIST, 1 ,0.924021,1
/REP,FAST   
/DIST, 1 ,1.082226,1
/REP,FAST   
/DIST, 1 ,1.082226,1
/REP,FAST   
/DIST, 1 ,1.082226,1
/REP,FAST   
/DIST, 1 ,1.082226,1
/REP,FAST   
/DIST, 1 ,0.924021,1
/REP,FAST   
/DIST, 1 ,0.924021,1
/REP,FAST   
/DIST, 1 ,0.924021,1
/REP,FAST   
/ZOOM,1,RECT,-0.775272,0.77248 ,0.944640445944 ,-0.254632141025 
/ANG,1,-30,XS,1 
/REP,FAST   
/ANG,1,-30,XS,1 
/REP,FAST   
/ANG,1,-30,XS,1 
/REP,FAST   
/ANG,1,-30,XS,1 
/REP,FAST   
/ANG,1,-30,XS,1 
/REP,FAST   
/ANG,1,-30,XS,1 
/REP,FAST   
/ANG,1,-30,XS,1 
/REP,FAST   
/ANG,1,-30,XS,1 
/REP,FAST   
/ANG,1,-30,XS,1 
/REP,FAST   
/ANG,1,-30,XS,1 
/REP,FAST   
/ANG,1,-30,XS,1 
/REP,FAST   
/ANG,1,-30,XS,1 
/REP,FAST   
/ANG,1,-30,XS,1 
/REP,FAST   
/ANG,1,-30,XS,1 
/REP,FAST   
ESEL,S,ENAME,,1 
ESEL,S,ENAME,,1 
/REPLOT 
ESEL,ALL
ESEL,S,LIVE 
/REPLOT 
/REPLOT 
/DIST, 1 ,1.082226,1
/REP,FAST   
/DIST, 1 ,1.082226,1
/REP,FAST   
/DIST, 1 ,1.082226,1
/REP,FAST   
/DIST, 1 ,1.082226,1
/REP,FAST   
/DIST, 1 ,1.082226,1
/REP,FAST   
/DIST, 1 ,0.924021,1
/REP,FAST   
/DIST, 1 ,0.924021,1
/REP,FAST   
/DIST, 1 ,0.924021,1
/REP,FAST   
/DIST, 1 ,0.924021,1
/REP,FAST   
FINISH  
! /EXIT,NOSAV   
/BATCH  
/COM,ANSYS RELEASE 2020 R2           BUILD 20.2      UP20200601       18:03:14
/TITLE,top3d
/stat   
ESEL,ALL
ESEL,ALL
/REPLOT 
/REPLOT 
ESEL,ALL
/REPLOT 
ESEL,ALL
/REPLOT 
ESEL,NONE   
/stat   
/DIST, 1 ,1.082226,1
/REP,FAST   
/stat   
/CWD,'D:\CodeSave\GitCode\Topology-optimization-of-structure-via-simp-methodNEW\ANSYS\results3D'
RESUME,'Xuanbi3D','db','D:\CodeSave\GitCode\Topology-optimization-of-structure-via-simp-methodNEW\ANSYS\models3D',0,0   
/COM,ANSYS RELEASE 2020 R2           BUILD 20.2      UP20200601       18:06:13
/FILENAME,top3d,1   
/BATCH  
/COM,ANSYS RELEASE 2020 R2           BUILD 20.2      UP20200601       18:06:14
/TITLE,top3d
/USER,  1   
/FOC,   1,   10.0000000000    ,   7.50000000000    ,   5.00000000000
/VIEW,  1,  0.500000005588    , -0.433012695440    ,  0.750000000000
/DIST,  1,   12.9741960644  
/ANG,   1,  -16.1021144345  
/LIG,   1,0, 0.300  
/LIG,   1,1, 1.000,   0.00000000000    ,   0.00000000000    ,   0.00000000000    ,   0.00000000000  
/REPLO  
/stat   
FINISH  
! /EXIT,NOSAV   
/BATCH  
/COM,ANSYS RELEASE 2020 R2           BUILD 20.2      UP20200601       18:36:33
/TITLE,top3d
/REPLOT,RESIZE  
*GET,ELEMSUM,ELEMENT,0,COUNT
*GET,NODESUM,NODE,0,COUNT   
*DIM,MATERIAL,ARRAY,ELEMSUM,2   
*CREATE,ansuitmp
*VREAD,MATERIAL(1,1),'material','txt',' ',JIK,2,ELEMSUM,1, ,
(E14.7,E15.7)   
*END
/INPUT,ansuitmp 
!*  
/PREP7  
/REPLOT,RESIZE  
/REPLOT,RESIZE  
*DO,i,1,ELEMSUM 
MP,EX,i,MATERIAL(i,2)   
MP,PRXY,i,MATERIAL(i,1) 
*ENDDO  
mplist  
*DO,i,1,ELEMSUM 
FLST,2,1,2,ORDE,1   
FITEM,2,i   
EMODIF,P51X,MAT,i,  
*ENDDO  
ALLSEL,ALL  
FINISH  
/SOL
ANTYPE,0
EQSLV,PCG,1E-4  
/STATUS,SOLU
SOLVE   
FINISH  
/POST1  
ETABLE,strain_e,SENE,   
*VGET,strain_e,ELEM,1,ETAB,STRAIN_E, , ,2   
/CWD,'D:\CodeSave\GitCode\Topology-optimization-of-structure-via-simp-methodNEW\ANSYS\results3D'
FINISH  
! /EXIT,NOSAV   
/BATCH  
/BATCH  
/COM,ANSYS RELEASE 2020 R2           BUILD 20.2      UP20200601       18:44:55
/BATCH  
/COM,ANSYS RELEASE 2020 R2           BUILD 20.2      UP20200601       18:45:23
/BATCH  
/COM,ANSYS RELEASE 2020 R2           BUILD 20.2      UP20200601       21:54:58
/BATCH  
/COM,ANSYS RELEASE 2020 R2           BUILD 20.2      UP20200601       21:55:47
/BATCH  
/COM,ANSYS RELEASE 2020 R2           BUILD 20.2      UP20200601       21:56:52
/BATCH  
/COM,ANSYS RELEASE 2020 R2           BUILD 20.2      UP20200601       21:57:53
/BATCH  
/COM,ANSYS RELEASE 2020 R2           BUILD 20.2      UP20200601       21:58:43
/BATCH  
/COM,ANSYS RELEASE 2020 R2           BUILD 20.2      UP20200601       21:59:41
/BATCH  
/COM,ANSYS RELEASE 2020 R2           BUILD 20.2      UP20200601       22:01:35
/BATCH  
/COM,ANSYS RELEASE 2020 R2           BUILD 20.2      UP20200601       22:02:28
/BATCH  
/COM,ANSYS RELEASE 2020 R2           BUILD 20.2      UP20200601       22:02:55
/BATCH  
/COM,ANSYS RELEASE 2020 R2           BUILD 20.2      UP20200601       22:06:36
/BATCH  
/COM,ANSYS RELEASE 2020 R2           BUILD 20.2      UP20200601       22:11:15
/BATCH  
/COM,ANSYS RELEASE 2020 R2           BUILD 20.2      UP20200601       22:13:16
/BATCH  
/COM,ANSYS RELEASE 2020 R2           BUILD 20.2      UP20200601       22:14:52
/BATCH  
/COM,ANSYS RELEASE 2020 R2           BUILD 20.2      UP20200601       22:17:36
/BATCH  
/COM,ANSYS RELEASE 2020 R2           BUILD 20.2      UP20200601       22:20:00
/BATCH  
/COM,ANSYS RELEASE 2020 R2           BUILD 20.2      UP20200601       22:21:15
/BATCH  
/COM,ANSYS RELEASE 2020 R2           BUILD 20.2      UP20200601       22:22:48
/BATCH  
/COM,ANSYS RELEASE 2020 R2           BUILD 20.2      UP20200601       22:23:46
/BATCH  
/COM,ANSYS RELEASE 2020 R2           BUILD 20.2      UP20200601       22:25:46
/BATCH  
/COM,ANSYS RELEASE 2020 R2           BUILD 20.2      UP20200601       22:27:21
/BATCH  
/COM,ANSYS RELEASE 2020 R2           BUILD 20.2      UP20200601       22:27:43
/BATCH  
/COM,ANSYS RELEASE 2020 R2           BUILD 20.2      UP20200601       22:27:47
/BATCH  
/COM,ANSYS RELEASE 2020 R2           BUILD 20.2      UP20200601       22:27:51
/BATCH  
/COM,ANSYS RELEASE 2020 R2           BUILD 20.2      UP20200601       22:27:55
/BATCH  
/COM,ANSYS RELEASE 2020 R2           BUILD 20.2      UP20200601       22:27:59
/BATCH  
/COM,ANSYS RELEASE 2020 R2           BUILD 20.2      UP20200601       22:28:04
/BATCH  
/COM,ANSYS RELEASE 2020 R2           BUILD 20.2      UP20200601       22:28:08
/BATCH  
/COM,ANSYS RELEASE 2020 R2           BUILD 20.2      UP20200601       22:28:12
/BATCH  
/COM,ANSYS RELEASE 2020 R2           BUILD 20.2      UP20200601       22:28:17
/BATCH  
/COM,ANSYS RELEASE 2020 R2           BUILD 20.2      UP20200601       22:28:21
/BATCH  
/COM,ANSYS RELEASE 2020 R2           BUILD 20.2      UP20200601       22:28:26
/BATCH  
/COM,ANSYS RELEASE 2020 R2           BUILD 20.2      UP20200601       22:28:30
/BATCH  
/COM,ANSYS RELEASE 2020 R2           BUILD 20.2      UP20200601       22:28:34
/BATCH  
/COM,ANSYS RELEASE 2020 R2           BUILD 20.2      UP20200601       22:28:38
/BATCH  
/COM,ANSYS RELEASE 2020 R2           BUILD 20.2      UP20200601       22:28:42
/BATCH  
/COM,ANSYS RELEASE 2020 R2           BUILD 20.2      UP20200601       22:28:46
/BATCH  
/COM,ANSYS RELEASE 2020 R2           BUILD 20.2      UP20200601       22:28:51
/BATCH  
/COM,ANSYS RELEASE 2020 R2           BUILD 20.2      UP20200601       22:28:55
/BATCH  
/COM,ANSYS RELEASE 2020 R2           BUILD 20.2      UP20200601       22:28:59
/BATCH  
/COM,ANSYS RELEASE 2020 R2           BUILD 20.2      UP20200601       22:29:03
/BATCH  
/COM,ANSYS RELEASE 2020 R2           BUILD 20.2      UP20200601       22:31:30
/BATCH  
/COM,ANSYS RELEASE 2020 R2           BUILD 20.2      UP20200601       22:31:35
/BATCH  
/COM,ANSYS RELEASE 2020 R2           BUILD 20.2      UP20200601       22:31:39
/BATCH  
/COM,ANSYS RELEASE 2020 R2           BUILD 20.2      UP20200601       22:31:43
/BATCH  
/COM,ANSYS RELEASE 2020 R2           BUILD 20.2      UP20200601       22:31:46
/BATCH  
/COM,ANSYS RELEASE 2020 R2           BUILD 20.2      UP20200601       22:31:50
/BATCH  
/COM,ANSYS RELEASE 2020 R2           BUILD 20.2      UP20200601       22:31:54
/BATCH  
/COM,ANSYS RELEASE 2020 R2           BUILD 20.2      UP20200601       22:31:57
/BATCH  
/COM,ANSYS RELEASE 2020 R2           BUILD 20.2      UP20200601       22:32:01
/BATCH  
/COM,ANSYS RELEASE 2020 R2           BUILD 20.2      UP20200601       22:32:05
/BATCH  
/COM,ANSYS RELEASE 2020 R2           BUILD 20.2      UP20200601       22:32:08
/BATCH  
/COM,ANSYS RELEASE 2020 R2           BUILD 20.2      UP20200601       22:32:12
/BATCH  
/COM,ANSYS RELEASE 2020 R2           BUILD 20.2      UP20200601       22:32:16
/BATCH  
/COM,ANSYS RELEASE 2020 R2           BUILD 20.2      UP20200601       22:32:19
/BATCH  
/COM,ANSYS RELEASE 2020 R2           BUILD 20.2      UP20200601       22:32:23
/BATCH  
/COM,ANSYS RELEASE 2020 R2           BUILD 20.2      UP20200601       22:32:27
/BATCH  
/COM,ANSYS RELEASE 2020 R2           BUILD 20.2      UP20200601       22:32:30
/BATCH  
/COM,ANSYS RELEASE 2020 R2           BUILD 20.2      UP20200601       22:32:34
/BATCH  
/COM,ANSYS RELEASE 2020 R2           BUILD 20.2      UP20200601       22:32:38
/BATCH  
/COM,ANSYS RELEASE 2020 R2           BUILD 20.2      UP20200601       22:32:42
/BATCH  
/COM,ANSYS RELEASE 2020 R2           BUILD 20.2      UP20200601       22:34:23
/BATCH  
/COM,ANSYS RELEASE 2020 R2           BUILD 20.2      UP20200601       22:34:30
/BATCH  
/COM,ANSYS RELEASE 2020 R2           BUILD 20.2      UP20200601       22:34:34
/BATCH  
/COM,ANSYS RELEASE 2020 R2           BUILD 20.2      UP20200601       22:34:37
/BATCH  
/COM,ANSYS RELEASE 2020 R2           BUILD 20.2      UP20200601       22:34:41
/BATCH  
/COM,ANSYS RELEASE 2020 R2           BUILD 20.2      UP20200601       22:34:45
/BATCH  
/COM,ANSYS RELEASE 2020 R2           BUILD 20.2      UP20200601       22:34:48
/BATCH  
/COM,ANSYS RELEASE 2020 R2           BUILD 20.2      UP20200601       22:34:52
/BATCH  
/COM,ANSYS RELEASE 2020 R2           BUILD 20.2      UP20200601       22:34:55
/BATCH  
/COM,ANSYS RELEASE 2020 R2           BUILD 20.2      UP20200601       22:34:59
/BATCH  
/COM,ANSYS RELEASE 2020 R2           BUILD 20.2      UP20200601       22:35:03
/BATCH  
/COM,ANSYS RELEASE 2020 R2           BUILD 20.2      UP20200601       22:35:06
/BATCH  
/COM,ANSYS RELEASE 2020 R2           BUILD 20.2      UP20200601       22:35:10
/BATCH  
/COM,ANSYS RELEASE 2020 R2           BUILD 20.2      UP20200601       22:35:14
/BATCH  
/COM,ANSYS RELEASE 2020 R2           BUILD 20.2      UP20200601       22:35:17
/BATCH  
/COM,ANSYS RELEASE 2020 R2           BUILD 20.2      UP20200601       22:35:21
/BATCH  
/COM,ANSYS RELEASE 2020 R2           BUILD 20.2      UP20200601       22:35:24
/BATCH  
/COM,ANSYS RELEASE 2020 R2           BUILD 20.2      UP20200601       22:35:28
/BATCH  
/COM,ANSYS RELEASE 2020 R2           BUILD 20.2      UP20200601       22:35:32
/BATCH  
/COM,ANSYS RELEASE 2020 R2           BUILD 20.2      UP20200601       22:35:35
/BATCH  
/COM,ANSYS RELEASE 2020 R2           BUILD 20.2      UP20200601       22:35:39
/BATCH  
/COM,ANSYS RELEASE 2020 R2           BUILD 20.2      UP20200601       22:35:43
/BATCH  
/COM,ANSYS RELEASE 2020 R2           BUILD 20.2      UP20200601       22:35:46
/BATCH  
/COM,ANSYS RELEASE 2020 R2           BUILD 20.2      UP20200601       22:35:50
/BATCH  
/COM,ANSYS RELEASE 2020 R2           BUILD 20.2      UP20200601       22:35:53
/BATCH  
/COM,ANSYS RELEASE 2020 R2           BUILD 20.2      UP20200601       22:35:57
/BATCH  
/COM,ANSYS RELEASE 2020 R2           BUILD 20.2      UP20200601       22:36:00
/BATCH  
/COM,ANSYS RELEASE 2020 R2           BUILD 20.2      UP20200601       22:36:04
/BATCH  
/COM,ANSYS RELEASE 2020 R2           BUILD 20.2      UP20200601       22:36:08
/BATCH  
/COM,ANSYS RELEASE 2020 R2           BUILD 20.2      UP20200601       22:36:11
/BATCH  
/COM,ANSYS RELEASE 2020 R2           BUILD 20.2      UP20200601       22:36:15
/BATCH  
/COM,ANSYS RELEASE 2020 R2           BUILD 20.2      UP20200601       22:36:19
/BATCH  
/COM,ANSYS RELEASE 2020 R2           BUILD 20.2      UP20200601       22:36:22
/BATCH  
/COM,ANSYS RELEASE 2020 R2           BUILD 20.2      UP20200601       22:36:26
/BATCH  
/COM,ANSYS RELEASE 2020 R2           BUILD 20.2      UP20200601       22:36:29
/BATCH  
/COM,ANSYS RELEASE 2020 R2           BUILD 20.2      UP20200601       22:36:33
/BATCH  
/COM,ANSYS RELEASE 2020 R2           BUILD 20.2      UP20200601       22:36:37
/BATCH  
/COM,ANSYS RELEASE 2020 R2           BUILD 20.2      UP20200601       22:36:40
/BATCH  
/COM,ANSYS RELEASE 2020 R2           BUILD 20.2      UP20200601       22:36:44
/BATCH  
/COM,ANSYS RELEASE 2020 R2           BUILD 20.2      UP20200601       22:36:48
/BATCH  
/COM,ANSYS RELEASE 2020 R2           BUILD 20.2      UP20200601       22:36:51
/BATCH  
/COM,ANSYS RELEASE 2020 R2           BUILD 20.2      UP20200601       22:36:55
/BATCH  
/COM,ANSYS RELEASE 2020 R2           BUILD 20.2      UP20200601       22:36:59
/BATCH  
/COM,ANSYS RELEASE 2020 R2           BUILD 20.2      UP20200601       22:37:02
/BATCH  
/COM,ANSYS RELEASE 2020 R2           BUILD 20.2      UP20200601       22:37:06
/BATCH  
/COM,ANSYS RELEASE 2020 R2           BUILD 20.2      UP20200601       22:37:10
/BATCH  
/COM,ANSYS RELEASE 2020 R2           BUILD 20.2      UP20200601       22:37:13
/BATCH  
/COM,ANSYS RELEASE 2020 R2           BUILD 20.2      UP20200601       22:37:17
/BATCH  
/COM,ANSYS RELEASE 2020 R2           BUILD 20.2      UP20200601       22:37:20
/BATCH  
/COM,ANSYS RELEASE 2020 R2           BUILD 20.2      UP20200601       22:37:24
/BATCH  
/COM,ANSYS RELEASE 2020 R2           BUILD 20.2      UP20200601       22:37:28
/BATCH  
/COM,ANSYS RELEASE 2020 R2           BUILD 20.2      UP20200601       22:37:31
/BATCH  
/COM,ANSYS RELEASE 2020 R2           BUILD 20.2      UP20200601       22:37:35
/BATCH  
/COM,ANSYS RELEASE 2020 R2           BUILD 20.2      UP20200601       22:37:39
/BATCH  
/COM,ANSYS RELEASE 2020 R2           BUILD 20.2      UP20200601       22:37:43
/BATCH  
/COM,ANSYS RELEASE 2020 R2           BUILD 20.2      UP20200601       22:37:47
/BATCH  
/COM,ANSYS RELEASE 2020 R2           BUILD 20.2      UP20200601       22:37:50
/BATCH  
/COM,ANSYS RELEASE 2020 R2           BUILD 20.2      UP20200601       22:37:54
/BATCH  
/COM,ANSYS RELEASE 2020 R2           BUILD 20.2      UP20200601       22:37:58
/BATCH  
/COM,ANSYS RELEASE 2020 R2           BUILD 20.2      UP20200601       22:38:01
/BATCH  
/COM,ANSYS RELEASE 2020 R2           BUILD 20.2      UP20200601       22:38:05
/BATCH  
/COM,ANSYS RELEASE 2020 R2           BUILD 20.2      UP20200601       22:38:09
/BATCH  
/COM,ANSYS RELEASE 2020 R2           BUILD 20.2      UP20200601       22:38:13
/BATCH  
/COM,ANSYS RELEASE 2020 R2           BUILD 20.2      UP20200601       22:38:16
/BATCH  
/COM,ANSYS RELEASE 2020 R2           BUILD 20.2      UP20200601       22:38:20
/BATCH  
/COM,ANSYS RELEASE 2020 R2           BUILD 20.2      UP20200601       22:38:24
/BATCH  
/COM,ANSYS RELEASE 2020 R2           BUILD 20.2      UP20200601       22:38:28
/BATCH  
/COM,ANSYS RELEASE 2020 R2           BUILD 20.2      UP20200601       22:38:31
/BATCH  
/COM,ANSYS RELEASE 2020 R2           BUILD 20.2      UP20200601       22:38:35
/BATCH  
/COM,ANSYS RELEASE 2020 R2           BUILD 20.2      UP20200601       22:38:39
/BATCH  
/COM,ANSYS RELEASE 2020 R2           BUILD 20.2      UP20200601       22:38:43
/BATCH  
/COM,ANSYS RELEASE 2020 R2           BUILD 20.2      UP20200601       22:38:47
/BATCH  
/COM,ANSYS RELEASE 2020 R2           BUILD 20.2      UP20200601       22:38:51
/BATCH  
/COM,ANSYS RELEASE 2020 R2           BUILD 20.2      UP20200601       22:38:54
/BATCH  
/COM,ANSYS RELEASE 2020 R2           BUILD 20.2      UP20200601       22:38:58
/BATCH  
/COM,ANSYS RELEASE 2020 R2           BUILD 20.2      UP20200601       22:39:02
/BATCH  
/COM,ANSYS RELEASE 2020 R2           BUILD 20.2      UP20200601       22:39:06
/BATCH  
/COM,ANSYS RELEASE 2020 R2           BUILD 20.2      UP20200601       22:39:10
/BATCH  
/COM,ANSYS RELEASE 2020 R2           BUILD 20.2      UP20200601       22:39:13
/BATCH  
/COM,ANSYS RELEASE 2020 R2           BUILD 20.2      UP20200601       22:39:17
/BATCH  
/COM,ANSYS RELEASE 2020 R2           BUILD 20.2      UP20200601       22:39:21
/BATCH  
/COM,ANSYS RELEASE 2020 R2           BUILD 20.2      UP20200601       22:39:25
/BATCH  
/COM,ANSYS RELEASE 2020 R2           BUILD 20.2      UP20200601       22:39:28
/BATCH  
/COM,ANSYS RELEASE 2020 R2           BUILD 20.2      UP20200601       22:39:32
/BATCH  
/COM,ANSYS RELEASE 2020 R2           BUILD 20.2      UP20200601       22:39:36
/BATCH  
/COM,ANSYS RELEASE 2020 R2           BUILD 20.2      UP20200601       22:39:40
/BATCH  
/COM,ANSYS RELEASE 2020 R2           BUILD 20.2      UP20200601       22:39:43
/BATCH  
/COM,ANSYS RELEASE 2020 R2           BUILD 20.2      UP20200601       22:39:47
/BATCH  
/COM,ANSYS RELEASE 2020 R2           BUILD 20.2      UP20200601       22:39:51
/BATCH  
/COM,ANSYS RELEASE 2020 R2           BUILD 20.2      UP20200601       22:39:55
/BATCH  
/COM,ANSYS RELEASE 2020 R2           BUILD 20.2      UP20200601       22:39:59
/BATCH  
/COM,ANSYS RELEASE 2020 R2           BUILD 20.2      UP20200601       22:40:02
/BATCH  
/COM,ANSYS RELEASE 2020 R2           BUILD 20.2      UP20200601       22:40:06
/BATCH  
/COM,ANSYS RELEASE 2020 R2           BUILD 20.2      UP20200601       22:40:10
/BATCH  
/COM,ANSYS RELEASE 2020 R2           BUILD 20.2      UP20200601       22:40:13
/BATCH  
/COM,ANSYS RELEASE 2020 R2           BUILD 20.2      UP20200601       22:40:17
/BATCH  
/COM,ANSYS RELEASE 2020 R2           BUILD 20.2      UP20200601       22:40:21
/BATCH  
/COM,ANSYS RELEASE 2020 R2           BUILD 20.2      UP20200601       22:40:25
/BATCH  
/COM,ANSYS RELEASE 2020 R2           BUILD 20.2      UP20200601       22:40:29
/BATCH  
/COM,ANSYS RELEASE 2020 R2           BUILD 20.2      UP20200601       22:40:32
/BATCH  
/COM,ANSYS RELEASE 2020 R2           BUILD 20.2      UP20200601       22:40:36
/BATCH  
/COM,ANSYS RELEASE 2020 R2           BUILD 20.2      UP20200601       22:40:40
/BATCH  
/COM,ANSYS RELEASE 2020 R2           BUILD 20.2      UP20200601       22:40:44
/BATCH  
/COM,ANSYS RELEASE 2020 R2           BUILD 20.2      UP20200601       22:40:47
/BATCH  
/COM,ANSYS RELEASE 2020 R2           BUILD 20.2      UP20200601       22:40:51
/BATCH  
/COM,ANSYS RELEASE 2020 R2           BUILD 20.2      UP20200601       22:40:54
/BATCH  
/COM,ANSYS RELEASE 2020 R2           BUILD 20.2      UP20200601       22:40:58
/BATCH  
/COM,ANSYS RELEASE 2020 R2           BUILD 20.2      UP20200601       22:41:01
/BATCH  
/COM,ANSYS RELEASE 2020 R2           BUILD 20.2      UP20200601       22:41:05
/BATCH  
/COM,ANSYS RELEASE 2020 R2           BUILD 20.2      UP20200601       22:41:09
/BATCH  
/COM,ANSYS RELEASE 2020 R2           BUILD 20.2      UP20200601       22:41:13
/BATCH  
/COM,ANSYS RELEASE 2020 R2           BUILD 20.2      UP20200601       22:41:16
/BATCH  
/COM,ANSYS RELEASE 2020 R2           BUILD 20.2      UP20200601       22:41:20
/BATCH  
/COM,ANSYS RELEASE 2020 R2           BUILD 20.2      UP20200601       22:41:24
/BATCH  
/COM,ANSYS RELEASE 2020 R2           BUILD 20.2      UP20200601       22:41:27
/BATCH  
/COM,ANSYS RELEASE 2020 R2           BUILD 20.2      UP20200601       22:41:31
/BATCH  
/COM,ANSYS RELEASE 2020 R2           BUILD 20.2      UP20200601       22:41:35
/BATCH  
/COM,ANSYS RELEASE 2020 R2           BUILD 20.2      UP20200601       22:41:39
/BATCH  
/COM,ANSYS RELEASE 2020 R2           BUILD 20.2      UP20200601       22:41:42
/BATCH  
/COM,ANSYS RELEASE 2020 R2           BUILD 20.2      UP20200601       22:41:46
/BATCH  
/COM,ANSYS RELEASE 2020 R2           BUILD 20.2      UP20200601       22:41:50
/BATCH  
/COM,ANSYS RELEASE 2020 R2           BUILD 20.2      UP20200601       22:41:54
/BATCH  
/COM,ANSYS RELEASE 2020 R2           BUILD 20.2      UP20200601       22:41:57
/BATCH  
/COM,ANSYS RELEASE 2020 R2           BUILD 20.2      UP20200601       22:42:01
/BATCH  
/COM,ANSYS RELEASE 2020 R2           BUILD 20.2      UP20200601       22:42:05
/BATCH  
/COM,ANSYS RELEASE 2020 R2           BUILD 20.2      UP20200601       22:42:08
/BATCH  
/COM,ANSYS RELEASE 2020 R2           BUILD 20.2      UP20200601       22:42:12
/BATCH  
/COM,ANSYS RELEASE 2020 R2           BUILD 20.2      UP20200601       22:42:16
/BATCH  
/COM,ANSYS RELEASE 2020 R2           BUILD 20.2      UP20200601       22:42:20
/BATCH  
/COM,ANSYS RELEASE 2020 R2           BUILD 20.2      UP20200601       22:42:24
/BATCH  
/COM,ANSYS RELEASE 2020 R2           BUILD 20.2      UP20200601       22:42:27
/BATCH  
/COM,ANSYS RELEASE 2020 R2           BUILD 20.2      UP20200601       22:42:31
/BATCH  
/COM,ANSYS RELEASE 2020 R2           BUILD 20.2      UP20200601       22:42:35
/BATCH  
/COM,ANSYS RELEASE 2020 R2           BUILD 20.2      UP20200601       22:42:39
/BATCH  
/COM,ANSYS RELEASE 2020 R2           BUILD 20.2      UP20200601       22:42:42
/BATCH  
/COM,ANSYS RELEASE 2020 R2           BUILD 20.2      UP20200601       22:42:46
/BATCH  
/COM,ANSYS RELEASE 2020 R2           BUILD 20.2      UP20200601       22:42:50
/BATCH  
/COM,ANSYS RELEASE 2020 R2           BUILD 20.2      UP20200601       22:42:54
/BATCH  
/COM,ANSYS RELEASE 2020 R2           BUILD 20.2      UP20200601       22:42:57
/BATCH  
/COM,ANSYS RELEASE 2020 R2           BUILD 20.2      UP20200601       22:43:01
/BATCH  
/COM,ANSYS RELEASE 2020 R2           BUILD 20.2      UP20200601       22:43:05
/BATCH  
/COM,ANSYS RELEASE 2020 R2           BUILD 20.2      UP20200601       22:43:09
/BATCH  
/COM,ANSYS RELEASE 2020 R2           BUILD 20.2      UP20200601       22:43:12
/BATCH  
/COM,ANSYS RELEASE 2020 R2           BUILD 20.2      UP20200601       22:43:16
/BATCH  
/COM,ANSYS RELEASE 2020 R2           BUILD 20.2      UP20200601       22:43:20
/BATCH  
/COM,ANSYS RELEASE 2020 R2           BUILD 20.2      UP20200601       22:43:24
/BATCH  
/COM,ANSYS RELEASE 2020 R2           BUILD 20.2      UP20200601       22:43:27
/BATCH  
/COM,ANSYS RELEASE 2020 R2           BUILD 20.2      UP20200601       22:43:31
/BATCH  
/COM,ANSYS RELEASE 2020 R2           BUILD 20.2      UP20200601       22:43:35
/BATCH  
/COM,ANSYS RELEASE 2020 R2           BUILD 20.2      UP20200601       22:43:38
/BATCH  
/COM,ANSYS RELEASE 2020 R2           BUILD 20.2      UP20200601       22:43:42
/BATCH  
/COM,ANSYS RELEASE 2020 R2           BUILD 20.2      UP20200601       22:43:46
/BATCH  
/COM,ANSYS RELEASE 2020 R2           BUILD 20.2      UP20200601       22:43:50
/BATCH  
/COM,ANSYS RELEASE 2020 R2           BUILD 20.2      UP20200601       22:43:53
/BATCH  
/COM,ANSYS RELEASE 2020 R2           BUILD 20.2      UP20200601       22:43:57
/BATCH  
/COM,ANSYS RELEASE 2020 R2           BUILD 20.2      UP20200601       22:44:01
/BATCH  
/COM,ANSYS RELEASE 2020 R2           BUILD 20.2      UP20200601       22:44:04
/BATCH  
/COM,ANSYS RELEASE 2020 R2           BUILD 20.2      UP20200601       22:44:08
/BATCH  
/COM,ANSYS RELEASE 2020 R2           BUILD 20.2      UP20200601       22:44:12
/BATCH  
/COM,ANSYS RELEASE 2020 R2           BUILD 20.2      UP20200601       22:44:16
/BATCH  
/COM,ANSYS RELEASE 2020 R2           BUILD 20.2      UP20200601       22:44:20
/BATCH  
/COM,ANSYS RELEASE 2020 R2           BUILD 20.2      UP20200601       22:44:23
/BATCH  
/COM,ANSYS RELEASE 2020 R2           BUILD 20.2      UP20200601       22:44:27
/BATCH  
/COM,ANSYS RELEASE 2020 R2           BUILD 20.2      UP20200601       22:44:31
/BATCH  
/COM,ANSYS RELEASE 2020 R2           BUILD 20.2      UP20200601       22:44:35
/BATCH  
/COM,ANSYS RELEASE 2020 R2           BUILD 20.2      UP20200601       22:44:38
/BATCH  
/COM,ANSYS RELEASE 2020 R2           BUILD 20.2      UP20200601       22:44:42
/BATCH  
/COM,ANSYS RELEASE 2020 R2           BUILD 20.2      UP20200601       22:44:46
/BATCH  
/COM,ANSYS RELEASE 2020 R2           BUILD 20.2      UP20200601       22:44:50
/BATCH  
/COM,ANSYS RELEASE 2020 R2           BUILD 20.2      UP20200601       22:44:53
/BATCH  
/COM,ANSYS RELEASE 2020 R2           BUILD 20.2      UP20200601       22:44:56
/BATCH  
/COM,ANSYS RELEASE 2020 R2           BUILD 20.2      UP20200601       22:44:59
/BATCH  
/COM,ANSYS RELEASE 2020 R2           BUILD 20.2      UP20200601       22:45:01
/BATCH  
/COM,ANSYS RELEASE 2020 R2           BUILD 20.2      UP20200601       22:45:05
/BATCH  
/COM,ANSYS RELEASE 2020 R2           BUILD 20.2      UP20200601       22:45:08
/BATCH  
/COM,ANSYS RELEASE 2020 R2           BUILD 20.2      UP20200601       22:45:11
/BATCH  
/COM,ANSYS RELEASE 2020 R2           BUILD 20.2      UP20200601       22:45:14
/BATCH  
/COM,ANSYS RELEASE 2020 R2           BUILD 20.2      UP20200601       22:45:18
/BATCH  
/COM,ANSYS RELEASE 2020 R2           BUILD 20.2      UP20200601       22:45:20
/BATCH  
/COM,ANSYS RELEASE 2020 R2           BUILD 20.2      UP20200601       22:45:23
/BATCH  
/COM,ANSYS RELEASE 2020 R2           BUILD 20.2      UP20200601       22:45:27
/BATCH  
/COM,ANSYS RELEASE 2020 R2           BUILD 20.2      UP20200601       22:45:30
/BATCH  
/COM,ANSYS RELEASE 2020 R2           BUILD 20.2      UP20200601       22:45:33
/BATCH  
/COM,ANSYS RELEASE 2020 R2           BUILD 20.2      UP20200601       22:45:37
/BATCH  
/COM,ANSYS RELEASE 2020 R2           BUILD 20.2      UP20200601       22:45:40
/BATCH  
/COM,ANSYS RELEASE 2020 R2           BUILD 20.2      UP20200601       22:45:43
/BATCH  
/COM,ANSYS RELEASE 2020 R2           BUILD 20.2      UP20200601       22:45:45
/BATCH  
/COM,ANSYS RELEASE 2020 R2           BUILD 20.2      UP20200601       22:45:48
/BATCH  
/COM,ANSYS RELEASE 2020 R2           BUILD 20.2      UP20200601       22:45:50
/BATCH  
/COM,ANSYS RELEASE 2020 R2           BUILD 20.2      UP20200601       22:45:53
/BATCH  
/COM,ANSYS RELEASE 2020 R2           BUILD 20.2      UP20200601       22:45:55
/BATCH  
/COM,ANSYS RELEASE 2020 R2           BUILD 20.2      UP20200601       22:45:58
/BATCH  
/COM,ANSYS RELEASE 2020 R2           BUILD 20.2      UP20200601       22:46:00
/BATCH  
/COM,ANSYS RELEASE 2020 R2           BUILD 20.2      UP20200601       22:46:04
/BATCH  
/COM,ANSYS RELEASE 2020 R2           BUILD 20.2      UP20200601       22:46:07
/BATCH  
/COM,ANSYS RELEASE 2020 R2           BUILD 20.2      UP20200601       22:46:11
/BATCH  
/COM,ANSYS RELEASE 2020 R2           BUILD 20.2      UP20200601       22:46:15
/BATCH  
/COM,ANSYS RELEASE 2020 R2           BUILD 20.2      UP20200601       22:46:19
