/BATCH  
/COM,ANSYS RELEASE 2020 R2           BUILD 20.2      UP20200601       22:19:32
/input,menust,tmp,''
/COM,ANSYS RELEASE 2020 R2           BUILD 20.2      UP20200601       22:19:32
/GRA,POWER
/GST,ON
/PLO,INFO,3
/GRO,CURL,ON
/CPLANE,1   
/REPLOT,RESIZE  
WPSTYLE,,,,,,,,0
/ZOOM,1,RECT,0.40377,0.171662 ,0.140488434594 ,-0.211716611639  
/ZOOM,1,RECT,0.352258,0.523569 ,1.3967970929 ,-0.492098070295   
/ZOOM,1,RECT,-0.403244,0.626567 ,0.240649717146 ,-0.160217976375
/AUTO,1 
/REP,FAST   
/ZOOM,1,RECT,0.429525,0.0686648 ,0.309331739468 ,-0.160217976375
/ZOOM,  1,  0.0000    ,  0.0000    ,  0.0000    , 0.55000    
/ZOOM,1,RECT,0.707115,0.0228883 ,0.272128977377 ,-0.117302446989
/DIST,1,1.37174211248,1 
/REP,FAST   
/DIST,1,1.37174211248,1 
/REP,FAST   
/DIST,1,1.37174211248,1 
/REP,FAST   
/AUTO,1 
/REP,FAST   
/AUTO,1 
/REP,FAST   
/ZOOM,1,RECT,0.0775299,0.0743869 ,-0.0197696174904 ,-0.234604893978 
/ANG,1,-30,YS,1 
/REP,FAST   
/DIST,1,0.729,1 
/REP,FAST   
/ZOOM,  1,  0.0000    ,  0.0000    ,  0.0000    , 0.55000    
/AUTO,1 
/REP,FAST   
/ANG,1,-30,XS,1 
/REP,FAST   
/ANG,1,-30,XS,1 
/REP,FAST   
/ANG,1,30,XS,1  
/REP,FAST   
/ANG,1,30,XS,1  
/REP,FAST   
/ANG,1,30,XS,1  
/REP,FAST   
/ANG,1,30,XS,1  
/REP,FAST   
/ANG,1,30,XS,1  
/REP,FAST   
/ANG,1,-30,XS,1 
/REP,FAST   
/ANG,1,-30,XS,1 
/REP,FAST   
/ANG,1,-30,XS,1 
/REP,FAST   
/SOLU   
FINISH  
/PREP7  
!*  
FINISH  
! /EXIT,NOSAV   
/BATCH  
/COM,ANSYS RELEASE 2020 R2           BUILD 20.2      UP20200601       00:07:36
/input,menust,tmp,''
/COM,ANSYS RELEASE 2020 R2           BUILD 20.2      UP20200601       00:07:36
/GRA,POWER
/GST,ON
/PLO,INFO,3
/GRO,CURL,ON
/CPLANE,1   
/REPLOT,RESIZE  
WPSTYLE,,,,,,,,0
FINISH  
! /EXIT,NOSAV   
/BATCH  
/COM,ANSYS RELEASE 2020 R2           BUILD 20.2      UP20200601       00:07:51
/input,menust,tmp,''
/COM,ANSYS RELEASE 2020 R2           BUILD 20.2      UP20200601       00:07:51
/GRA,POWER
/GST,ON
/PLO,INFO,3
/GRO,CURL,ON
/CPLANE,1   
/REPLOT,RESIZE  
WPSTYLE,,,,,,,,0
FINISH  
! /EXIT,NOSAV   
